<?xml version="1.0" encoding="UTF-8"?>
<testsuites name="Multiple Address Checkout" time="382" tests="2" failures="1" errors="0">
   <testsuite name="Multiple Address Checkout" tests="2" failures="1" errors="0" time="382" timestamp="2019-06-19 18:02:26" hostname="Himangi - WD01-QAHimangi" id="Test Suites/Multiple Address Checkout">
      <properties>
         <property name="deviceName" value=""/>
         <property name="devicePlatform" value=""/>
         <property name="logFolder" value="C:\\Users\\Himangi\\git\\thethreadtheory\\Reports\\Multiple Address Checkout\\20190619_180225"/>
         <property name="logFiles" value="C:\\Users\\Himangi\\git\\thethreadtheory\\Reports\\Multiple Address Checkout\\20190619_180225\\execution0.log"/>
         <property name="attachments" value="C:\\Users\\Himangi\\git\\thethreadtheory\\Reports\\Multiple Address Checkout\\20190619_180225\\1560947733806.png, C:\\Users\\Himangi\\git\\thethreadtheory\\Reports\\Multiple Address Checkout\\20190619_180225\\1560947769392.png, C:\\Users\\Himangi\\git\\thethreadtheory\\Reports\\Multiple Address Checkout\\20190619_180225\\1560947785774.png, C:\\Users\\Himangi\\git\\thethreadtheory\\Reports\\Multiple Address Checkout\\20190619_180225\\1560947847205.png"/>
         <property name="hostName" value="Himangi - WD01-QAHimangi"/>
         <property name="os" value="Windows 10 64bit"/>
         <property name="katalonVersion" value="6.1.0.1"/>
         <property name="browser" value="Chrome 74.0.3729.169"/>
         <property name="hostAddress" value="192.168.5.123"/>
         <property name="sessionId" value="f0caf8701f69730c762372493e2710cd"/>
         <property name="seleniumVersion" value="3.7.1"/>
         <property name="proxyInformation" value="ProxyInformation{proxyOption=NO_PROXY, proxyServerType=HTTP, password=, proxyServerAddress=, proxyServerPort=0}"/>
         <property name="platform" value="Windows 10"/>
      </properties>
      <testcase name="Test Cases/Login" classname="Test Cases/Login" status="PASSED">
         <system-out><![CDATA[2019-06-19 18:02:27 - [TEST_CASE][PASSED] - Test Cases/Login: Test Cases/Login

2019-06-19 18:02:27 - [TEST_STEP][PASSED] - openBrowser(toString()): Browser is opened with url: 'Script1560161297669@5d8bafa9'

2019-06-19 18:02:27 - [MESSAGE][INFO] - Starting 'Chrome' driver

2019-06-19 18:02:27 - [MESSAGE][INFO] - Action delay is set to 0 seconds

2019-06-19 18:02:33 - [MESSAGE][PASSED] - Browser is opened with url: 'Script1560161297669@5d8bafa9'

2019-06-19 18:02:33 - [TEST_STEP][PASSED] - navigateToUrl("http://18.138.12.239/"): Navigate to 'http://18.138.12.239/' successfully

2019-06-19 18:02:48 - [MESSAGE][PASSED] - Navigate to 'http://18.138.12.239/' successfully

2019-06-19 18:02:48 - [TEST_STEP][PASSED] - maximizeWindow(): Current window maximized

2019-06-19 18:02:49 - [MESSAGE][PASSED] - Current window maximized

2019-06-19 18:02:49 - [TEST_STEP][PASSED] - delay(10): Delayed 10 second(s)

2019-06-19 18:02:59 - [MESSAGE][PASSED] - Delayed 10 second(s)

2019-06-19 18:02:59 - [TEST_STEP][PASSED] - check(findTestObject("Object Repository/add to cart/Page_Welcome to The Thread Theory  The Thread Theory/span_concat(Don  t show this popup again)_check")): Object 'Object Repository/add to cart/Page_Welcome to The Thread Theory  The Thread Theory/span_concat(Don  t show this popup again)_check' is checked

2019-06-19 18:03:00 - [MESSAGE][PASSED] - Object 'Object Repository/add to cart/Page_Welcome to The Thread Theory  The Thread Theory/span_concat(Don  t show this popup again)_check' is checked

2019-06-19 18:03:00 - [TEST_STEP][PASSED] - click(findTestObject("Object Repository/add to cart/Page_Welcome to The Thread Theory  The Thread Theory/button_Close")): Object: 'Object Repository/add to cart/Page_Welcome to The Thread Theory  The Thread Theory/button_Close' is clicked on

2019-06-19 18:03:00 - [MESSAGE][PASSED] - Object: 'Object Repository/add to cart/Page_Welcome to The Thread Theory  The Thread Theory/button_Close' is clicked on

2019-06-19 18:03:00 - [TEST_STEP][PASSED] - delay(10): Delayed 10 second(s)

2019-06-19 18:03:10 - [MESSAGE][PASSED] - Delayed 10 second(s)

2019-06-19 18:03:10 - [TEST_STEP][PASSED] - click(findTestObject("Object Repository/add to cart/Page_Welcome to The Thread Theory  The Thread Theory/span_Start shopping now _login-icon")): Object: 'Object Repository/add to cart/Page_Welcome to The Thread Theory  The Thread Theory/span_Start shopping now _login-icon' is clicked on

2019-06-19 18:03:10 - [MESSAGE][PASSED] - Object: 'Object Repository/add to cart/Page_Welcome to The Thread Theory  The Thread Theory/span_Start shopping now _login-icon' is clicked on

2019-06-19 18:03:10 - [TEST_STEP][PASSED] - click(findTestObject("Object Repository/add to cart/Page_Welcome to The Thread Theory  The Thread Theory/a_Sign In")): Object: 'Object Repository/add to cart/Page_Welcome to The Thread Theory  The Thread Theory/a_Sign In' is clicked on

2019-06-19 18:03:12 - [MESSAGE][PASSED] - Object: 'Object Repository/add to cart/Page_Welcome to The Thread Theory  The Thread Theory/a_Sign In' is clicked on

2019-06-19 18:03:12 - [TEST_STEP][PASSED] - setText(findTestObject("Object Repository/add to cart/Page_Sign In/input_Sign In_loginusername"), "himangi.tankha@ranosys.com"): Text 'himangi.tankha@ranosys.com' is set on object 'Object Repository/add to cart/Page_Sign In/input_Sign In_loginusername'

2019-06-19 18:03:13 - [MESSAGE][PASSED] - Text 'himangi.tankha@ranosys.com' is set on object 'Object Repository/add to cart/Page_Sign In/input_Sign In_loginusername'

2019-06-19 18:03:13 - [TEST_STEP][PASSED] - setEncryptedText(findTestObject("Object Repository/add to cart/Page_Sign In/input_Sign In_loginpassword"), "8SQVv/p9jVTHLrggi8kCzw=="): Text ****** has been set on object 'Object Repository/add to cart/Page_Sign In/input_Sign In_loginpassword'

2019-06-19 18:03:13 - [MESSAGE][PASSED] - Text ****** has been set on object 'Object Repository/add to cart/Page_Sign In/input_Sign In_loginpassword'

2019-06-19 18:03:13 - [TEST_STEP][PASSED] - delay(5): Delayed 5 second(s)

2019-06-19 18:03:18 - [MESSAGE][PASSED] - Delayed 5 second(s)

2019-06-19 18:03:18 - [TEST_STEP][PASSED] - click(findTestObject("Object Repository/add to cart/Page_Sign In/button_Sign In")): Object: 'Object Repository/add to cart/Page_Sign In/button_Sign In' is clicked on

2019-06-19 18:03:23 - [MESSAGE][PASSED] - Object: 'Object Repository/add to cart/Page_Sign In/button_Sign In' is clicked on

2019-06-19 18:03:23 - [TEST_STEP][PASSED] - delay(10): Delayed 10 second(s)

2019-06-19 18:03:33 - [MESSAGE][PASSED] - Delayed 10 second(s)]]></system-out>
         <system-err><![CDATA[]]></system-err>
      </testcase>
      <testcase name="Test Cases/Multi Add To Cart" classname="Test Cases/Multi Add To Cart" status="FAILED">
         <failure type="FAILED" message="Test Cases/Multi Add To Cart FAILED.
Reason:
com.kms.katalon.core.exception.StepFailedException: Unable to click on object 'Object Repository/Page_Ship to Multiple Addresses - Magento Commerce/select_Multiple_address' (Root cause: com.kms.katalon.core.exception.StepFailedException: Unable to click on object 'Object Repository/Page_Ship to Multiple Addresses - Magento Commerce/select_Multiple_address'
	at com.kms.katalon.core.webui.keyword.internal.WebUIKeywordMain.stepFailed(WebUIKeywordMain.groovy:64)
	at com.kms.katalon.core.webui.keyword.internal.WebUIKeywordMain.runKeyword(WebUIKeywordMain.groovy:26)
	at com.kms.katalon.core.webui.keyword.builtin.ClickKeyword.click(ClickKeyword.groovy:86)
	at com.kms.katalon.core.webui.keyword.builtin.ClickKeyword.execute(ClickKeyword.groovy:67)
	at com.kms.katalon.core.keyword.internal.KeywordExecutor.executeKeywordForPlatform(KeywordExecutor.groovy:56)
	at com.kms.katalon.core.webui.keyword.WebUiBuiltInKeywords.click(WebUiBuiltInKeywords.groovy:604)
	at com.kms.katalon.core.webui.keyword.WebUiBuiltInKeywords$click$9.call(Unknown Source)
	at Multi Add To Cart.run(Multi Add To Cart:72)
	at com.kms.katalon.core.main.ScriptEngine.run(ScriptEngine.java:194)
	at com.kms.katalon.core.main.ScriptEngine.runScriptAsRawText(ScriptEngine.java:119)
	at com.kms.katalon.core.main.TestCaseExecutor.runScript(TestCaseExecutor.java:331)
	at com.kms.katalon.core.main.TestCaseExecutor.doExecute(TestCaseExecutor.java:322)
	at com.kms.katalon.core.main.TestCaseExecutor.processExecutionPhase(TestCaseExecutor.java:301)
	at com.kms.katalon.core.main.TestCaseExecutor.accessMainPhase(TestCaseExecutor.java:293)
	at com.kms.katalon.core.main.TestCaseExecutor.execute(TestCaseExecutor.java:227)
	at com.kms.katalon.core.main.TestSuiteExecutor.accessTestCaseMainPhase(TestSuiteExecutor.java:129)
	at com.kms.katalon.core.main.TestSuiteExecutor.accessTestSuiteMainPhase(TestSuiteExecutor.java:112)
	at com.kms.katalon.core.main.TestSuiteExecutor.execute(TestSuiteExecutor.java:81)
	at com.kms.katalon.core.main.TestCaseMain.startTestSuite(TestCaseMain.java:157)
	at com.kms.katalon.core.main.TestCaseMain$startTestSuite$0.call(Unknown Source)
	at TempTestSuite1560947545213.run(TempTestSuite1560947545213.groovy:35)
Caused by: com.kms.katalon.core.webui.exception.WebElementNotFoundException: Web element with id: 'Object Repository/Page_Ship to Multiple Addresses - Magento Commerce/select_Multiple_address' located by 'By.xpath: //select[@id='ship_1_794_address'][count(. | //select[@name = 'ship[1][772][address]' and @id = 'ship_1_772_address' and (text() = 'Miss Himangi Tankha, Singapore, Singapore,  567890, SingaporeMiss Himangi Tankha, Test, Singapore,  567890, Singapore' or . = 'Miss Himangi Tankha, Singapore, Singapore,  567890, SingaporeMiss Himangi Tankha, Test, Singapore,  567890, Singapore')]) = count(//select[@name = 'ship[1][772][address]' and @id = 'ship_1_772_address' and (text() = 'Miss Himangi Tankha, Singapore, Singapore,  567890, SingaporeMiss Himangi Tankha, Test, Singapore,  567890, Singapore' or . = 'Miss Himangi Tankha, Singapore, Singapore,  567890, SingaporeMiss Himangi Tankha, Test, Singapore,  567890, Singapore')])]' not found
	at com.kms.katalon.core.webui.common.WebUiCommonHelper.findWebElement(WebUiCommonHelper.java:1053)
	at com.kms.katalon.core.webui.keyword.internal.WebUIAbstractKeyword.findWebElement(WebUIAbstractKeyword.groovy:27)
	at com.kms.katalon.core.webui.keyword.internal.WebUIAbstractKeyword.findWebElement(WebUIAbstractKeyword.groovy:26)
	at com.kms.katalon.core.webui.keyword.builtin.ClickKeyword$_click_closure1.doCall(ClickKeyword.groovy:77)
	at com.kms.katalon.core.webui.keyword.builtin.ClickKeyword$_click_closure1.call(ClickKeyword.groovy)
	at com.kms.katalon.core.webui.keyword.internal.WebUIKeywordMain.runKeyword(WebUIKeywordMain.groovy:20)
	at com.kms.katalon.core.webui.keyword.builtin.ClickKeyword.click(ClickKeyword.groovy:86)
	at com.kms.katalon.core.webui.keyword.builtin.ClickKeyword.execute(ClickKeyword.groovy:67)
	at com.kms.katalon.core.keyword.internal.KeywordExecutor.executeKeywordForPlatform(KeywordExecutor.groovy:56)
	at com.kms.katalon.core.webui.keyword.WebUiBuiltInKeywords.click(WebUiBuiltInKeywords.groovy:604)
	at com.kms.katalon.core.webui.keyword.WebUiBuiltInKeywords$click$9.call(Unknown Source)
	at Script1560161272678.run(Script1560161272678.groovy:72)
	... 13 more
)
	at com.kms.katalon.core.keyword.internal.KeywordMain.stepFailed(KeywordMain.groovy:37)
	at com.kms.katalon.core.webui.keyword.internal.WebUIKeywordMain.stepFailed(WebUIKeywordMain.groovy:64)
	at com.kms.katalon.core.webui.keyword.internal.WebUIKeywordMain.runKeyword(WebUIKeywordMain.groovy:26)
	at com.kms.katalon.core.webui.keyword.builtin.ClickKeyword.click(ClickKeyword.groovy:86)
	at com.kms.katalon.core.webui.keyword.builtin.ClickKeyword.execute(ClickKeyword.groovy:67)
	at com.kms.katalon.core.keyword.internal.KeywordExecutor.executeKeywordForPlatform(KeywordExecutor.groovy:56)
	at com.kms.katalon.core.webui.keyword.WebUiBuiltInKeywords.click(WebUiBuiltInKeywords.groovy:604)
	at com.kms.katalon.core.webui.keyword.WebUiBuiltInKeywords$click$9.call(Unknown Source)
	at Multi Add To Cart.run(Multi Add To Cart:72)
	at com.kms.katalon.core.main.ScriptEngine.run(ScriptEngine.java:194)
	at com.kms.katalon.core.main.ScriptEngine.runScriptAsRawText(ScriptEngine.java:119)
	at com.kms.katalon.core.main.TestCaseExecutor.runScript(TestCaseExecutor.java:331)
	at com.kms.katalon.core.main.TestCaseExecutor.doExecute(TestCaseExecutor.java:322)
	at com.kms.katalon.core.main.TestCaseExecutor.processExecutionPhase(TestCaseExecutor.java:301)
	at com.kms.katalon.core.main.TestCaseExecutor.accessMainPhase(TestCaseExecutor.java:293)
	at com.kms.katalon.core.main.TestCaseExecutor.execute(TestCaseExecutor.java:227)
	at com.kms.katalon.core.main.TestSuiteExecutor.accessTestCaseMainPhase(TestSuiteExecutor.java:129)
	at com.kms.katalon.core.main.TestSuiteExecutor.accessTestSuiteMainPhase(TestSuiteExecutor.java:112)
	at com.kms.katalon.core.main.TestSuiteExecutor.execute(TestSuiteExecutor.java:81)
	at com.kms.katalon.core.main.TestCaseMain.startTestSuite(TestCaseMain.java:157)
	at com.kms.katalon.core.main.TestCaseMain$startTestSuite$0.call(Unknown Source)
	at TempTestSuite1560947545213.run(TempTestSuite1560947545213.groovy:35)
Caused by: com.kms.katalon.core.exception.StepFailedException: Unable to click on object 'Object Repository/Page_Ship to Multiple Addresses - Magento Commerce/select_Multiple_address'
	... 21 more
Caused by: com.kms.katalon.core.webui.exception.WebElementNotFoundException: Web element with id: 'Object Repository/Page_Ship to Multiple Addresses - Magento Commerce/select_Multiple_address' located by 'By.xpath: //select[@id='ship_1_794_address'][count(. | //select[@name = 'ship[1][772][address]' and @id = 'ship_1_772_address' and (text() = 'Miss Himangi Tankha, Singapore, Singapore,  567890, SingaporeMiss Himangi Tankha, Test, Singapore,  567890, Singapore' or . = 'Miss Himangi Tankha, Singapore, Singapore,  567890, SingaporeMiss Himangi Tankha, Test, Singapore,  567890, Singapore')]) = count(//select[@name = 'ship[1][772][address]' and @id = 'ship_1_772_address' and (text() = 'Miss Himangi Tankha, Singapore, Singapore,  567890, SingaporeMiss Himangi Tankha, Test, Singapore,  567890, Singapore' or . = 'Miss Himangi Tankha, Singapore, Singapore,  567890, SingaporeMiss Himangi Tankha, Test, Singapore,  567890, Singapore')])]' not found
	at com.kms.katalon.core.webui.common.WebUiCommonHelper.findWebElement(WebUiCommonHelper.java:1053)
	at com.kms.katalon.core.webui.keyword.internal.WebUIAbstractKeyword.findWebElement(WebUIAbstractKeyword.groovy:27)
	at com.kms.katalon.core.webui.keyword.internal.WebUIAbstractKeyword.findWebElement(WebUIAbstractKeyword.groovy:26)
	at com.kms.katalon.core.webui.keyword.builtin.ClickKeyword$_click_closure1.doCall(ClickKeyword.groovy:77)
	at com.kms.katalon.core.webui.keyword.builtin.ClickKeyword$_click_closure1.call(ClickKeyword.groovy)
	at com.kms.katalon.core.webui.keyword.internal.WebUIKeywordMain.runKeyword(WebUIKeywordMain.groovy:20)
	at com.kms.katalon.core.webui.keyword.builtin.ClickKeyword.click(ClickKeyword.groovy:86)
	at com.kms.katalon.core.webui.keyword.builtin.ClickKeyword.execute(ClickKeyword.groovy:67)
	at com.kms.katalon.core.keyword.internal.KeywordExecutor.executeKeywordForPlatform(KeywordExecutor.groovy:56)
	at com.kms.katalon.core.webui.keyword.WebUiBuiltInKeywords.click(WebUiBuiltInKeywords.groovy:604)
	at com.kms.katalon.core.webui.keyword.WebUiBuiltInKeywords$click$9.call(Unknown Source)
	at Script1560161272678.run(Script1560161272678.groovy:72)
	... 13 more
"/>
         <system-out><![CDATA[2019-06-19 18:03:33 - [TEST_CASE][FAILED] - Test Cases/Multi Add To Cart: Test Cases/Multi Add To Cart FAILED.
Reason:
com.kms.katalon.core.exception.StepFailedException: Unable to click on object 'Object Repository/Page_Ship to Multiple Addresses - Magento Commerce/select_Multiple_address' (Root cause: com.kms.katalon.core.exception.StepFailedException: Unable to click on object 'Object Repository/Page_Ship to Multiple Addresses - Magento Commerce/select_Multiple_address'
	at com.kms.katalon.core.webui.keyword.internal.WebUIKeywordMain.stepFailed(WebUIKeywordMain.groovy:64)
	at com.kms.katalon.core.webui.keyword.internal.WebUIKeywordMain.runKeyword(WebUIKeywordMain.groovy:26)
	at com.kms.katalon.core.webui.keyword.builtin.ClickKeyword.click(ClickKeyword.groovy:86)
	at com.kms.katalon.core.webui.keyword.builtin.ClickKeyword.execute(ClickKeyword.groovy:67)
	at com.kms.katalon.core.keyword.internal.KeywordExecutor.executeKeywordForPlatform(KeywordExecutor.groovy:56)
	at com.kms.katalon.core.webui.keyword.WebUiBuiltInKeywords.click(WebUiBuiltInKeywords.groovy:604)
	at com.kms.katalon.core.webui.keyword.WebUiBuiltInKeywords$click$9.call(Unknown Source)
	at Multi Add To Cart.run(Multi Add To Cart:72)
	at com.kms.katalon.core.main.ScriptEngine.run(ScriptEngine.java:194)
	at com.kms.katalon.core.main.ScriptEngine.runScriptAsRawText(ScriptEngine.java:119)
	at com.kms.katalon.core.main.TestCaseExecutor.runScript(TestCaseExecutor.java:331)
	at com.kms.katalon.core.main.TestCaseExecutor.doExecute(TestCaseExecutor.java:322)
	at com.kms.katalon.core.main.TestCaseExecutor.processExecutionPhase(TestCaseExecutor.java:301)
	at com.kms.katalon.core.main.TestCaseExecutor.accessMainPhase(TestCaseExecutor.java:293)
	at com.kms.katalon.core.main.TestCaseExecutor.execute(TestCaseExecutor.java:227)
	at com.kms.katalon.core.main.TestSuiteExecutor.accessTestCaseMainPhase(TestSuiteExecutor.java:129)
	at com.kms.katalon.core.main.TestSuiteExecutor.accessTestSuiteMainPhase(TestSuiteExecutor.java:112)
	at com.kms.katalon.core.main.TestSuiteExecutor.execute(TestSuiteExecutor.java:81)
	at com.kms.katalon.core.main.TestCaseMain.startTestSuite(TestCaseMain.java:157)
	at com.kms.katalon.core.main.TestCaseMain$startTestSuite$0.call(Unknown Source)
	at TempTestSuite1560947545213.run(TempTestSuite1560947545213.groovy:35)
Caused by: com.kms.katalon.core.webui.exception.WebElementNotFoundException: Web element with id: 'Object Repository/Page_Ship to Multiple Addresses - Magento Commerce/select_Multiple_address' located by 'By.xpath: //select[@id='ship_1_794_address'][count(. | //select[@name = 'ship[1][772][address]' and @id = 'ship_1_772_address' and (text() = 'Miss Himangi Tankha, Singapore, Singapore,  567890, SingaporeMiss Himangi Tankha, Test, Singapore,  567890, Singapore' or . = 'Miss Himangi Tankha, Singapore, Singapore,  567890, SingaporeMiss Himangi Tankha, Test, Singapore,  567890, Singapore')]) = count(//select[@name = 'ship[1][772][address]' and @id = 'ship_1_772_address' and (text() = 'Miss Himangi Tankha, Singapore, Singapore,  567890, SingaporeMiss Himangi Tankha, Test, Singapore,  567890, Singapore' or . = 'Miss Himangi Tankha, Singapore, Singapore,  567890, SingaporeMiss Himangi Tankha, Test, Singapore,  567890, Singapore')])]' not found
	at com.kms.katalon.core.webui.common.WebUiCommonHelper.findWebElement(WebUiCommonHelper.java:1053)
	at com.kms.katalon.core.webui.keyword.internal.WebUIAbstractKeyword.findWebElement(WebUIAbstractKeyword.groovy:27)
	at com.kms.katalon.core.webui.keyword.internal.WebUIAbstractKeyword.findWebElement(WebUIAbstractKeyword.groovy:26)
	at com.kms.katalon.core.webui.keyword.builtin.ClickKeyword$_click_closure1.doCall(ClickKeyword.groovy:77)
	at com.kms.katalon.core.webui.keyword.builtin.ClickKeyword$_click_closure1.call(ClickKeyword.groovy)
	at com.kms.katalon.core.webui.keyword.internal.WebUIKeywordMain.runKeyword(WebUIKeywordMain.groovy:20)
	at com.kms.katalon.core.webui.keyword.builtin.ClickKeyword.click(ClickKeyword.groovy:86)
	at com.kms.katalon.core.webui.keyword.builtin.ClickKeyword.execute(ClickKeyword.groovy:67)
	at com.kms.katalon.core.keyword.internal.KeywordExecutor.executeKeywordForPlatform(KeywordExecutor.groovy:56)
	at com.kms.katalon.core.webui.keyword.WebUiBuiltInKeywords.click(WebUiBuiltInKeywords.groovy:604)
	at com.kms.katalon.core.webui.keyword.WebUiBuiltInKeywords$click$9.call(Unknown Source)
	at Script1560161272678.run(Script1560161272678.groovy:72)
	... 13 more
)
	at com.kms.katalon.core.keyword.internal.KeywordMain.stepFailed(KeywordMain.groovy:37)
	at com.kms.katalon.core.webui.keyword.internal.WebUIKeywordMain.stepFailed(WebUIKeywordMain.groovy:64)
	at com.kms.katalon.core.webui.keyword.internal.WebUIKeywordMain.runKeyword(WebUIKeywordMain.groovy:26)
	at com.kms.katalon.core.webui.keyword.builtin.ClickKeyword.click(ClickKeyword.groovy:86)
	at com.kms.katalon.core.webui.keyword.builtin.ClickKeyword.execute(ClickKeyword.groovy:67)
	at com.kms.katalon.core.keyword.internal.KeywordExecutor.executeKeywordForPlatform(KeywordExecutor.groovy:56)
	at com.kms.katalon.core.webui.keyword.WebUiBuiltInKeywords.click(WebUiBuiltInKeywords.groovy:604)
	at com.kms.katalon.core.webui.keyword.WebUiBuiltInKeywords$click$9.call(Unknown Source)
	at Multi Add To Cart.run(Multi Add To Cart:72)
	at com.kms.katalon.core.main.ScriptEngine.run(ScriptEngine.java:194)
	at com.kms.katalon.core.main.ScriptEngine.runScriptAsRawText(ScriptEngine.java:119)
	at com.kms.katalon.core.main.TestCaseExecutor.runScript(TestCaseExecutor.java:331)
	at com.kms.katalon.core.main.TestCaseExecutor.doExecute(TestCaseExecutor.java:322)
	at com.kms.katalon.core.main.TestCaseExecutor.processExecutionPhase(TestCaseExecutor.java:301)
	at com.kms.katalon.core.main.TestCaseExecutor.accessMainPhase(TestCaseExecutor.java:293)
	at com.kms.katalon.core.main.TestCaseExecutor.execute(TestCaseExecutor.java:227)
	at com.kms.katalon.core.main.TestSuiteExecutor.accessTestCaseMainPhase(TestSuiteExecutor.java:129)
	at com.kms.katalon.core.main.TestSuiteExecutor.accessTestSuiteMainPhase(TestSuiteExecutor.java:112)
	at com.kms.katalon.core.main.TestSuiteExecutor.execute(TestSuiteExecutor.java:81)
	at com.kms.katalon.core.main.TestCaseMain.startTestSuite(TestCaseMain.java:157)
	at com.kms.katalon.core.main.TestCaseMain$startTestSuite$0.call(Unknown Source)
	at TempTestSuite1560947545213.run(TempTestSuite1560947545213.groovy:35)
Caused by: com.kms.katalon.core.exception.StepFailedException: Unable to click on object 'Object Repository/Page_Ship to Multiple Addresses - Magento Commerce/select_Multiple_address'
	... 21 more
Caused by: com.kms.katalon.core.webui.exception.WebElementNotFoundException: Web element with id: 'Object Repository/Page_Ship to Multiple Addresses - Magento Commerce/select_Multiple_address' located by 'By.xpath: //select[@id='ship_1_794_address'][count(. | //select[@name = 'ship[1][772][address]' and @id = 'ship_1_772_address' and (text() = 'Miss Himangi Tankha, Singapore, Singapore,  567890, SingaporeMiss Himangi Tankha, Test, Singapore,  567890, Singapore' or . = 'Miss Himangi Tankha, Singapore, Singapore,  567890, SingaporeMiss Himangi Tankha, Test, Singapore,  567890, Singapore')]) = count(//select[@name = 'ship[1][772][address]' and @id = 'ship_1_772_address' and (text() = 'Miss Himangi Tankha, Singapore, Singapore,  567890, SingaporeMiss Himangi Tankha, Test, Singapore,  567890, Singapore' or . = 'Miss Himangi Tankha, Singapore, Singapore,  567890, SingaporeMiss Himangi Tankha, Test, Singapore,  567890, Singapore')])]' not found
	at com.kms.katalon.core.webui.common.WebUiCommonHelper.findWebElement(WebUiCommonHelper.java:1053)
	at com.kms.katalon.core.webui.keyword.internal.WebUIAbstractKeyword.findWebElement(WebUIAbstractKeyword.groovy:27)
	at com.kms.katalon.core.webui.keyword.internal.WebUIAbstractKeyword.findWebElement(WebUIAbstractKeyword.groovy:26)
	at com.kms.katalon.core.webui.keyword.builtin.ClickKeyword$_click_closure1.doCall(ClickKeyword.groovy:77)
	at com.kms.katalon.core.webui.keyword.builtin.ClickKeyword$_click_closure1.call(ClickKeyword.groovy)
	at com.kms.katalon.core.webui.keyword.internal.WebUIKeywordMain.runKeyword(WebUIKeywordMain.groovy:20)
	at com.kms.katalon.core.webui.keyword.builtin.ClickKeyword.click(ClickKeyword.groovy:86)
	at com.kms.katalon.core.webui.keyword.builtin.ClickKeyword.execute(ClickKeyword.groovy:67)
	at com.kms.katalon.core.keyword.internal.KeywordExecutor.executeKeywordForPlatform(KeywordExecutor.groovy:56)
	at com.kms.katalon.core.webui.keyword.WebUiBuiltInKeywords.click(WebUiBuiltInKeywords.groovy:604)
	at com.kms.katalon.core.webui.keyword.WebUiBuiltInKeywords$click$9.call(Unknown Source)
	at Script1560161272678.run(Script1560161272678.groovy:72)
	... 13 more


2019-06-19 18:03:34 - [TEST_STEP][NOT_RUN] - openBrowser(toString()): NOT_RUN: openBrowser(toString())

2019-06-19 18:03:34 - [MESSAGE][NOT_RUN] - NOT_RUN: openBrowser(toString())

2019-06-19 18:03:34 - [TEST_STEP][NOT_RUN] - navigateToUrl("http://18.138.12.239/"): NOT_RUN: navigateToUrl("http://18.138.12.239/")

2019-06-19 18:03:34 - [MESSAGE][NOT_RUN] - NOT_RUN: navigateToUrl("http://18.138.12.239/")

2019-06-19 18:03:34 - [TEST_STEP][NOT_RUN] - maximizeWindow(): NOT_RUN: maximizeWindow()

2019-06-19 18:03:34 - [MESSAGE][NOT_RUN] - NOT_RUN: maximizeWindow()

2019-06-19 18:03:34 - [TEST_STEP][NOT_RUN] - delay(10): NOT_RUN: delay(10)

2019-06-19 18:03:34 - [MESSAGE][NOT_RUN] - NOT_RUN: delay(10)

2019-06-19 18:03:34 - [TEST_STEP][NOT_RUN] - check(findTestObject("Object Repository/add to cart/Page_Welcome to The Thread Theory  The Thread Theory/span_concat(Don  t show this popup again)_check")): NOT_RUN: check(findTestObject("Object Repository/add to cart/Page_Welcome to The Thread Theory  The Thread Theory/span_concat(Don  t show this popup again)_check"))

2019-06-19 18:03:34 - [MESSAGE][NOT_RUN] - NOT_RUN: check(findTestObject("Object Repository/add to cart/Page_Welcome to The Thread Theory  The Thread Theory/span_concat(Don  t show this popup again)_check"))

2019-06-19 18:03:34 - [TEST_STEP][NOT_RUN] - click(findTestObject("Object Repository/add to cart/Page_Welcome to The Thread Theory  The Thread Theory/button_Close")): NOT_RUN: click(findTestObject("Object Repository/add to cart/Page_Welcome to The Thread Theory  The Thread Theory/button_Close"))

2019-06-19 18:03:34 - [MESSAGE][NOT_RUN] - NOT_RUN: click(findTestObject("Object Repository/add to cart/Page_Welcome to The Thread Theory  The Thread Theory/button_Close"))

2019-06-19 18:03:34 - [TEST_STEP][NOT_RUN] - delay(10): NOT_RUN: delay(10)

2019-06-19 18:03:34 - [MESSAGE][NOT_RUN] - NOT_RUN: delay(10)

2019-06-19 18:03:34 - [TEST_STEP][PASSED] - mouseOver(findTestObject("add to cart/menu_cart_mini/Page_Work Wear - DRESSES - SHOP/span_SHOP")): Object: 'Object Repository/add to cart/menu_cart_mini/Page_Work Wear - DRESSES - SHOP/span_SHOP' is hovered

2019-06-19 18:03:34 - [MESSAGE][PASSED] - Object: 'Object Repository/add to cart/menu_cart_mini/Page_Work Wear - DRESSES - SHOP/span_SHOP' is hovered

2019-06-19 18:03:34 - [TEST_STEP][PASSED] - click(findTestObject("add to cart/menu_cart_mini/Page_Work Wear - DRESSES - SHOP/span_Work Wear")): Object: 'Object Repository/add to cart/menu_cart_mini/Page_Work Wear - DRESSES - SHOP/span_Work Wear' is clicked on

2019-06-19 18:03:44 - [MESSAGE][PASSED] - Object: 'Object Repository/add to cart/menu_cart_mini/Page_Work Wear - DRESSES - SHOP/span_Work Wear' is clicked on

2019-06-19 18:03:44 - [TEST_STEP][PASSED] - delay(10): Delayed 10 second(s)

2019-06-19 18:03:54 - [MESSAGE][PASSED] - Delayed 10 second(s)

2019-06-19 18:03:54 - [TEST_STEP][PASSED] - scrollToElement(findTestObject("add to cart/Page_DRESSES - SHOP/img_Quick View_imgage-additional"), 5): Scroll to object 'Object Repository/add to cart/Page_DRESSES - SHOP/img_Quick View_imgage-additional' successfully

2019-06-19 18:03:54 - [MESSAGE][PASSED] - Scroll to object 'Object Repository/add to cart/Page_DRESSES - SHOP/img_Quick View_imgage-additional' successfully

2019-06-19 18:03:54 - [TEST_STEP][PASSED] - mouseOver(findTestObject("add to cart/Page_DRESSES - SHOP/img_Quick View_imgage-additional")): Object: 'Object Repository/add to cart/Page_DRESSES - SHOP/img_Quick View_imgage-additional' is hovered

2019-06-19 18:03:54 - [MESSAGE][PASSED] - Object: 'Object Repository/add to cart/Page_DRESSES - SHOP/img_Quick View_imgage-additional' is hovered

2019-06-19 18:03:54 - [TEST_STEP][PASSED] - clickOffset(findTestObject("add to cart/Page_DRESSES - SHOP/img_Quick View_imgage-additional"), 650, 400): Object: 'Object Repository/add to cart/Page_DRESSES - SHOP/img_Quick View_imgage-additional' is clicked on using offset x=650 and y=400

2019-06-19 18:04:08 - [MESSAGE][PASSED] - Object: 'Object Repository/add to cart/Page_DRESSES - SHOP/img_Quick View_imgage-additional' is clicked on using offset x=650 and y=400

2019-06-19 18:04:08 - [TEST_STEP][PASSED] - delay(10): Delayed 10 second(s)

2019-06-19 18:04:18 - [MESSAGE][PASSED] - Delayed 10 second(s)

2019-06-19 18:04:18 - [TEST_STEP][PASSED] - click(findTestObject("add to cart/Page_Lana Lace Romper (Navy) (1)/div_L")): Object: 'Object Repository/add to cart/Page_Lana Lace Romper (Navy) (1)/div_L' is clicked on

2019-06-19 18:04:18 - [MESSAGE][PASSED] - Object: 'Object Repository/add to cart/Page_Lana Lace Romper (Navy) (1)/div_L' is clicked on

2019-06-19 18:04:18 - [TEST_STEP][PASSED] - click(findTestObject("add to cart/Page_Lana Lace Romper (Navy)/span_OS_cs-font clever-icon-plus")): Object: 'Object Repository/add to cart/Page_Lana Lace Romper (Navy)/span_OS_cs-font clever-icon-plus' is clicked on

2019-06-19 18:04:18 - [MESSAGE][PASSED] - Object: 'Object Repository/add to cart/Page_Lana Lace Romper (Navy)/span_OS_cs-font clever-icon-plus' is clicked on

2019-06-19 18:04:18 - [TEST_STEP][PASSED] - click(findTestObject("add to cart/menu_cart_mini/Page_Softly Edelweiss Swiss Dot Dress (Powder Blue)/button_Add to Cart")): Object: 'Object Repository/add to cart/menu_cart_mini/Page_Softly Edelweiss Swiss Dot Dress (Powder Blue)/button_Add to Cart' is clicked on

2019-06-19 18:04:18 - [MESSAGE][PASSED] - Object: 'Object Repository/add to cart/menu_cart_mini/Page_Softly Edelweiss Swiss Dot Dress (Powder Blue)/button_Add to Cart' is clicked on

2019-06-19 18:04:18 - [TEST_STEP][PASSED] - delay(8): Delayed 8 second(s)

2019-06-19 18:04:26 - [MESSAGE][PASSED] - Delayed 8 second(s)

2019-06-19 18:04:26 - [TEST_STEP][PASSED] - click(findTestObject("add to cart/Page_Fall Of Sunflowers Dress (White)/span_2                                        2                items")): Object: 'Object Repository/add to cart/Page_Fall Of Sunflowers Dress (White)/span_2                                        2                items' is clicked on

2019-06-19 18:04:26 - [MESSAGE][PASSED] - Object: 'Object Repository/add to cart/Page_Fall Of Sunflowers Dress (White)/span_2                                        2                items' is clicked on

2019-06-19 18:04:26 - [TEST_STEP][PASSED] - click(findTestObject("View Kart/Page_Lana Lace Romper (Navy)/span_View cart")): Object: 'Object Repository/View Kart/Page_Lana Lace Romper (Navy)/span_View cart' is clicked on

2019-06-19 18:04:42 - [MESSAGE][PASSED] - Object: 'Object Repository/View Kart/Page_Lana Lace Romper (Navy)/span_View cart' is clicked on

2019-06-19 18:04:42 - [TEST_STEP][PASSED] - delay(5): Delayed 5 second(s)

2019-06-19 18:04:47 - [MESSAGE][PASSED] - Delayed 5 second(s)

2019-06-19 18:04:47 - [TEST_STEP][PASSED] - click(findTestObject("GuestUser/Page_Shopping Cart/strong_Summary")): Object: 'Object Repository/GuestUser/Page_Shopping Cart/strong_Summary' is clicked on

2019-06-19 18:04:47 - [MESSAGE][PASSED] - Object: 'Object Repository/GuestUser/Page_Shopping Cart/strong_Summary' is clicked on

2019-06-19 18:04:47 - [TEST_STEP][PASSED] - click(findTestObject("add to cart/Page_Shopping Cart/span_Check Out with Multiple Addresses")): Object: 'Object Repository/add to cart/Page_Shopping Cart/span_Check Out with Multiple Addresses' is clicked on

2019-06-19 18:04:52 - [MESSAGE][PASSED] - Object: 'Object Repository/add to cart/Page_Shopping Cart/span_Check Out with Multiple Addresses' is clicked on

2019-06-19 18:04:52 - [TEST_STEP][NOT_RUN] - delay(5): NOT_RUN: delay(5)

2019-06-19 18:04:52 - [MESSAGE][NOT_RUN] - NOT_RUN: delay(5)

2019-06-19 18:04:52 - [TEST_STEP][NOT_RUN] - setText(findTestObject("OR_Login/Page_Sign In/input_Sign In_loginusername"), "himangi.tankha@ranosys.com"): NOT_RUN: setText(findTestObject("OR_Login/Page_Sign In/input_Sign In_loginusername"), "himangi.tankha@ranosys.com")

2019-06-19 18:04:52 - [MESSAGE][NOT_RUN] - NOT_RUN: setText(findTestObject("OR_Login/Page_Sign In/input_Sign In_loginusername"), "himangi.tankha@ranosys.com")

2019-06-19 18:04:52 - [TEST_STEP][NOT_RUN] - setText(findTestObject("OR_Login/Page_Sign In/input_Sign In_loginpassword"), "password123"): NOT_RUN: setText(findTestObject("OR_Login/Page_Sign In/input_Sign In_loginpassword"), "password123")

2019-06-19 18:04:52 - [MESSAGE][NOT_RUN] - NOT_RUN: setText(findTestObject("OR_Login/Page_Sign In/input_Sign In_loginpassword"), "password123")

2019-06-19 18:04:52 - [TEST_STEP][NOT_RUN] - click(findTestObject("OR_Login/Page_/button_Sign In")): NOT_RUN: click(findTestObject("OR_Login/Page_/button_Sign In"))

2019-06-19 18:04:52 - [MESSAGE][NOT_RUN] - NOT_RUN: click(findTestObject("OR_Login/Page_/button_Sign In"))

2019-06-19 18:04:52 - [TEST_STEP][PASSED] - delay(10): Delayed 10 second(s)

2019-06-19 18:05:02 - [MESSAGE][PASSED] - Delayed 10 second(s)

2019-06-19 18:05:02 - [TEST_STEP][FAILED] - click(findTestObject("Page_Ship to Multiple Addresses - Magento Commerce/select_Multiple_address"), CONTINUE_ON_FAILURE): Unable to click on object 'Object Repository/Page_Ship to Multiple Addresses - Magento Commerce/select_Multiple_address' (Root cause: com.kms.katalon.core.exception.StepFailedException: Unable to click on object 'Object Repository/Page_Ship to Multiple Addresses - Magento Commerce/select_Multiple_address'
	at com.kms.katalon.core.webui.keyword.internal.WebUIKeywordMain.stepFailed(WebUIKeywordMain.groovy:64)
	at com.kms.katalon.core.webui.keyword.internal.WebUIKeywordMain.runKeyword(WebUIKeywordMain.groovy:26)
	at com.kms.katalon.core.webui.keyword.builtin.ClickKeyword.click(ClickKeyword.groovy:86)
	at com.kms.katalon.core.webui.keyword.builtin.ClickKeyword.execute(ClickKeyword.groovy:67)
	at com.kms.katalon.core.keyword.internal.KeywordExecutor.executeKeywordForPlatform(KeywordExecutor.groovy:56)
	at com.kms.katalon.core.webui.keyword.WebUiBuiltInKeywords.click(WebUiBuiltInKeywords.groovy:604)
	at com.kms.katalon.core.webui.keyword.WebUiBuiltInKeywords$click$9.call(Unknown Source)
	at Multi Add To Cart.run(Multi Add To Cart:72)
	at com.kms.katalon.core.main.ScriptEngine.run(ScriptEngine.java:194)
	at com.kms.katalon.core.main.ScriptEngine.runScriptAsRawText(ScriptEngine.java:119)
	at com.kms.katalon.core.main.TestCaseExecutor.runScript(TestCaseExecutor.java:331)
	at com.kms.katalon.core.main.TestCaseExecutor.doExecute(TestCaseExecutor.java:322)
	at com.kms.katalon.core.main.TestCaseExecutor.processExecutionPhase(TestCaseExecutor.java:301)
	at com.kms.katalon.core.main.TestCaseExecutor.accessMainPhase(TestCaseExecutor.java:293)
	at com.kms.katalon.core.main.TestCaseExecutor.execute(TestCaseExecutor.java:227)
	at com.kms.katalon.core.main.TestSuiteExecutor.accessTestCaseMainPhase(TestSuiteExecutor.java:129)
	at com.kms.katalon.core.main.TestSuiteExecutor.accessTestSuiteMainPhase(TestSuiteExecutor.java:112)
	at com.kms.katalon.core.main.TestSuiteExecutor.execute(TestSuiteExecutor.java:81)
	at com.kms.katalon.core.main.TestCaseMain.startTestSuite(TestCaseMain.java:157)
	at com.kms.katalon.core.main.TestCaseMain$startTestSuite$0.call(Unknown Source)
	at TempTestSuite1560947545213.run(TempTestSuite1560947545213.groovy:35)
Caused by: com.kms.katalon.core.webui.exception.WebElementNotFoundException: Web element with id: 'Object Repository/Page_Ship to Multiple Addresses - Magento Commerce/select_Multiple_address' located by 'By.xpath: //select[@id='ship_1_794_address'][count(. | //select[@name = 'ship[1][772][address]' and @id = 'ship_1_772_address' and (text() = 'Miss Himangi Tankha, Singapore, Singapore,  567890, SingaporeMiss Himangi Tankha, Test, Singapore,  567890, Singapore' or . = 'Miss Himangi Tankha, Singapore, Singapore,  567890, SingaporeMiss Himangi Tankha, Test, Singapore,  567890, Singapore')]) = count(//select[@name = 'ship[1][772][address]' and @id = 'ship_1_772_address' and (text() = 'Miss Himangi Tankha, Singapore, Singapore,  567890, SingaporeMiss Himangi Tankha, Test, Singapore,  567890, Singapore' or . = 'Miss Himangi Tankha, Singapore, Singapore,  567890, SingaporeMiss Himangi Tankha, Test, Singapore,  567890, Singapore')])]' not found
	at com.kms.katalon.core.webui.common.WebUiCommonHelper.findWebElement(WebUiCommonHelper.java:1053)
	at com.kms.katalon.core.webui.keyword.internal.WebUIAbstractKeyword.findWebElement(WebUIAbstractKeyword.groovy:27)
	at com.kms.katalon.core.webui.keyword.internal.WebUIAbstractKeyword.findWebElement(WebUIAbstractKeyword.groovy:26)
	at com.kms.katalon.core.webui.keyword.builtin.ClickKeyword$_click_closure1.doCall(ClickKeyword.groovy:77)
	at com.kms.katalon.core.webui.keyword.builtin.ClickKeyword$_click_closure1.call(ClickKeyword.groovy)
	at com.kms.katalon.core.webui.keyword.internal.WebUIKeywordMain.runKeyword(WebUIKeywordMain.groovy:20)
	at com.kms.katalon.core.webui.keyword.builtin.ClickKeyword.click(ClickKeyword.groovy:86)
	at com.kms.katalon.core.webui.keyword.builtin.ClickKeyword.execute(ClickKeyword.groovy:67)
	at com.kms.katalon.core.keyword.internal.KeywordExecutor.executeKeywordForPlatform(KeywordExecutor.groovy:56)
	at com.kms.katalon.core.webui.keyword.WebUiBuiltInKeywords.click(WebUiBuiltInKeywords.groovy:604)
	at com.kms.katalon.core.webui.keyword.WebUiBuiltInKeywords$click$9.call(Unknown Source)
	at Script1560161272678.run(Script1560161272678.groovy:72)
	... 13 more
)

2019-06-19 18:05:33 - [MESSAGE][INFO] - Unable to find the element located by 'By.xpath: //select[@id='ship_1_794_address'][count(. | //select[@name = 'ship[1][772][address]' and @id = 'ship_1_772_address' and (text() = 'Miss Himangi Tankha, Singapore, Singapore,  567890, SingaporeMiss Himangi Tankha, Test, Singapore,  567890, Singapore' or . = 'Miss Himangi Tankha, Singapore, Singapore,  567890, SingaporeMiss Himangi Tankha, Test, Singapore,  567890, Singapore')]) = count(//select[@name = 'ship[1][772][address]' and @id = 'ship_1_772_address' and (text() = 'Miss Himangi Tankha, Singapore, Singapore,  567890, SingaporeMiss Himangi Tankha, Test, Singapore,  567890, Singapore' or . = 'Miss Himangi Tankha, Singapore, Singapore,  567890, SingaporeMiss Himangi Tankha, Test, Singapore,  567890, Singapore')])]'. Please recheck the objects properties to make sure the desired element is located. 

2019-06-19 18:05:34 - [MESSAGE][FAILED] - Unable to click on object 'Object Repository/Page_Ship to Multiple Addresses - Magento Commerce/select_Multiple_address' (Root cause: com.kms.katalon.core.exception.StepFailedException: Unable to click on object 'Object Repository/Page_Ship to Multiple Addresses - Magento Commerce/select_Multiple_address'
	at com.kms.katalon.core.webui.keyword.internal.WebUIKeywordMain.stepFailed(WebUIKeywordMain.groovy:64)
	at com.kms.katalon.core.webui.keyword.internal.WebUIKeywordMain.runKeyword(WebUIKeywordMain.groovy:26)
	at com.kms.katalon.core.webui.keyword.builtin.ClickKeyword.click(ClickKeyword.groovy:86)
	at com.kms.katalon.core.webui.keyword.builtin.ClickKeyword.execute(ClickKeyword.groovy:67)
	at com.kms.katalon.core.keyword.internal.KeywordExecutor.executeKeywordForPlatform(KeywordExecutor.groovy:56)
	at com.kms.katalon.core.webui.keyword.WebUiBuiltInKeywords.click(WebUiBuiltInKeywords.groovy:604)
	at com.kms.katalon.core.webui.keyword.WebUiBuiltInKeywords$click$9.call(Unknown Source)
	at Multi Add To Cart.run(Multi Add To Cart:72)
	at com.kms.katalon.core.main.ScriptEngine.run(ScriptEngine.java:194)
	at com.kms.katalon.core.main.ScriptEngine.runScriptAsRawText(ScriptEngine.java:119)
	at com.kms.katalon.core.main.TestCaseExecutor.runScript(TestCaseExecutor.java:331)
	at com.kms.katalon.core.main.TestCaseExecutor.doExecute(TestCaseExecutor.java:322)
	at com.kms.katalon.core.main.TestCaseExecutor.processExecutionPhase(TestCaseExecutor.java:301)
	at com.kms.katalon.core.main.TestCaseExecutor.accessMainPhase(TestCaseExecutor.java:293)
	at com.kms.katalon.core.main.TestCaseExecutor.execute(TestCaseExecutor.java:227)
	at com.kms.katalon.core.main.TestSuiteExecutor.accessTestCaseMainPhase(TestSuiteExecutor.java:129)
	at com.kms.katalon.core.main.TestSuiteExecutor.accessTestSuiteMainPhase(TestSuiteExecutor.java:112)
	at com.kms.katalon.core.main.TestSuiteExecutor.execute(TestSuiteExecutor.java:81)
	at com.kms.katalon.core.main.TestCaseMain.startTestSuite(TestCaseMain.java:157)
	at com.kms.katalon.core.main.TestCaseMain$startTestSuite$0.call(Unknown Source)
	at TempTestSuite1560947545213.run(TempTestSuite1560947545213.groovy:35)
Caused by: com.kms.katalon.core.webui.exception.WebElementNotFoundException: Web element with id: 'Object Repository/Page_Ship to Multiple Addresses - Magento Commerce/select_Multiple_address' located by 'By.xpath: //select[@id='ship_1_794_address'][count(. | //select[@name = 'ship[1][772][address]' and @id = 'ship_1_772_address' and (text() = 'Miss Himangi Tankha, Singapore, Singapore,  567890, SingaporeMiss Himangi Tankha, Test, Singapore,  567890, Singapore' or . = 'Miss Himangi Tankha, Singapore, Singapore,  567890, SingaporeMiss Himangi Tankha, Test, Singapore,  567890, Singapore')]) = count(//select[@name = 'ship[1][772][address]' and @id = 'ship_1_772_address' and (text() = 'Miss Himangi Tankha, Singapore, Singapore,  567890, SingaporeMiss Himangi Tankha, Test, Singapore,  567890, Singapore' or . = 'Miss Himangi Tankha, Singapore, Singapore,  567890, SingaporeMiss Himangi Tankha, Test, Singapore,  567890, Singapore')])]' not found
	at com.kms.katalon.core.webui.common.WebUiCommonHelper.findWebElement(WebUiCommonHelper.java:1053)
	at com.kms.katalon.core.webui.keyword.internal.WebUIAbstractKeyword.findWebElement(WebUIAbstractKeyword.groovy:27)
	at com.kms.katalon.core.webui.keyword.internal.WebUIAbstractKeyword.findWebElement(WebUIAbstractKeyword.groovy:26)
	at com.kms.katalon.core.webui.keyword.builtin.ClickKeyword$_click_closure1.doCall(ClickKeyword.groovy:77)
	at com.kms.katalon.core.webui.keyword.builtin.ClickKeyword$_click_closure1.call(ClickKeyword.groovy)
	at com.kms.katalon.core.webui.keyword.internal.WebUIKeywordMain.runKeyword(WebUIKeywordMain.groovy:20)
	at com.kms.katalon.core.webui.keyword.builtin.ClickKeyword.click(ClickKeyword.groovy:86)
	at com.kms.katalon.core.webui.keyword.builtin.ClickKeyword.execute(ClickKeyword.groovy:67)
	at com.kms.katalon.core.keyword.internal.KeywordExecutor.executeKeywordForPlatform(KeywordExecutor.groovy:56)
	at com.kms.katalon.core.webui.keyword.WebUiBuiltInKeywords.click(WebUiBuiltInKeywords.groovy:604)
	at com.kms.katalon.core.webui.keyword.WebUiBuiltInKeywords$click$9.call(Unknown Source)
	at Script1560161272678.run(Script1560161272678.groovy:72)
	... 13 more
)
[[ATTACHMENT|C:\\Users\\Himangi\\git\\thethreadtheory\\Reports\\Multiple Address Checkout\\20190619_180225\\1560947733806.png]]

2019-06-19 18:05:34 - [TEST_STEP][PASSED] - delay(3): Delayed 3 second(s)

2019-06-19 18:05:37 - [MESSAGE][PASSED] - Delayed 3 second(s)

2019-06-19 18:05:37 - [TEST_STEP][FAILED] - click(findTestObject("Page_Ship to Multiple Addresses - Magento Commerce/select_Multiple_address_option"), CONTINUE_ON_FAILURE): Unable to click on object 'Object Repository/Page_Ship to Multiple Addresses - Magento Commerce/select_Multiple_address_option' (Root cause: com.kms.katalon.core.exception.StepFailedException: Unable to click on object 'Object Repository/Page_Ship to Multiple Addresses - Magento Commerce/select_Multiple_address_option'
	at com.kms.katalon.core.webui.keyword.internal.WebUIKeywordMain.stepFailed(WebUIKeywordMain.groovy:64)
	at com.kms.katalon.core.webui.keyword.internal.WebUIKeywordMain.runKeyword(WebUIKeywordMain.groovy:26)
	at com.kms.katalon.core.webui.keyword.builtin.ClickKeyword.click(ClickKeyword.groovy:86)
	at com.kms.katalon.core.webui.keyword.builtin.ClickKeyword.execute(ClickKeyword.groovy:67)
	at com.kms.katalon.core.keyword.internal.KeywordExecutor.executeKeywordForPlatform(KeywordExecutor.groovy:56)
	at com.kms.katalon.core.webui.keyword.WebUiBuiltInKeywords.click(WebUiBuiltInKeywords.groovy:604)
	at com.kms.katalon.core.webui.keyword.WebUiBuiltInKeywords$click$9.call(Unknown Source)
	at Multi Add To Cart.run(Multi Add To Cart:76)
	at com.kms.katalon.core.main.ScriptEngine.run(ScriptEngine.java:194)
	at com.kms.katalon.core.main.ScriptEngine.runScriptAsRawText(ScriptEngine.java:119)
	at com.kms.katalon.core.main.TestCaseExecutor.runScript(TestCaseExecutor.java:331)
	at com.kms.katalon.core.main.TestCaseExecutor.doExecute(TestCaseExecutor.java:322)
	at com.kms.katalon.core.main.TestCaseExecutor.processExecutionPhase(TestCaseExecutor.java:301)
	at com.kms.katalon.core.main.TestCaseExecutor.accessMainPhase(TestCaseExecutor.java:293)
	at com.kms.katalon.core.main.TestCaseExecutor.execute(TestCaseExecutor.java:227)
	at com.kms.katalon.core.main.TestSuiteExecutor.accessTestCaseMainPhase(TestSuiteExecutor.java:129)
	at com.kms.katalon.core.main.TestSuiteExecutor.accessTestSuiteMainPhase(TestSuiteExecutor.java:112)
	at com.kms.katalon.core.main.TestSuiteExecutor.execute(TestSuiteExecutor.java:81)
	at com.kms.katalon.core.main.TestCaseMain.startTestSuite(TestCaseMain.java:157)
	at com.kms.katalon.core.main.TestCaseMain$startTestSuite$0.call(Unknown Source)
	at TempTestSuite1560947545213.run(TempTestSuite1560947545213.groovy:35)
Caused by: com.kms.katalon.core.webui.exception.WebElementNotFoundException: Web element with id: 'Object Repository/Page_Ship to Multiple Addresses - Magento Commerce/select_Multiple_address_option' located by 'By.xpath: //select[@id='ship_1_794_address']//option[2][count(. | //select[@name = 'ship[1][772][address]' and @id = 'ship_1_772_address' and (text() = 'Miss Himangi Tankha, Singapore, Singapore,  567890, SingaporeMiss Himangi Tankha, Test, Singapore,  567890, Singapore' or . = 'Miss Himangi Tankha, Singapore, Singapore,  567890, SingaporeMiss Himangi Tankha, Test, Singapore,  567890, Singapore')]) = count(//select[@name = 'ship[1][772][address]' and @id = 'ship_1_772_address' and (text() = 'Miss Himangi Tankha, Singapore, Singapore,  567890, SingaporeMiss Himangi Tankha, Test, Singapore,  567890, Singapore' or . = 'Miss Himangi Tankha, Singapore, Singapore,  567890, SingaporeMiss Himangi Tankha, Test, Singapore,  567890, Singapore')])]' not found
	at com.kms.katalon.core.webui.common.WebUiCommonHelper.findWebElement(WebUiCommonHelper.java:1053)
	at com.kms.katalon.core.webui.keyword.internal.WebUIAbstractKeyword.findWebElement(WebUIAbstractKeyword.groovy:27)
	at com.kms.katalon.core.webui.keyword.internal.WebUIAbstractKeyword.findWebElement(WebUIAbstractKeyword.groovy:26)
	at com.kms.katalon.core.webui.keyword.builtin.ClickKeyword$_click_closure1.doCall(ClickKeyword.groovy:77)
	at com.kms.katalon.core.webui.keyword.builtin.ClickKeyword$_click_closure1.call(ClickKeyword.groovy)
	at com.kms.katalon.core.webui.keyword.internal.WebUIKeywordMain.runKeyword(WebUIKeywordMain.groovy:20)
	at com.kms.katalon.core.webui.keyword.builtin.ClickKeyword.click(ClickKeyword.groovy:86)
	at com.kms.katalon.core.webui.keyword.builtin.ClickKeyword.execute(ClickKeyword.groovy:67)
	at com.kms.katalon.core.keyword.internal.KeywordExecutor.executeKeywordForPlatform(KeywordExecutor.groovy:56)
	at com.kms.katalon.core.webui.keyword.WebUiBuiltInKeywords.click(WebUiBuiltInKeywords.groovy:604)
	at com.kms.katalon.core.webui.keyword.WebUiBuiltInKeywords$click$9.call(Unknown Source)
	at Script1560161272678.run(Script1560161272678.groovy:76)
	... 13 more
)

2019-06-19 18:06:09 - [MESSAGE][INFO] - Unable to find the element located by 'By.xpath: //select[@id='ship_1_794_address']//option[2][count(. | //select[@name = 'ship[1][772][address]' and @id = 'ship_1_772_address' and (text() = 'Miss Himangi Tankha, Singapore, Singapore,  567890, SingaporeMiss Himangi Tankha, Test, Singapore,  567890, Singapore' or . = 'Miss Himangi Tankha, Singapore, Singapore,  567890, SingaporeMiss Himangi Tankha, Test, Singapore,  567890, Singapore')]) = count(//select[@name = 'ship[1][772][address]' and @id = 'ship_1_772_address' and (text() = 'Miss Himangi Tankha, Singapore, Singapore,  567890, SingaporeMiss Himangi Tankha, Test, Singapore,  567890, Singapore' or . = 'Miss Himangi Tankha, Singapore, Singapore,  567890, SingaporeMiss Himangi Tankha, Test, Singapore,  567890, Singapore')])]'. Please recheck the objects properties to make sure the desired element is located. 

2019-06-19 18:06:09 - [MESSAGE][FAILED] - Unable to click on object 'Object Repository/Page_Ship to Multiple Addresses - Magento Commerce/select_Multiple_address_option' (Root cause: com.kms.katalon.core.exception.StepFailedException: Unable to click on object 'Object Repository/Page_Ship to Multiple Addresses - Magento Commerce/select_Multiple_address_option'
	at com.kms.katalon.core.webui.keyword.internal.WebUIKeywordMain.stepFailed(WebUIKeywordMain.groovy:64)
	at com.kms.katalon.core.webui.keyword.internal.WebUIKeywordMain.runKeyword(WebUIKeywordMain.groovy:26)
	at com.kms.katalon.core.webui.keyword.builtin.ClickKeyword.click(ClickKeyword.groovy:86)
	at com.kms.katalon.core.webui.keyword.builtin.ClickKeyword.execute(ClickKeyword.groovy:67)
	at com.kms.katalon.core.keyword.internal.KeywordExecutor.executeKeywordForPlatform(KeywordExecutor.groovy:56)
	at com.kms.katalon.core.webui.keyword.WebUiBuiltInKeywords.click(WebUiBuiltInKeywords.groovy:604)
	at com.kms.katalon.core.webui.keyword.WebUiBuiltInKeywords$click$9.call(Unknown Source)
	at Multi Add To Cart.run(Multi Add To Cart:76)
	at com.kms.katalon.core.main.ScriptEngine.run(ScriptEngine.java:194)
	at com.kms.katalon.core.main.ScriptEngine.runScriptAsRawText(ScriptEngine.java:119)
	at com.kms.katalon.core.main.TestCaseExecutor.runScript(TestCaseExecutor.java:331)
	at com.kms.katalon.core.main.TestCaseExecutor.doExecute(TestCaseExecutor.java:322)
	at com.kms.katalon.core.main.TestCaseExecutor.processExecutionPhase(TestCaseExecutor.java:301)
	at com.kms.katalon.core.main.TestCaseExecutor.accessMainPhase(TestCaseExecutor.java:293)
	at com.kms.katalon.core.main.TestCaseExecutor.execute(TestCaseExecutor.java:227)
	at com.kms.katalon.core.main.TestSuiteExecutor.accessTestCaseMainPhase(TestSuiteExecutor.java:129)
	at com.kms.katalon.core.main.TestSuiteExecutor.accessTestSuiteMainPhase(TestSuiteExecutor.java:112)
	at com.kms.katalon.core.main.TestSuiteExecutor.execute(TestSuiteExecutor.java:81)
	at com.kms.katalon.core.main.TestCaseMain.startTestSuite(TestCaseMain.java:157)
	at com.kms.katalon.core.main.TestCaseMain$startTestSuite$0.call(Unknown Source)
	at TempTestSuite1560947545213.run(TempTestSuite1560947545213.groovy:35)
Caused by: com.kms.katalon.core.webui.exception.WebElementNotFoundException: Web element with id: 'Object Repository/Page_Ship to Multiple Addresses - Magento Commerce/select_Multiple_address_option' located by 'By.xpath: //select[@id='ship_1_794_address']//option[2][count(. | //select[@name = 'ship[1][772][address]' and @id = 'ship_1_772_address' and (text() = 'Miss Himangi Tankha, Singapore, Singapore,  567890, SingaporeMiss Himangi Tankha, Test, Singapore,  567890, Singapore' or . = 'Miss Himangi Tankha, Singapore, Singapore,  567890, SingaporeMiss Himangi Tankha, Test, Singapore,  567890, Singapore')]) = count(//select[@name = 'ship[1][772][address]' and @id = 'ship_1_772_address' and (text() = 'Miss Himangi Tankha, Singapore, Singapore,  567890, SingaporeMiss Himangi Tankha, Test, Singapore,  567890, Singapore' or . = 'Miss Himangi Tankha, Singapore, Singapore,  567890, SingaporeMiss Himangi Tankha, Test, Singapore,  567890, Singapore')])]' not found
	at com.kms.katalon.core.webui.common.WebUiCommonHelper.findWebElement(WebUiCommonHelper.java:1053)
	at com.kms.katalon.core.webui.keyword.internal.WebUIAbstractKeyword.findWebElement(WebUIAbstractKeyword.groovy:27)
	at com.kms.katalon.core.webui.keyword.internal.WebUIAbstractKeyword.findWebElement(WebUIAbstractKeyword.groovy:26)
	at com.kms.katalon.core.webui.keyword.builtin.ClickKeyword$_click_closure1.doCall(ClickKeyword.groovy:77)
	at com.kms.katalon.core.webui.keyword.builtin.ClickKeyword$_click_closure1.call(ClickKeyword.groovy)
	at com.kms.katalon.core.webui.keyword.internal.WebUIKeywordMain.runKeyword(WebUIKeywordMain.groovy:20)
	at com.kms.katalon.core.webui.keyword.builtin.ClickKeyword.click(ClickKeyword.groovy:86)
	at com.kms.katalon.core.webui.keyword.builtin.ClickKeyword.execute(ClickKeyword.groovy:67)
	at com.kms.katalon.core.keyword.internal.KeywordExecutor.executeKeywordForPlatform(KeywordExecutor.groovy:56)
	at com.kms.katalon.core.webui.keyword.WebUiBuiltInKeywords.click(WebUiBuiltInKeywords.groovy:604)
	at com.kms.katalon.core.webui.keyword.WebUiBuiltInKeywords$click$9.call(Unknown Source)
	at Script1560161272678.run(Script1560161272678.groovy:76)
	... 13 more
)
[[ATTACHMENT|C:\\Users\\Himangi\\git\\thethreadtheory\\Reports\\Multiple Address Checkout\\20190619_180225\\1560947769392.png]]

2019-06-19 18:06:09 - [TEST_STEP][PASSED] - delay(5): Delayed 5 second(s)

2019-06-19 18:06:14 - [MESSAGE][PASSED] - Delayed 5 second(s)

2019-06-19 18:06:14 - [TEST_STEP][PASSED] - click(findTestObject("MultipleCheckout/Page_Ship to Multiple Addresses - Magento Commerce/button_Update Qty  Addresses")): Object: 'Object Repository/MultipleCheckout/Page_Ship to Multiple Addresses - Magento Commerce/button_Update Qty  Addresses' is clicked on

2019-06-19 18:06:14 - [MESSAGE][PASSED] - Object: 'Object Repository/MultipleCheckout/Page_Ship to Multiple Addresses - Magento Commerce/button_Update Qty  Addresses' is clicked on

2019-06-19 18:06:14 - [TEST_STEP][PASSED] - delay(5): Delayed 5 second(s)

2019-06-19 18:06:19 - [MESSAGE][PASSED] - Delayed 5 second(s)

2019-06-19 18:06:19 - [TEST_STEP][PASSED] - click(findTestObject("MultipleCheckout/Page_Ship to Multiple Addresses - Magento Commerce/button_Go to Shipping Information")): Object: 'Object Repository/MultipleCheckout/Page_Ship to Multiple Addresses - Magento Commerce/button_Go to Shipping Information' is clicked on

2019-06-19 18:06:20 - [MESSAGE][PASSED] - Object: 'Object Repository/MultipleCheckout/Page_Ship to Multiple Addresses - Magento Commerce/button_Go to Shipping Information' is clicked on

2019-06-19 18:06:20 - [TEST_STEP][PASSED] - delay(5): Delayed 5 second(s)

2019-06-19 18:06:25 - [MESSAGE][PASSED] - Delayed 5 second(s)

2019-06-19 18:06:25 - [TEST_STEP][PASSED] - click(findTestObject("MultipleCheckout/Page_Shipping Methods - Magento Commerce/input_SGD 000_shipping_method710"), CONTINUE_ON_FAILURE): Object: 'Object Repository/MultipleCheckout/Page_Shipping Methods - Magento Commerce/input_SGD 000_shipping_method710' is clicked on

2019-06-19 18:06:25 - [MESSAGE][PASSED] - Object: 'Object Repository/MultipleCheckout/Page_Shipping Methods - Magento Commerce/input_SGD 000_shipping_method710' is clicked on

2019-06-19 18:06:25 - [TEST_STEP][PASSED] - scrollToElement(findTestObject("MultipleCheckout/Page_Shipping Methods - Magento Commerce/input_Shipping Method_shipping_method711"), 0, CONTINUE_ON_FAILURE): Scroll to object 'Object Repository/MultipleCheckout/Page_Shipping Methods - Magento Commerce/input_Shipping Method_shipping_method711' successfully

2019-06-19 18:06:25 - [MESSAGE][WARNING] - Timeout '0' is invalid. Using default page load timeout: '30'

2019-06-19 18:06:25 - [MESSAGE][PASSED] - Scroll to object 'Object Repository/MultipleCheckout/Page_Shipping Methods - Magento Commerce/input_Shipping Method_shipping_method711' successfully

2019-06-19 18:06:25 - [TEST_STEP][FAILED] - click(findTestObject("MultipleCheckout/Page_Shipping Methods - Magento Commerce/input_Shipping Method_shipping_method711"), CONTINUE_ON_FAILURE): Unable to click on object 'Object Repository/MultipleCheckout/Page_Shipping Methods - Magento Commerce/input_Shipping Method_shipping_method711' (Root cause: com.kms.katalon.core.exception.StepFailedException: Unable to click on object 'Object Repository/MultipleCheckout/Page_Shipping Methods - Magento Commerce/input_Shipping Method_shipping_method711'
	at com.kms.katalon.core.webui.keyword.internal.WebUIKeywordMain.stepFailed(WebUIKeywordMain.groovy:64)
	at com.kms.katalon.core.webui.keyword.internal.WebUIKeywordMain.runKeyword(WebUIKeywordMain.groovy:26)
	at com.kms.katalon.core.webui.keyword.builtin.ClickKeyword.click(ClickKeyword.groovy:86)
	at com.kms.katalon.core.webui.keyword.builtin.ClickKeyword.execute(ClickKeyword.groovy:67)
	at com.kms.katalon.core.keyword.internal.KeywordExecutor.executeKeywordForPlatform(KeywordExecutor.groovy:56)
	at com.kms.katalon.core.webui.keyword.WebUiBuiltInKeywords.click(WebUiBuiltInKeywords.groovy:604)
	at com.kms.katalon.core.webui.keyword.WebUiBuiltInKeywords$click$9.call(Unknown Source)
	at Multi Add To Cart.run(Multi Add To Cart:94)
	at com.kms.katalon.core.main.ScriptEngine.run(ScriptEngine.java:194)
	at com.kms.katalon.core.main.ScriptEngine.runScriptAsRawText(ScriptEngine.java:119)
	at com.kms.katalon.core.main.TestCaseExecutor.runScript(TestCaseExecutor.java:331)
	at com.kms.katalon.core.main.TestCaseExecutor.doExecute(TestCaseExecutor.java:322)
	at com.kms.katalon.core.main.TestCaseExecutor.processExecutionPhase(TestCaseExecutor.java:301)
	at com.kms.katalon.core.main.TestCaseExecutor.accessMainPhase(TestCaseExecutor.java:293)
	at com.kms.katalon.core.main.TestCaseExecutor.execute(TestCaseExecutor.java:227)
	at com.kms.katalon.core.main.TestSuiteExecutor.accessTestCaseMainPhase(TestSuiteExecutor.java:129)
	at com.kms.katalon.core.main.TestSuiteExecutor.accessTestSuiteMainPhase(TestSuiteExecutor.java:112)
	at com.kms.katalon.core.main.TestSuiteExecutor.execute(TestSuiteExecutor.java:81)
	at com.kms.katalon.core.main.TestCaseMain.startTestSuite(TestCaseMain.java:157)
	at com.kms.katalon.core.main.TestCaseMain$startTestSuite$0.call(Unknown Source)
	at TempTestSuite1560947545213.run(TempTestSuite1560947545213.groovy:35)
Caused by: org.openqa.selenium.WebDriverException: unknown error: Element <input type="radio" name="shipping_method[1313]" value="flatrate_flatrate" id="s_method_1313_flatrate_flatrate" class="radio"> is not clickable at point (721, 6). Other element would receive the click: <div class="header-content container" id="header-sticky-mobile">...</div>
  (Session info: chrome=74.0.3729.169)
  (Driver info: chromedriver=2.43.600210 (68dcf5eebde37173d4027fa8635e332711d2874a),platform=Windows NT 10.0.17763 x86_64) (WARNING: The server did not provide any stacktrace information)
Command duration or timeout: 0 milliseconds
Build info: version: '3.7.1', revision: '8a0099a', time: '2017-11-06T21:07:36.161Z'
System info: host: 'WD01-QAHIMANGI', ip: '192.168.5.123', os.name: 'Windows 10', os.arch: 'amd64', os.version: '10.0', java.version: '1.8.0_181'
Driver info: com.kms.katalon.selenium.driver.CChromeDriver
Capabilities {acceptInsecureCerts: false, acceptSslCerts: false, applicationCacheEnabled: false, browserConnectionEnabled: false, browserName: chrome, chrome: {chromedriverVersion: 2.43.600210 (68dcf5eebde371..., userDataDir: C:\Users\Himangi\AppData\Lo...}, cssSelectorsEnabled: true, databaseEnabled: false, goog:chromeOptions: {debuggerAddress: localhost:60669}, handlesAlerts: true, hasTouchScreen: false, javascriptEnabled: true, locationContextEnabled: true, mobileEmulationEnabled: false, nativeEvents: true, networkConnectionEnabled: false, pageLoadStrategy: normal, platform: XP, platformName: XP, rotatable: false, setWindowRect: true, takesHeapSnapshot: true, takesScreenshot: true, unexpectedAlertBehaviour: , unhandledPromptBehavior: , version: 74.0.3729.169, webStorageEnabled: true}
Session ID: f0caf8701f69730c762372493e2710cd
	at org.openqa.selenium.remote.ErrorHandler.createThrowable(ErrorHandler.java:214)
	at org.openqa.selenium.remote.ErrorHandler.throwIfResponseFailed(ErrorHandler.java:166)
	at org.openqa.selenium.remote.http.JsonHttpResponseCodec.reconstructValue(JsonHttpResponseCodec.java:40)
	at org.openqa.selenium.remote.http.AbstractHttpResponseCodec.decode(AbstractHttpResponseCodec.java:80)
	at org.openqa.selenium.remote.http.AbstractHttpResponseCodec.decode(AbstractHttpResponseCodec.java:44)
	at org.openqa.selenium.remote.HttpCommandExecutor.execute(HttpCommandExecutor.java:164)
	at org.openqa.selenium.remote.service.DriverCommandExecutor.execute(DriverCommandExecutor.java:83)
	at org.openqa.selenium.remote.RemoteWebDriver.execute(RemoteWebDriver.java:600)
	at com.kms.katalon.selenium.driver.CChromeDriver.execute(CChromeDriver.java:20)
	at org.openqa.selenium.remote.RemoteWebElement.execute(RemoteWebElement.java:279)
	at org.openqa.selenium.remote.RemoteWebElement.click(RemoteWebElement.java:83)
	at com.kms.katalon.core.webui.keyword.builtin.ClickKeyword$_click_closure1.doCall(ClickKeyword.groovy:79)
	at com.kms.katalon.core.webui.keyword.builtin.ClickKeyword$_click_closure1.call(ClickKeyword.groovy)
	at com.kms.katalon.core.webui.keyword.internal.WebUIKeywordMain.runKeyword(WebUIKeywordMain.groovy:20)
	at com.kms.katalon.core.webui.keyword.builtin.ClickKeyword.click(ClickKeyword.groovy:86)
	at com.kms.katalon.core.webui.keyword.builtin.ClickKeyword.execute(ClickKeyword.groovy:67)
	at com.kms.katalon.core.keyword.internal.KeywordExecutor.executeKeywordForPlatform(KeywordExecutor.groovy:56)
	at com.kms.katalon.core.webui.keyword.WebUiBuiltInKeywords.click(WebUiBuiltInKeywords.groovy:604)
	at com.kms.katalon.core.webui.keyword.WebUiBuiltInKeywords$click$9.call(Unknown Source)
	at Script1560161272678.run(Script1560161272678.groovy:94)
	... 13 more
)

2019-06-19 18:06:26 - [MESSAGE][FAILED] - Unable to click on object 'Object Repository/MultipleCheckout/Page_Shipping Methods - Magento Commerce/input_Shipping Method_shipping_method711' (Root cause: com.kms.katalon.core.exception.StepFailedException: Unable to click on object 'Object Repository/MultipleCheckout/Page_Shipping Methods - Magento Commerce/input_Shipping Method_shipping_method711'
	at com.kms.katalon.core.webui.keyword.internal.WebUIKeywordMain.stepFailed(WebUIKeywordMain.groovy:64)
	at com.kms.katalon.core.webui.keyword.internal.WebUIKeywordMain.runKeyword(WebUIKeywordMain.groovy:26)
	at com.kms.katalon.core.webui.keyword.builtin.ClickKeyword.click(ClickKeyword.groovy:86)
	at com.kms.katalon.core.webui.keyword.builtin.ClickKeyword.execute(ClickKeyword.groovy:67)
	at com.kms.katalon.core.keyword.internal.KeywordExecutor.executeKeywordForPlatform(KeywordExecutor.groovy:56)
	at com.kms.katalon.core.webui.keyword.WebUiBuiltInKeywords.click(WebUiBuiltInKeywords.groovy:604)
	at com.kms.katalon.core.webui.keyword.WebUiBuiltInKeywords$click$9.call(Unknown Source)
	at Multi Add To Cart.run(Multi Add To Cart:94)
	at com.kms.katalon.core.main.ScriptEngine.run(ScriptEngine.java:194)
	at com.kms.katalon.core.main.ScriptEngine.runScriptAsRawText(ScriptEngine.java:119)
	at com.kms.katalon.core.main.TestCaseExecutor.runScript(TestCaseExecutor.java:331)
	at com.kms.katalon.core.main.TestCaseExecutor.doExecute(TestCaseExecutor.java:322)
	at com.kms.katalon.core.main.TestCaseExecutor.processExecutionPhase(TestCaseExecutor.java:301)
	at com.kms.katalon.core.main.TestCaseExecutor.accessMainPhase(TestCaseExecutor.java:293)
	at com.kms.katalon.core.main.TestCaseExecutor.execute(TestCaseExecutor.java:227)
	at com.kms.katalon.core.main.TestSuiteExecutor.accessTestCaseMainPhase(TestSuiteExecutor.java:129)
	at com.kms.katalon.core.main.TestSuiteExecutor.accessTestSuiteMainPhase(TestSuiteExecutor.java:112)
	at com.kms.katalon.core.main.TestSuiteExecutor.execute(TestSuiteExecutor.java:81)
	at com.kms.katalon.core.main.TestCaseMain.startTestSuite(TestCaseMain.java:157)
	at com.kms.katalon.core.main.TestCaseMain$startTestSuite$0.call(Unknown Source)
	at TempTestSuite1560947545213.run(TempTestSuite1560947545213.groovy:35)
Caused by: org.openqa.selenium.WebDriverException: unknown error: Element <input type="radio" name="shipping_method[1313]" value="flatrate_flatrate" id="s_method_1313_flatrate_flatrate" class="radio"> is not clickable at point (721, 6). Other element would receive the click: <div class="header-content container" id="header-sticky-mobile">...</div>
  (Session info: chrome=74.0.3729.169)
  (Driver info: chromedriver=2.43.600210 (68dcf5eebde37173d4027fa8635e332711d2874a),platform=Windows NT 10.0.17763 x86_64) (WARNING: The server did not provide any stacktrace information)
Command duration or timeout: 0 milliseconds
Build info: version: '3.7.1', revision: '8a0099a', time: '2017-11-06T21:07:36.161Z'
System info: host: 'WD01-QAHIMANGI', ip: '192.168.5.123', os.name: 'Windows 10', os.arch: 'amd64', os.version: '10.0', java.version: '1.8.0_181'
Driver info: com.kms.katalon.selenium.driver.CChromeDriver
Capabilities {acceptInsecureCerts: false, acceptSslCerts: false, applicationCacheEnabled: false, browserConnectionEnabled: false, browserName: chrome, chrome: {chromedriverVersion: 2.43.600210 (68dcf5eebde371..., userDataDir: C:\Users\Himangi\AppData\Lo...}, cssSelectorsEnabled: true, databaseEnabled: false, goog:chromeOptions: {debuggerAddress: localhost:60669}, handlesAlerts: true, hasTouchScreen: false, javascriptEnabled: true, locationContextEnabled: true, mobileEmulationEnabled: false, nativeEvents: true, networkConnectionEnabled: false, pageLoadStrategy: normal, platform: XP, platformName: XP, rotatable: false, setWindowRect: true, takesHeapSnapshot: true, takesScreenshot: true, unexpectedAlertBehaviour: , unhandledPromptBehavior: , version: 74.0.3729.169, webStorageEnabled: true}
Session ID: f0caf8701f69730c762372493e2710cd
	at org.openqa.selenium.remote.ErrorHandler.createThrowable(ErrorHandler.java:214)
	at org.openqa.selenium.remote.ErrorHandler.throwIfResponseFailed(ErrorHandler.java:166)
	at org.openqa.selenium.remote.http.JsonHttpResponseCodec.reconstructValue(JsonHttpResponseCodec.java:40)
	at org.openqa.selenium.remote.http.AbstractHttpResponseCodec.decode(AbstractHttpResponseCodec.java:80)
	at org.openqa.selenium.remote.http.AbstractHttpResponseCodec.decode(AbstractHttpResponseCodec.java:44)
	at org.openqa.selenium.remote.HttpCommandExecutor.execute(HttpCommandExecutor.java:164)
	at org.openqa.selenium.remote.service.DriverCommandExecutor.execute(DriverCommandExecutor.java:83)
	at org.openqa.selenium.remote.RemoteWebDriver.execute(RemoteWebDriver.java:600)
	at com.kms.katalon.selenium.driver.CChromeDriver.execute(CChromeDriver.java:20)
	at org.openqa.selenium.remote.RemoteWebElement.execute(RemoteWebElement.java:279)
	at org.openqa.selenium.remote.RemoteWebElement.click(RemoteWebElement.java:83)
	at com.kms.katalon.core.webui.keyword.builtin.ClickKeyword$_click_closure1.doCall(ClickKeyword.groovy:79)
	at com.kms.katalon.core.webui.keyword.builtin.ClickKeyword$_click_closure1.call(ClickKeyword.groovy)
	at com.kms.katalon.core.webui.keyword.internal.WebUIKeywordMain.runKeyword(WebUIKeywordMain.groovy:20)
	at com.kms.katalon.core.webui.keyword.builtin.ClickKeyword.click(ClickKeyword.groovy:86)
	at com.kms.katalon.core.webui.keyword.builtin.ClickKeyword.execute(ClickKeyword.groovy:67)
	at com.kms.katalon.core.keyword.internal.KeywordExecutor.executeKeywordForPlatform(KeywordExecutor.groovy:56)
	at com.kms.katalon.core.webui.keyword.WebUiBuiltInKeywords.click(WebUiBuiltInKeywords.groovy:604)
	at com.kms.katalon.core.webui.keyword.WebUiBuiltInKeywords$click$9.call(Unknown Source)
	at Script1560161272678.run(Script1560161272678.groovy:94)
	... 13 more
)
[[ATTACHMENT|C:\\Users\\Himangi\\git\\thethreadtheory\\Reports\\Multiple Address Checkout\\20190619_180225\\1560947785774.png]]

2019-06-19 18:06:26 - [TEST_STEP][PASSED] - scrollToElement(findTestObject("MultipleCheckout/Page_Shipping Methods - Magento Commerce/button_Continue to Billing Information"), 0, STOP_ON_FAILURE): Scroll to object 'Object Repository/MultipleCheckout/Page_Shipping Methods - Magento Commerce/button_Continue to Billing Information' successfully

2019-06-19 18:06:26 - [MESSAGE][WARNING] - Timeout '0' is invalid. Using default page load timeout: '30'

2019-06-19 18:06:26 - [MESSAGE][PASSED] - Scroll to object 'Object Repository/MultipleCheckout/Page_Shipping Methods - Magento Commerce/button_Continue to Billing Information' successfully

2019-06-19 18:06:26 - [TEST_STEP][PASSED] - click(findTestObject("MultipleCheckout/Page_Shipping Methods - Magento Commerce/button_Continue to Billing Information"), STOP_ON_FAILURE): Object: 'Object Repository/MultipleCheckout/Page_Shipping Methods - Magento Commerce/button_Continue to Billing Information' is clicked on

2019-06-19 18:06:29 - [MESSAGE][PASSED] - Object: 'Object Repository/MultipleCheckout/Page_Shipping Methods - Magento Commerce/button_Continue to Billing Information' is clicked on

2019-06-19 18:06:29 - [TEST_STEP][PASSED] - delay(5): Delayed 5 second(s)

2019-06-19 18:06:34 - [MESSAGE][PASSED] - Delayed 5 second(s)

2019-06-19 18:06:34 - [TEST_STEP][PASSED] - click(findTestObject("MultipleCheckout/Page_Billing Information - Magento Commerce/input_Internet banking  PayNow_paymentmethod")): Object: 'Object Repository/MultipleCheckout/Page_Billing Information - Magento Commerce/input_Internet banking  PayNow_paymentmethod' is clicked on

2019-06-19 18:07:01 - [MESSAGE][PASSED] - Object: 'Object Repository/MultipleCheckout/Page_Billing Information - Magento Commerce/input_Internet banking  PayNow_paymentmethod' is clicked on

2019-06-19 18:07:01 - [TEST_STEP][PASSED] - click(findTestObject("MultipleCheckout/Page_Billing Information - Magento Commerce/button_Go to Review Your Order")): Object: 'Object Repository/MultipleCheckout/Page_Billing Information - Magento Commerce/button_Go to Review Your Order' is clicked on

2019-06-19 18:07:05 - [MESSAGE][PASSED] - Object: 'Object Repository/MultipleCheckout/Page_Billing Information - Magento Commerce/button_Go to Review Your Order' is clicked on

2019-06-19 18:07:05 - [TEST_STEP][PASSED] - delay(5): Delayed 5 second(s)

2019-06-19 18:07:10 - [MESSAGE][PASSED] - Delayed 5 second(s)

2019-06-19 18:07:10 - [TEST_STEP][PASSED] - scrollToElement(findTestObject("MultipleCheckout/Page_Review Order - Magento Commerce/button_Place Order"), 0): Scroll to object 'Object Repository/MultipleCheckout/Page_Review Order - Magento Commerce/button_Place Order' successfully

2019-06-19 18:07:10 - [MESSAGE][WARNING] - Timeout '0' is invalid. Using default page load timeout: '30'

2019-06-19 18:07:11 - [MESSAGE][PASSED] - Scroll to object 'Object Repository/MultipleCheckout/Page_Review Order - Magento Commerce/button_Place Order' successfully

2019-06-19 18:07:11 - [TEST_STEP][PASSED] - click(findTestObject("TandC/Page_Checkout/input_SGD 4300_agreement2")): Object: 'Object Repository/TandC/Page_Checkout/input_SGD 4300_agreement2' is clicked on

2019-06-19 18:07:11 - [MESSAGE][PASSED] - Object: 'Object Repository/TandC/Page_Checkout/input_SGD 4300_agreement2' is clicked on

2019-06-19 18:07:11 - [TEST_STEP][PASSED] - click(findTestObject("MultipleCheckout/Page_Review Order - Magento Commerce/button_Place Order")): Object: 'Object Repository/MultipleCheckout/Page_Review Order - Magento Commerce/button_Place Order' is clicked on

2019-06-19 18:07:16 - [MESSAGE][PASSED] - Object: 'Object Repository/MultipleCheckout/Page_Review Order - Magento Commerce/button_Place Order' is clicked on

2019-06-19 18:07:16 - [TEST_STEP][PASSED] - delay(10): Delayed 10 second(s)

2019-06-19 18:07:26 - [MESSAGE][PASSED] - Delayed 10 second(s)

2019-06-19 18:07:26 - [TEST_STEP][NOT_RUN] - today = new java.util.Date(): NOT_RUN: today = new java.util.Date()

2019-06-19 18:07:26 - [MESSAGE][NOT_RUN] - NOT_RUN: today = new java.util.Date()

2019-06-19 18:07:26 - [TEST_STEP][NOT_RUN] - todaysDate = today.format("MM_dd_yy"): NOT_RUN: todaysDate = today.format("MM_dd_yy")

2019-06-19 18:07:26 - [MESSAGE][NOT_RUN] - NOT_RUN: todaysDate = today.format("MM_dd_yy")

2019-06-19 18:07:26 - [TEST_STEP][NOT_RUN] - nowTime = today.format("hh_mm_ss"): NOT_RUN: nowTime = today.format("hh_mm_ss")

2019-06-19 18:07:26 - [MESSAGE][NOT_RUN] - NOT_RUN: nowTime = today.format("hh_mm_ss")

2019-06-19 18:07:26 - [TEST_STEP][FAILED] - takeScreenshot("D:\Katalon\Demo\screenshot_"+ todaysDate +"-" + nowTime +".PNG"): takeScreenshot("D:\Katalon\Demo\screenshot_"+ todaysDate +"-" + nowTime +".PNG") FAILED.
Reason:
com.kms.katalon.core.exception.StepFailedException: Unable to click on object 'Object Repository/Page_Ship to Multiple Addresses - Magento Commerce/select_Multiple_address' (Root cause: com.kms.katalon.core.exception.StepFailedException: Unable to click on object 'Object Repository/Page_Ship to Multiple Addresses - Magento Commerce/select_Multiple_address'
	at com.kms.katalon.core.webui.keyword.internal.WebUIKeywordMain.stepFailed(WebUIKeywordMain.groovy:64)
	at com.kms.katalon.core.webui.keyword.internal.WebUIKeywordMain.runKeyword(WebUIKeywordMain.groovy:26)
	at com.kms.katalon.core.webui.keyword.builtin.ClickKeyword.click(ClickKeyword.groovy:86)
	at com.kms.katalon.core.webui.keyword.builtin.ClickKeyword.execute(ClickKeyword.groovy:67)
	at com.kms.katalon.core.keyword.internal.KeywordExecutor.executeKeywordForPlatform(KeywordExecutor.groovy:56)
	at com.kms.katalon.core.webui.keyword.WebUiBuiltInKeywords.click(WebUiBuiltInKeywords.groovy:604)
	at com.kms.katalon.core.webui.keyword.WebUiBuiltInKeywords$click$9.call(Unknown Source)
	at Multi Add To Cart.run(Multi Add To Cart:72)
	at com.kms.katalon.core.main.ScriptEngine.run(ScriptEngine.java:194)
	at com.kms.katalon.core.main.ScriptEngine.runScriptAsRawText(ScriptEngine.java:119)
	at com.kms.katalon.core.main.TestCaseExecutor.runScript(TestCaseExecutor.java:331)
	at com.kms.katalon.core.main.TestCaseExecutor.doExecute(TestCaseExecutor.java:322)
	at com.kms.katalon.core.main.TestCaseExecutor.processExecutionPhase(TestCaseExecutor.java:301)
	at com.kms.katalon.core.main.TestCaseExecutor.accessMainPhase(TestCaseExecutor.java:293)
	at com.kms.katalon.core.main.TestCaseExecutor.execute(TestCaseExecutor.java:227)
	at com.kms.katalon.core.main.TestSuiteExecutor.accessTestCaseMainPhase(TestSuiteExecutor.java:129)
	at com.kms.katalon.core.main.TestSuiteExecutor.accessTestSuiteMainPhase(TestSuiteExecutor.java:112)
	at com.kms.katalon.core.main.TestSuiteExecutor.execute(TestSuiteExecutor.java:81)
	at com.kms.katalon.core.main.TestCaseMain.startTestSuite(TestCaseMain.java:157)
	at com.kms.katalon.core.main.TestCaseMain$startTestSuite$0.call(Unknown Source)
	at TempTestSuite1560947545213.run(TempTestSuite1560947545213.groovy:35)
Caused by: com.kms.katalon.core.webui.exception.WebElementNotFoundException: Web element with id: 'Object Repository/Page_Ship to Multiple Addresses - Magento Commerce/select_Multiple_address' located by 'By.xpath: //select[@id='ship_1_794_address'][count(. | //select[@name = 'ship[1][772][address]' and @id = 'ship_1_772_address' and (text() = 'Miss Himangi Tankha, Singapore, Singapore,  567890, SingaporeMiss Himangi Tankha, Test, Singapore,  567890, Singapore' or . = 'Miss Himangi Tankha, Singapore, Singapore,  567890, SingaporeMiss Himangi Tankha, Test, Singapore,  567890, Singapore')]) = count(//select[@name = 'ship[1][772][address]' and @id = 'ship_1_772_address' and (text() = 'Miss Himangi Tankha, Singapore, Singapore,  567890, SingaporeMiss Himangi Tankha, Test, Singapore,  567890, Singapore' or . = 'Miss Himangi Tankha, Singapore, Singapore,  567890, SingaporeMiss Himangi Tankha, Test, Singapore,  567890, Singapore')])]' not found
	at com.kms.katalon.core.webui.common.WebUiCommonHelper.findWebElement(WebUiCommonHelper.java:1053)
	at com.kms.katalon.core.webui.keyword.internal.WebUIAbstractKeyword.findWebElement(WebUIAbstractKeyword.groovy:27)
	at com.kms.katalon.core.webui.keyword.internal.WebUIAbstractKeyword.findWebElement(WebUIAbstractKeyword.groovy:26)
	at com.kms.katalon.core.webui.keyword.builtin.ClickKeyword$_click_closure1.doCall(ClickKeyword.groovy:77)
	at com.kms.katalon.core.webui.keyword.builtin.ClickKeyword$_click_closure1.call(ClickKeyword.groovy)
	at com.kms.katalon.core.webui.keyword.internal.WebUIKeywordMain.runKeyword(WebUIKeywordMain.groovy:20)
	at com.kms.katalon.core.webui.keyword.builtin.ClickKeyword.click(ClickKeyword.groovy:86)
	at com.kms.katalon.core.webui.keyword.builtin.ClickKeyword.execute(ClickKeyword.groovy:67)
	at com.kms.katalon.core.keyword.internal.KeywordExecutor.executeKeywordForPlatform(KeywordExecutor.groovy:56)
	at com.kms.katalon.core.webui.keyword.WebUiBuiltInKeywords.click(WebUiBuiltInKeywords.groovy:604)
	at com.kms.katalon.core.webui.keyword.WebUiBuiltInKeywords$click$9.call(Unknown Source)
	at Script1560161272678.run(Script1560161272678.groovy:72)
	... 13 more
)
	at com.kms.katalon.core.keyword.internal.KeywordMain.stepFailed(KeywordMain.groovy:37)
	at com.kms.katalon.core.webui.keyword.internal.WebUIKeywordMain.stepFailed(WebUIKeywordMain.groovy:64)
	at com.kms.katalon.core.webui.keyword.internal.WebUIKeywordMain.runKeyword(WebUIKeywordMain.groovy:26)
	at com.kms.katalon.core.webui.keyword.builtin.ClickKeyword.click(ClickKeyword.groovy:86)
	at com.kms.katalon.core.webui.keyword.builtin.ClickKeyword.execute(ClickKeyword.groovy:67)
	at com.kms.katalon.core.keyword.internal.KeywordExecutor.executeKeywordForPlatform(KeywordExecutor.groovy:56)
	at com.kms.katalon.core.webui.keyword.WebUiBuiltInKeywords.click(WebUiBuiltInKeywords.groovy:604)
	at com.kms.katalon.core.webui.keyword.WebUiBuiltInKeywords$click$9.call(Unknown Source)
	at Multi Add To Cart.run(Multi Add To Cart:72)
	at com.kms.katalon.core.main.ScriptEngine.run(ScriptEngine.java:194)
	at com.kms.katalon.core.main.ScriptEngine.runScriptAsRawText(ScriptEngine.java:119)
	at com.kms.katalon.core.main.TestCaseExecutor.runScript(TestCaseExecutor.java:331)
	at com.kms.katalon.core.main.TestCaseExecutor.doExecute(TestCaseExecutor.java:322)
	at com.kms.katalon.core.main.TestCaseExecutor.processExecutionPhase(TestCaseExecutor.java:301)
	at com.kms.katalon.core.main.TestCaseExecutor.accessMainPhase(TestCaseExecutor.java:293)
	at com.kms.katalon.core.main.TestCaseExecutor.execute(TestCaseExecutor.java:227)
	at com.kms.katalon.core.main.TestSuiteExecutor.accessTestCaseMainPhase(TestSuiteExecutor.java:129)
	at com.kms.katalon.core.main.TestSuiteExecutor.accessTestSuiteMainPhase(TestSuiteExecutor.java:112)
	at com.kms.katalon.core.main.TestSuiteExecutor.execute(TestSuiteExecutor.java:81)
	at com.kms.katalon.core.main.TestCaseMain.startTestSuite(TestCaseMain.java:157)
	at com.kms.katalon.core.main.TestCaseMain$startTestSuite$0.call(Unknown Source)
	at TempTestSuite1560947545213.run(TempTestSuite1560947545213.groovy:35)
Caused by: com.kms.katalon.core.exception.StepFailedException: Unable to click on object 'Object Repository/Page_Ship to Multiple Addresses - Magento Commerce/select_Multiple_address'
	... 21 more
Caused by: com.kms.katalon.core.webui.exception.WebElementNotFoundException: Web element with id: 'Object Repository/Page_Ship to Multiple Addresses - Magento Commerce/select_Multiple_address' located by 'By.xpath: //select[@id='ship_1_794_address'][count(. | //select[@name = 'ship[1][772][address]' and @id = 'ship_1_772_address' and (text() = 'Miss Himangi Tankha, Singapore, Singapore,  567890, SingaporeMiss Himangi Tankha, Test, Singapore,  567890, Singapore' or . = 'Miss Himangi Tankha, Singapore, Singapore,  567890, SingaporeMiss Himangi Tankha, Test, Singapore,  567890, Singapore')]) = count(//select[@name = 'ship[1][772][address]' and @id = 'ship_1_772_address' and (text() = 'Miss Himangi Tankha, Singapore, Singapore,  567890, SingaporeMiss Himangi Tankha, Test, Singapore,  567890, Singapore' or . = 'Miss Himangi Tankha, Singapore, Singapore,  567890, SingaporeMiss Himangi Tankha, Test, Singapore,  567890, Singapore')])]' not found
	at com.kms.katalon.core.webui.common.WebUiCommonHelper.findWebElement(WebUiCommonHelper.java:1053)
	at com.kms.katalon.core.webui.keyword.internal.WebUIAbstractKeyword.findWebElement(WebUIAbstractKeyword.groovy:27)
	at com.kms.katalon.core.webui.keyword.internal.WebUIAbstractKeyword.findWebElement(WebUIAbstractKeyword.groovy:26)
	at com.kms.katalon.core.webui.keyword.builtin.ClickKeyword$_click_closure1.doCall(ClickKeyword.groovy:77)
	at com.kms.katalon.core.webui.keyword.builtin.ClickKeyword$_click_closure1.call(ClickKeyword.groovy)
	at com.kms.katalon.core.webui.keyword.internal.WebUIKeywordMain.runKeyword(WebUIKeywordMain.groovy:20)
	at com.kms.katalon.core.webui.keyword.builtin.ClickKeyword.click(ClickKeyword.groovy:86)
	at com.kms.katalon.core.webui.keyword.builtin.ClickKeyword.execute(ClickKeyword.groovy:67)
	at com.kms.katalon.core.keyword.internal.KeywordExecutor.executeKeywordForPlatform(KeywordExecutor.groovy:56)
	at com.kms.katalon.core.webui.keyword.WebUiBuiltInKeywords.click(WebUiBuiltInKeywords.groovy:604)
	at com.kms.katalon.core.webui.keyword.WebUiBuiltInKeywords$click$9.call(Unknown Source)
	at Script1560161272678.run(Script1560161272678.groovy:72)
	... 13 more


2019-06-19 18:07:27 - [MESSAGE][FAILED] - Cannot take screenshot (Root cause: com.kms.katalon.core.exception.StepFailedException: Cannot take screenshot
	at com.kms.katalon.core.webui.keyword.internal.WebUIKeywordMain.stepFailed(WebUIKeywordMain.groovy:64)
	at com.kms.katalon.core.webui.keyword.internal.WebUIKeywordMain.runKeyword(WebUIKeywordMain.groovy:26)
	at com.kms.katalon.core.webui.keyword.builtin.TakeScreenshotKeyword.takeScreenshot(TakeScreenshotKeyword.groovy:88)
	at com.kms.katalon.core.webui.keyword.builtin.TakeScreenshotKeyword.execute(TakeScreenshotKeyword.groovy:71)
	at com.kms.katalon.core.keyword.internal.KeywordExecutor.executeKeywordForPlatform(KeywordExecutor.groovy:56)
	at com.kms.katalon.core.webui.keyword.WebUiBuiltInKeywords.takeScreenshot(WebUiBuiltInKeywords.groovy:2881)
	at com.kms.katalon.core.webui.keyword.WebUiBuiltInKeywords$takeScreenshot$11.call(Unknown Source)
	at Multi Add To Cart.run(Multi Add To Cart:125)
	at com.kms.katalon.core.main.ScriptEngine.run(ScriptEngine.java:194)
	at com.kms.katalon.core.main.ScriptEngine.runScriptAsRawText(ScriptEngine.java:119)
	at com.kms.katalon.core.main.TestCaseExecutor.runScript(TestCaseExecutor.java:331)
	at com.kms.katalon.core.main.TestCaseExecutor.doExecute(TestCaseExecutor.java:322)
	at com.kms.katalon.core.main.TestCaseExecutor.processExecutionPhase(TestCaseExecutor.java:301)
	at com.kms.katalon.core.main.TestCaseExecutor.accessMainPhase(TestCaseExecutor.java:293)
	at com.kms.katalon.core.main.TestCaseExecutor.execute(TestCaseExecutor.java:227)
	at com.kms.katalon.core.main.TestSuiteExecutor.accessTestCaseMainPhase(TestSuiteExecutor.java:129)
	at com.kms.katalon.core.main.TestSuiteExecutor.accessTestSuiteMainPhase(TestSuiteExecutor.java:112)
	at com.kms.katalon.core.main.TestSuiteExecutor.execute(TestSuiteExecutor.java:81)
	at com.kms.katalon.core.main.TestCaseMain.startTestSuite(TestCaseMain.java:157)
	at com.kms.katalon.core.main.TestCaseMain$startTestSuite$0.call(Unknown Source)
	at TempTestSuite1560947545213.run(TempTestSuite1560947545213.groovy:35)
Caused by: java.io.FileNotFoundException: D:\Katalon\Demo\screenshot_"+ todaysDate +"-" + nowTime +".PNG (The filename, directory name, or volume label syntax is incorrect)
	at org.apache.commons.io.FileUtils.doCopyFile(FileUtils.java:1142)
	at org.apache.commons.io.FileUtils.copyFile(FileUtils.java:1088)
	at com.kms.katalon.core.webui.util.FileUtil.takesScreenshot(FileUtil.java:27)
	at com.kms.katalon.core.webui.keyword.builtin.TakeScreenshotKeyword$_takeScreenshot_closure1.doCall(TakeScreenshotKeyword.groovy:89)
	at com.kms.katalon.core.webui.keyword.builtin.TakeScreenshotKeyword$_takeScreenshot_closure1.call(TakeScreenshotKeyword.groovy)
	at com.kms.katalon.core.webui.keyword.internal.WebUIKeywordMain.runKeyword(WebUIKeywordMain.groovy:20)
	at com.kms.katalon.core.webui.keyword.builtin.TakeScreenshotKeyword.takeScreenshot(TakeScreenshotKeyword.groovy:88)
	at com.kms.katalon.core.webui.keyword.builtin.TakeScreenshotKeyword.execute(TakeScreenshotKeyword.groovy:71)
	at com.kms.katalon.core.keyword.internal.KeywordExecutor.executeKeywordForPlatform(KeywordExecutor.groovy:56)
	at com.kms.katalon.core.webui.keyword.WebUiBuiltInKeywords.takeScreenshot(WebUiBuiltInKeywords.groovy:2881)
	at com.kms.katalon.core.webui.keyword.WebUiBuiltInKeywords$takeScreenshot$11.call(Unknown Source)
	at Script1560161272678.run(Script1560161272678.groovy:125)
	... 13 more
)
[[ATTACHMENT|C:\\Users\\Himangi\\git\\thethreadtheory\\Reports\\Multiple Address Checkout\\20190619_180225\\1560947847205.png]]

2019-06-19 18:07:27 - [MESSAGE][FAILED] - takeScreenshot("D:\Katalon\Demo\screenshot_"+ todaysDate +"-" + nowTime +".PNG") FAILED.
Reason:
com.kms.katalon.core.exception.StepFailedException: Unable to click on object 'Object Repository/Page_Ship to Multiple Addresses - Magento Commerce/select_Multiple_address' (Root cause: com.kms.katalon.core.exception.StepFailedException: Unable to click on object 'Object Repository/Page_Ship to Multiple Addresses - Magento Commerce/select_Multiple_address'
	at com.kms.katalon.core.webui.keyword.internal.WebUIKeywordMain.stepFailed(WebUIKeywordMain.groovy:64)
	at com.kms.katalon.core.webui.keyword.internal.WebUIKeywordMain.runKeyword(WebUIKeywordMain.groovy:26)
	at com.kms.katalon.core.webui.keyword.builtin.ClickKeyword.click(ClickKeyword.groovy:86)
	at com.kms.katalon.core.webui.keyword.builtin.ClickKeyword.execute(ClickKeyword.groovy:67)
	at com.kms.katalon.core.keyword.internal.KeywordExecutor.executeKeywordForPlatform(KeywordExecutor.groovy:56)
	at com.kms.katalon.core.webui.keyword.WebUiBuiltInKeywords.click(WebUiBuiltInKeywords.groovy:604)
	at com.kms.katalon.core.webui.keyword.WebUiBuiltInKeywords$click$9.call(Unknown Source)
	at Multi Add To Cart.run(Multi Add To Cart:72)
	at com.kms.katalon.core.main.ScriptEngine.run(ScriptEngine.java:194)
	at com.kms.katalon.core.main.ScriptEngine.runScriptAsRawText(ScriptEngine.java:119)
	at com.kms.katalon.core.main.TestCaseExecutor.runScript(TestCaseExecutor.java:331)
	at com.kms.katalon.core.main.TestCaseExecutor.doExecute(TestCaseExecutor.java:322)
	at com.kms.katalon.core.main.TestCaseExecutor.processExecutionPhase(TestCaseExecutor.java:301)
	at com.kms.katalon.core.main.TestCaseExecutor.accessMainPhase(TestCaseExecutor.java:293)
	at com.kms.katalon.core.main.TestCaseExecutor.execute(TestCaseExecutor.java:227)
	at com.kms.katalon.core.main.TestSuiteExecutor.accessTestCaseMainPhase(TestSuiteExecutor.java:129)
	at com.kms.katalon.core.main.TestSuiteExecutor.accessTestSuiteMainPhase(TestSuiteExecutor.java:112)
	at com.kms.katalon.core.main.TestSuiteExecutor.execute(TestSuiteExecutor.java:81)
	at com.kms.katalon.core.main.TestCaseMain.startTestSuite(TestCaseMain.java:157)
	at com.kms.katalon.core.main.TestCaseMain$startTestSuite$0.call(Unknown Source)
	at TempTestSuite1560947545213.run(TempTestSuite1560947545213.groovy:35)
Caused by: com.kms.katalon.core.webui.exception.WebElementNotFoundException: Web element with id: 'Object Repository/Page_Ship to Multiple Addresses - Magento Commerce/select_Multiple_address' located by 'By.xpath: //select[@id='ship_1_794_address'][count(. | //select[@name = 'ship[1][772][address]' and @id = 'ship_1_772_address' and (text() = 'Miss Himangi Tankha, Singapore, Singapore,  567890, SingaporeMiss Himangi Tankha, Test, Singapore,  567890, Singapore' or . = 'Miss Himangi Tankha, Singapore, Singapore,  567890, SingaporeMiss Himangi Tankha, Test, Singapore,  567890, Singapore')]) = count(//select[@name = 'ship[1][772][address]' and @id = 'ship_1_772_address' and (text() = 'Miss Himangi Tankha, Singapore, Singapore,  567890, SingaporeMiss Himangi Tankha, Test, Singapore,  567890, Singapore' or . = 'Miss Himangi Tankha, Singapore, Singapore,  567890, SingaporeMiss Himangi Tankha, Test, Singapore,  567890, Singapore')])]' not found
	at com.kms.katalon.core.webui.common.WebUiCommonHelper.findWebElement(WebUiCommonHelper.java:1053)
	at com.kms.katalon.core.webui.keyword.internal.WebUIAbstractKeyword.findWebElement(WebUIAbstractKeyword.groovy:27)
	at com.kms.katalon.core.webui.keyword.internal.WebUIAbstractKeyword.findWebElement(WebUIAbstractKeyword.groovy:26)
	at com.kms.katalon.core.webui.keyword.builtin.ClickKeyword$_click_closure1.doCall(ClickKeyword.groovy:77)
	at com.kms.katalon.core.webui.keyword.builtin.ClickKeyword$_click_closure1.call(ClickKeyword.groovy)
	at com.kms.katalon.core.webui.keyword.internal.WebUIKeywordMain.runKeyword(WebUIKeywordMain.groovy:20)
	at com.kms.katalon.core.webui.keyword.builtin.ClickKeyword.click(ClickKeyword.groovy:86)
	at com.kms.katalon.core.webui.keyword.builtin.ClickKeyword.execute(ClickKeyword.groovy:67)
	at com.kms.katalon.core.keyword.internal.KeywordExecutor.executeKeywordForPlatform(KeywordExecutor.groovy:56)
	at com.kms.katalon.core.webui.keyword.WebUiBuiltInKeywords.click(WebUiBuiltInKeywords.groovy:604)
	at com.kms.katalon.core.webui.keyword.WebUiBuiltInKeywords$click$9.call(Unknown Source)
	at Script1560161272678.run(Script1560161272678.groovy:72)
	... 13 more
)
	at com.kms.katalon.core.keyword.internal.KeywordMain.stepFailed(KeywordMain.groovy:37)
	at com.kms.katalon.core.webui.keyword.internal.WebUIKeywordMain.stepFailed(WebUIKeywordMain.groovy:64)
	at com.kms.katalon.core.webui.keyword.internal.WebUIKeywordMain.runKeyword(WebUIKeywordMain.groovy:26)
	at com.kms.katalon.core.webui.keyword.builtin.ClickKeyword.click(ClickKeyword.groovy:86)
	at com.kms.katalon.core.webui.keyword.builtin.ClickKeyword.execute(ClickKeyword.groovy:67)
	at com.kms.katalon.core.keyword.internal.KeywordExecutor.executeKeywordForPlatform(KeywordExecutor.groovy:56)
	at com.kms.katalon.core.webui.keyword.WebUiBuiltInKeywords.click(WebUiBuiltInKeywords.groovy:604)
	at com.kms.katalon.core.webui.keyword.WebUiBuiltInKeywords$click$9.call(Unknown Source)
	at Multi Add To Cart.run(Multi Add To Cart:72)
	at com.kms.katalon.core.main.ScriptEngine.run(ScriptEngine.java:194)
	at com.kms.katalon.core.main.ScriptEngine.runScriptAsRawText(ScriptEngine.java:119)
	at com.kms.katalon.core.main.TestCaseExecutor.runScript(TestCaseExecutor.java:331)
	at com.kms.katalon.core.main.TestCaseExecutor.doExecute(TestCaseExecutor.java:322)
	at com.kms.katalon.core.main.TestCaseExecutor.processExecutionPhase(TestCaseExecutor.java:301)
	at com.kms.katalon.core.main.TestCaseExecutor.accessMainPhase(TestCaseExecutor.java:293)
	at com.kms.katalon.core.main.TestCaseExecutor.execute(TestCaseExecutor.java:227)
	at com.kms.katalon.core.main.TestSuiteExecutor.accessTestCaseMainPhase(TestSuiteExecutor.java:129)
	at com.kms.katalon.core.main.TestSuiteExecutor.accessTestSuiteMainPhase(TestSuiteExecutor.java:112)
	at com.kms.katalon.core.main.TestSuiteExecutor.execute(TestSuiteExecutor.java:81)
	at com.kms.katalon.core.main.TestCaseMain.startTestSuite(TestCaseMain.java:157)
	at com.kms.katalon.core.main.TestCaseMain$startTestSuite$0.call(Unknown Source)
	at TempTestSuite1560947545213.run(TempTestSuite1560947545213.groovy:35)
Caused by: com.kms.katalon.core.exception.StepFailedException: Unable to click on object 'Object Repository/Page_Ship to Multiple Addresses - Magento Commerce/select_Multiple_address'
	... 21 more
Caused by: com.kms.katalon.core.webui.exception.WebElementNotFoundException: Web element with id: 'Object Repository/Page_Ship to Multiple Addresses - Magento Commerce/select_Multiple_address' located by 'By.xpath: //select[@id='ship_1_794_address'][count(. | //select[@name = 'ship[1][772][address]' and @id = 'ship_1_772_address' and (text() = 'Miss Himangi Tankha, Singapore, Singapore,  567890, SingaporeMiss Himangi Tankha, Test, Singapore,  567890, Singapore' or . = 'Miss Himangi Tankha, Singapore, Singapore,  567890, SingaporeMiss Himangi Tankha, Test, Singapore,  567890, Singapore')]) = count(//select[@name = 'ship[1][772][address]' and @id = 'ship_1_772_address' and (text() = 'Miss Himangi Tankha, Singapore, Singapore,  567890, SingaporeMiss Himangi Tankha, Test, Singapore,  567890, Singapore' or . = 'Miss Himangi Tankha, Singapore, Singapore,  567890, SingaporeMiss Himangi Tankha, Test, Singapore,  567890, Singapore')])]' not found
	at com.kms.katalon.core.webui.common.WebUiCommonHelper.findWebElement(WebUiCommonHelper.java:1053)
	at com.kms.katalon.core.webui.keyword.internal.WebUIAbstractKeyword.findWebElement(WebUIAbstractKeyword.groovy:27)
	at com.kms.katalon.core.webui.keyword.internal.WebUIAbstractKeyword.findWebElement(WebUIAbstractKeyword.groovy:26)
	at com.kms.katalon.core.webui.keyword.builtin.ClickKeyword$_click_closure1.doCall(ClickKeyword.groovy:77)
	at com.kms.katalon.core.webui.keyword.builtin.ClickKeyword$_click_closure1.call(ClickKeyword.groovy)
	at com.kms.katalon.core.webui.keyword.internal.WebUIKeywordMain.runKeyword(WebUIKeywordMain.groovy:20)
	at com.kms.katalon.core.webui.keyword.builtin.ClickKeyword.click(ClickKeyword.groovy:86)
	at com.kms.katalon.core.webui.keyword.builtin.ClickKeyword.execute(ClickKeyword.groovy:67)
	at com.kms.katalon.core.keyword.internal.KeywordExecutor.executeKeywordForPlatform(KeywordExecutor.groovy:56)
	at com.kms.katalon.core.webui.keyword.WebUiBuiltInKeywords.click(WebUiBuiltInKeywords.groovy:604)
	at com.kms.katalon.core.webui.keyword.WebUiBuiltInKeywords$click$9.call(Unknown Source)
	at Script1560161272678.run(Script1560161272678.groovy:72)
	... 13 more]]></system-out>
         <system-err><![CDATA[2019-06-19 18:03:33 - [TEST_CASE][FAILED] - Test Cases/Multi Add To Cart: Test Cases/Multi Add To Cart FAILED.
Reason:
com.kms.katalon.core.exception.StepFailedException: Unable to click on object 'Object Repository/Page_Ship to Multiple Addresses - Magento Commerce/select_Multiple_address' (Root cause: com.kms.katalon.core.exception.StepFailedException: Unable to click on object 'Object Repository/Page_Ship to Multiple Addresses - Magento Commerce/select_Multiple_address'
	at com.kms.katalon.core.webui.keyword.internal.WebUIKeywordMain.stepFailed(WebUIKeywordMain.groovy:64)
	at com.kms.katalon.core.webui.keyword.internal.WebUIKeywordMain.runKeyword(WebUIKeywordMain.groovy:26)
	at com.kms.katalon.core.webui.keyword.builtin.ClickKeyword.click(ClickKeyword.groovy:86)
	at com.kms.katalon.core.webui.keyword.builtin.ClickKeyword.execute(ClickKeyword.groovy:67)
	at com.kms.katalon.core.keyword.internal.KeywordExecutor.executeKeywordForPlatform(KeywordExecutor.groovy:56)
	at com.kms.katalon.core.webui.keyword.WebUiBuiltInKeywords.click(WebUiBuiltInKeywords.groovy:604)
	at com.kms.katalon.core.webui.keyword.WebUiBuiltInKeywords$click$9.call(Unknown Source)
	at Multi Add To Cart.run(Multi Add To Cart:72)
	at com.kms.katalon.core.main.ScriptEngine.run(ScriptEngine.java:194)
	at com.kms.katalon.core.main.ScriptEngine.runScriptAsRawText(ScriptEngine.java:119)
	at com.kms.katalon.core.main.TestCaseExecutor.runScript(TestCaseExecutor.java:331)
	at com.kms.katalon.core.main.TestCaseExecutor.doExecute(TestCaseExecutor.java:322)
	at com.kms.katalon.core.main.TestCaseExecutor.processExecutionPhase(TestCaseExecutor.java:301)
	at com.kms.katalon.core.main.TestCaseExecutor.accessMainPhase(TestCaseExecutor.java:293)
	at com.kms.katalon.core.main.TestCaseExecutor.execute(TestCaseExecutor.java:227)
	at com.kms.katalon.core.main.TestSuiteExecutor.accessTestCaseMainPhase(TestSuiteExecutor.java:129)
	at com.kms.katalon.core.main.TestSuiteExecutor.accessTestSuiteMainPhase(TestSuiteExecutor.java:112)
	at com.kms.katalon.core.main.TestSuiteExecutor.execute(TestSuiteExecutor.java:81)
	at com.kms.katalon.core.main.TestCaseMain.startTestSuite(TestCaseMain.java:157)
	at com.kms.katalon.core.main.TestCaseMain$startTestSuite$0.call(Unknown Source)
	at TempTestSuite1560947545213.run(TempTestSuite1560947545213.groovy:35)
Caused by: com.kms.katalon.core.webui.exception.WebElementNotFoundException: Web element with id: 'Object Repository/Page_Ship to Multiple Addresses - Magento Commerce/select_Multiple_address' located by 'By.xpath: //select[@id='ship_1_794_address'][count(. | //select[@name = 'ship[1][772][address]' and @id = 'ship_1_772_address' and (text() = 'Miss Himangi Tankha, Singapore, Singapore,  567890, SingaporeMiss Himangi Tankha, Test, Singapore,  567890, Singapore' or . = 'Miss Himangi Tankha, Singapore, Singapore,  567890, SingaporeMiss Himangi Tankha, Test, Singapore,  567890, Singapore')]) = count(//select[@name = 'ship[1][772][address]' and @id = 'ship_1_772_address' and (text() = 'Miss Himangi Tankha, Singapore, Singapore,  567890, SingaporeMiss Himangi Tankha, Test, Singapore,  567890, Singapore' or . = 'Miss Himangi Tankha, Singapore, Singapore,  567890, SingaporeMiss Himangi Tankha, Test, Singapore,  567890, Singapore')])]' not found
	at com.kms.katalon.core.webui.common.WebUiCommonHelper.findWebElement(WebUiCommonHelper.java:1053)
	at com.kms.katalon.core.webui.keyword.internal.WebUIAbstractKeyword.findWebElement(WebUIAbstractKeyword.groovy:27)
	at com.kms.katalon.core.webui.keyword.internal.WebUIAbstractKeyword.findWebElement(WebUIAbstractKeyword.groovy:26)
	at com.kms.katalon.core.webui.keyword.builtin.ClickKeyword$_click_closure1.doCall(ClickKeyword.groovy:77)
	at com.kms.katalon.core.webui.keyword.builtin.ClickKeyword$_click_closure1.call(ClickKeyword.groovy)
	at com.kms.katalon.core.webui.keyword.internal.WebUIKeywordMain.runKeyword(WebUIKeywordMain.groovy:20)
	at com.kms.katalon.core.webui.keyword.builtin.ClickKeyword.click(ClickKeyword.groovy:86)
	at com.kms.katalon.core.webui.keyword.builtin.ClickKeyword.execute(ClickKeyword.groovy:67)
	at com.kms.katalon.core.keyword.internal.KeywordExecutor.executeKeywordForPlatform(KeywordExecutor.groovy:56)
	at com.kms.katalon.core.webui.keyword.WebUiBuiltInKeywords.click(WebUiBuiltInKeywords.groovy:604)
	at com.kms.katalon.core.webui.keyword.WebUiBuiltInKeywords$click$9.call(Unknown Source)
	at Script1560161272678.run(Script1560161272678.groovy:72)
	... 13 more
)
	at com.kms.katalon.core.keyword.internal.KeywordMain.stepFailed(KeywordMain.groovy:37)
	at com.kms.katalon.core.webui.keyword.internal.WebUIKeywordMain.stepFailed(WebUIKeywordMain.groovy:64)
	at com.kms.katalon.core.webui.keyword.internal.WebUIKeywordMain.runKeyword(WebUIKeywordMain.groovy:26)
	at com.kms.katalon.core.webui.keyword.builtin.ClickKeyword.click(ClickKeyword.groovy:86)
	at com.kms.katalon.core.webui.keyword.builtin.ClickKeyword.execute(ClickKeyword.groovy:67)
	at com.kms.katalon.core.keyword.internal.KeywordExecutor.executeKeywordForPlatform(KeywordExecutor.groovy:56)
	at com.kms.katalon.core.webui.keyword.WebUiBuiltInKeywords.click(WebUiBuiltInKeywords.groovy:604)
	at com.kms.katalon.core.webui.keyword.WebUiBuiltInKeywords$click$9.call(Unknown Source)
	at Multi Add To Cart.run(Multi Add To Cart:72)
	at com.kms.katalon.core.main.ScriptEngine.run(ScriptEngine.java:194)
	at com.kms.katalon.core.main.ScriptEngine.runScriptAsRawText(ScriptEngine.java:119)
	at com.kms.katalon.core.main.TestCaseExecutor.runScript(TestCaseExecutor.java:331)
	at com.kms.katalon.core.main.TestCaseExecutor.doExecute(TestCaseExecutor.java:322)
	at com.kms.katalon.core.main.TestCaseExecutor.processExecutionPhase(TestCaseExecutor.java:301)
	at com.kms.katalon.core.main.TestCaseExecutor.accessMainPhase(TestCaseExecutor.java:293)
	at com.kms.katalon.core.main.TestCaseExecutor.execute(TestCaseExecutor.java:227)
	at com.kms.katalon.core.main.TestSuiteExecutor.accessTestCaseMainPhase(TestSuiteExecutor.java:129)
	at com.kms.katalon.core.main.TestSuiteExecutor.accessTestSuiteMainPhase(TestSuiteExecutor.java:112)
	at com.kms.katalon.core.main.TestSuiteExecutor.execute(TestSuiteExecutor.java:81)
	at com.kms.katalon.core.main.TestCaseMain.startTestSuite(TestCaseMain.java:157)
	at com.kms.katalon.core.main.TestCaseMain$startTestSuite$0.call(Unknown Source)
	at TempTestSuite1560947545213.run(TempTestSuite1560947545213.groovy:35)
Caused by: com.kms.katalon.core.exception.StepFailedException: Unable to click on object 'Object Repository/Page_Ship to Multiple Addresses - Magento Commerce/select_Multiple_address'
	... 21 more
Caused by: com.kms.katalon.core.webui.exception.WebElementNotFoundException: Web element with id: 'Object Repository/Page_Ship to Multiple Addresses - Magento Commerce/select_Multiple_address' located by 'By.xpath: //select[@id='ship_1_794_address'][count(. | //select[@name = 'ship[1][772][address]' and @id = 'ship_1_772_address' and (text() = 'Miss Himangi Tankha, Singapore, Singapore,  567890, SingaporeMiss Himangi Tankha, Test, Singapore,  567890, Singapore' or . = 'Miss Himangi Tankha, Singapore, Singapore,  567890, SingaporeMiss Himangi Tankha, Test, Singapore,  567890, Singapore')]) = count(//select[@name = 'ship[1][772][address]' and @id = 'ship_1_772_address' and (text() = 'Miss Himangi Tankha, Singapore, Singapore,  567890, SingaporeMiss Himangi Tankha, Test, Singapore,  567890, Singapore' or . = 'Miss Himangi Tankha, Singapore, Singapore,  567890, SingaporeMiss Himangi Tankha, Test, Singapore,  567890, Singapore')])]' not found
	at com.kms.katalon.core.webui.common.WebUiCommonHelper.findWebElement(WebUiCommonHelper.java:1053)
	at com.kms.katalon.core.webui.keyword.internal.WebUIAbstractKeyword.findWebElement(WebUIAbstractKeyword.groovy:27)
	at com.kms.katalon.core.webui.keyword.internal.WebUIAbstractKeyword.findWebElement(WebUIAbstractKeyword.groovy:26)
	at com.kms.katalon.core.webui.keyword.builtin.ClickKeyword$_click_closure1.doCall(ClickKeyword.groovy:77)
	at com.kms.katalon.core.webui.keyword.builtin.ClickKeyword$_click_closure1.call(ClickKeyword.groovy)
	at com.kms.katalon.core.webui.keyword.internal.WebUIKeywordMain.runKeyword(WebUIKeywordMain.groovy:20)
	at com.kms.katalon.core.webui.keyword.builtin.ClickKeyword.click(ClickKeyword.groovy:86)
	at com.kms.katalon.core.webui.keyword.builtin.ClickKeyword.execute(ClickKeyword.groovy:67)
	at com.kms.katalon.core.keyword.internal.KeywordExecutor.executeKeywordForPlatform(KeywordExecutor.groovy:56)
	at com.kms.katalon.core.webui.keyword.WebUiBuiltInKeywords.click(WebUiBuiltInKeywords.groovy:604)
	at com.kms.katalon.core.webui.keyword.WebUiBuiltInKeywords$click$9.call(Unknown Source)
	at Script1560161272678.run(Script1560161272678.groovy:72)
	... 13 more]]></system-err>
      </testcase>
      <testcase name="Test Cases/Add Receipt PayNow" classname="Test Cases/Add Receipt PayNow" status="PASSED">
         <system-out><![CDATA[2019-06-19 18:07:27 - [TEST_CASE][PASSED] - Test Cases/Add Receipt PayNow: Test Cases/Add Receipt PayNow

2019-06-19 18:07:27 - [TEST_STEP][PASSED] - click(findTestObject("My Order/Page_My Orders/img")): Object: 'Object Repository/My Order/Page_My Orders/img' is clicked on

2019-06-19 18:07:30 - [MESSAGE][PASSED] - Object: 'Object Repository/My Order/Page_My Orders/img' is clicked on

2019-06-19 18:07:30 - [TEST_STEP][PASSED] - delay(10): Delayed 10 second(s)

2019-06-19 18:07:40 - [MESSAGE][PASSED] - Delayed 10 second(s)

2019-06-19 18:07:40 - [TEST_STEP][PASSED] - click(findTestObject("Add Receipt/Page_Welcome to The Thread Theory  The Thread Theory/span_Start shopping now _login-b-icon")): Object: 'Object Repository/Add Receipt/Page_Welcome to The Thread Theory  The Thread Theory/span_Start shopping now _login-b-icon' is clicked on

2019-06-19 18:07:40 - [MESSAGE][PASSED] - Object: 'Object Repository/Add Receipt/Page_Welcome to The Thread Theory  The Thread Theory/span_Start shopping now _login-b-icon' is clicked on

2019-06-19 18:07:40 - [TEST_STEP][PASSED] - click(findTestObject("Add Receipt/Page_Welcome to The Thread Theory  The Thread Theory/li_My Orders")): Object: 'Object Repository/Add Receipt/Page_Welcome to The Thread Theory  The Thread Theory/li_My Orders' is clicked on

2019-06-19 18:07:43 - [MESSAGE][PASSED] - Object: 'Object Repository/Add Receipt/Page_Welcome to The Thread Theory  The Thread Theory/li_My Orders' is clicked on

2019-06-19 18:07:43 - [TEST_STEP][PASSED] - delay(5): Delayed 5 second(s)

2019-06-19 18:07:48 - [MESSAGE][PASSED] - Delayed 5 second(s)

2019-06-19 18:07:48 - [TEST_STEP][PASSED] - click(findTestObject("Add Receipt/Page_My Orders/span_View Order")): Object: 'Object Repository/Add Receipt/Page_My Orders/span_View Order' is clicked on

2019-06-19 18:07:50 - [MESSAGE][PASSED] - Object: 'Object Repository/Add Receipt/Page_My Orders/span_View Order' is clicked on

2019-06-19 18:07:50 - [TEST_STEP][PASSED] - delay(5): Delayed 5 second(s)

2019-06-19 18:07:55 - [MESSAGE][PASSED] - Delayed 5 second(s)

2019-06-19 18:07:55 - [TEST_STEP][PASSED] - click(findTestObject("Add Receipt/Page_Order  000000052/span_Add Receipt")): Object: 'Object Repository/Add Receipt/Page_Order  000000052/span_Add Receipt' is clicked on

2019-06-19 18:07:58 - [MESSAGE][PASSED] - Object: 'Object Repository/Add Receipt/Page_Order  000000052/span_Add Receipt' is clicked on

2019-06-19 18:07:58 - [TEST_STEP][PASSED] - delay(5): Delayed 5 second(s)

2019-06-19 18:08:03 - [MESSAGE][PASSED] - Delayed 5 second(s)

2019-06-19 18:08:03 - [TEST_STEP][PASSED] - click(findTestObject("Add Receipt/Page_Payment Receipt/input__tran_datetime")): Object: 'Object Repository/Add Receipt/Page_Payment Receipt/input__tran_datetime' is clicked on

2019-06-19 18:08:03 - [MESSAGE][PASSED] - Object: 'Object Repository/Add Receipt/Page_Payment Receipt/input__tran_datetime' is clicked on

2019-06-19 18:08:03 - [TEST_STEP][PASSED] - doubleClick(findTestObject("Add Receipt/Page_Payment Receipt/span_Prev")): Object: 'Object Repository/Add Receipt/Page_Payment Receipt/span_Prev' is double clicked on

2019-06-19 18:08:04 - [MESSAGE][PASSED] - Object: 'Object Repository/Add Receipt/Page_Payment Receipt/span_Prev' is double clicked on

2019-06-19 18:08:04 - [TEST_STEP][PASSED] - delay(5): Delayed 5 second(s)

2019-06-19 18:08:09 - [MESSAGE][PASSED] - Delayed 5 second(s)

2019-06-19 18:08:09 - [TEST_STEP][PASSED] - click(findTestObject("Add Receipt/Page_Payment Receipt/a_17")): Object: 'Object Repository/Add Receipt/Page_Payment Receipt/a_17' is clicked on

2019-06-19 18:08:09 - [MESSAGE][PASSED] - Object: 'Object Repository/Add Receipt/Page_Payment Receipt/a_17' is clicked on

2019-06-19 18:08:09 - [TEST_STEP][PASSED] - delay(5): Delayed 5 second(s)

2019-06-19 18:08:14 - [MESSAGE][PASSED] - Delayed 5 second(s)

2019-06-19 18:08:14 - [TEST_STEP][PASSED] - click(findTestObject("Add Receipt/Page_Payment Receipt/button_Now")): Object: 'Object Repository/Add Receipt/Page_Payment Receipt/button_Now' is clicked on

2019-06-19 18:08:14 - [MESSAGE][PASSED] - Object: 'Object Repository/Add Receipt/Page_Payment Receipt/button_Now' is clicked on

2019-06-19 18:08:14 - [TEST_STEP][PASSED] - click(findTestObject("Add Receipt/Page_Payment Receipt/button_Done")): Object: 'Object Repository/Add Receipt/Page_Payment Receipt/button_Done' is clicked on

2019-06-19 18:08:14 - [MESSAGE][PASSED] - Object: 'Object Repository/Add Receipt/Page_Payment Receipt/button_Done' is clicked on

2019-06-19 18:08:14 - [TEST_STEP][PASSED] - setText(findTestObject("Add Receipt/Page_Payment Receipt/input__reference_no"), "254178"): Text '254178' is set on object 'Object Repository/Add Receipt/Page_Payment Receipt/input__reference_no'

2019-06-19 18:08:14 - [MESSAGE][PASSED] - Text '254178' is set on object 'Object Repository/Add Receipt/Page_Payment Receipt/input__reference_no'

2019-06-19 18:08:14 - [TEST_STEP][PASSED] - setText(findTestObject("Add Receipt/Page_Payment Receipt/input__initials"), "Himangi"): Text 'Himangi' is set on object 'Object Repository/Add Receipt/Page_Payment Receipt/input__initials'

2019-06-19 18:08:14 - [MESSAGE][PASSED] - Text 'Himangi' is set on object 'Object Repository/Add Receipt/Page_Payment Receipt/input__initials'

2019-06-19 18:08:14 - [TEST_STEP][PASSED] - setText(findTestObject("Add Receipt/Page_Payment Receipt/input__amount"), "53"): Text '53' is set on object 'Object Repository/Add Receipt/Page_Payment Receipt/input__amount'

2019-06-19 18:08:14 - [MESSAGE][PASSED] - Text '53' is set on object 'Object Repository/Add Receipt/Page_Payment Receipt/input__amount'

2019-06-19 18:08:14 - [TEST_STEP][PASSED] - setText(findTestObject("Add Receipt/Page_Payment Receipt/input__bank_name"), "DBS Bank"): Text 'DBS Bank' is set on object 'Object Repository/Add Receipt/Page_Payment Receipt/input__bank_name'

2019-06-19 18:08:14 - [MESSAGE][PASSED] - Text 'DBS Bank' is set on object 'Object Repository/Add Receipt/Page_Payment Receipt/input__bank_name'

2019-06-19 18:08:14 - [TEST_STEP][PASSED] - delay(5): Delayed 5 second(s)

2019-06-19 18:08:19 - [MESSAGE][PASSED] - Delayed 5 second(s)

2019-06-19 18:08:19 - [TEST_STEP][NOT_RUN] - uploadFile(findTestObject("UploadFile/Page_Payment Receipt/input_Upload Receipt_receipt"), "C:\Users\Ranosys\Downloads\ATM Receipt.jpg"): NOT_RUN: uploadFile(findTestObject("UploadFile/Page_Payment Receipt/input_Upload Receipt_receipt"), "C:\Users\Ranosys\Downloads\ATM Receipt.jpg")

2019-06-19 18:08:19 - [MESSAGE][NOT_RUN] - NOT_RUN: uploadFile(findTestObject("UploadFile/Page_Payment Receipt/input_Upload Receipt_receipt"), "C:\Users\Ranosys\Downloads\ATM Receipt.jpg")

2019-06-19 18:08:19 - [TEST_STEP][NOT_RUN] - uploadfile.uploadFile(findTestObject("UploadFile/Page_Payment Receipt/input_Upload Receipt_receipt"), "D:\ATM Receipt.jpg"): NOT_RUN: uploadfile.uploadFile(findTestObject("UploadFile/Page_Payment Receipt/input_Upload Receipt_receipt"), "D:\ATM Receipt.jpg")

2019-06-19 18:08:19 - [MESSAGE][NOT_RUN] - NOT_RUN: uploadfile.uploadFile(findTestObject("UploadFile/Page_Payment Receipt/input_Upload Receipt_receipt"), "D:\ATM Receipt.jpg")

2019-06-19 18:08:19 - [TEST_STEP][PASSED] - delay(5): Delayed 5 second(s)

2019-06-19 18:08:24 - [MESSAGE][PASSED] - Delayed 5 second(s)

2019-06-19 18:08:24 - [TEST_STEP][PASSED] - click(findTestObject("Add Receipt/Page_Payment Receipt/button_Submit")): Object: 'Object Repository/Add Receipt/Page_Payment Receipt/button_Submit' is clicked on

2019-06-19 18:08:25 - [MESSAGE][PASSED] - Object: 'Object Repository/Add Receipt/Page_Payment Receipt/button_Submit' is clicked on

2019-06-19 18:08:25 - [TEST_STEP][PASSED] - delay(10): Delayed 10 second(s)

2019-06-19 18:08:35 - [MESSAGE][PASSED] - Delayed 10 second(s)

2019-06-19 18:08:35 - [TEST_STEP][PASSED] - click(findTestObject("Object Repository/add to cart/Page_Welcome to The Thread Theory  The Thread Theory/span_Start shopping now _login-icon")): Object: 'Object Repository/add to cart/Page_Welcome to The Thread Theory  The Thread Theory/span_Start shopping now _login-icon' is clicked on

2019-06-19 18:08:35 - [MESSAGE][PASSED] - Object: 'Object Repository/add to cart/Page_Welcome to The Thread Theory  The Thread Theory/span_Start shopping now _login-icon' is clicked on

2019-06-19 18:08:35 - [TEST_STEP][PASSED] - click(findTestObject("My Order/Page_Welcome to The Thread Theory  The Thread Theory/a_Logout")): Object: 'Object Repository/My Order/Page_Welcome to The Thread Theory  The Thread Theory/a_Logout' is clicked on

2019-06-19 18:08:38 - [MESSAGE][PASSED] - Object: 'Object Repository/My Order/Page_Welcome to The Thread Theory  The Thread Theory/a_Logout' is clicked on

2019-06-19 18:08:38 - [TEST_STEP][PASSED] - delay(10): Delayed 10 second(s)

2019-06-19 18:08:48 - [MESSAGE][PASSED] - Delayed 10 second(s)

2019-06-19 18:08:48 - [TEST_STEP][PASSED] - closeBrowser(): Browser is closed

2019-06-19 18:08:49 - [MESSAGE][PASSED] - Browser is closed]]></system-out>
         <system-err><![CDATA[]]></system-err>
      </testcase>
      <system-out><![CDATA[2019-06-19 18:02:26 - [TEST_SUITE][FAILED] - Multiple Address Checkout: Test Cases/Multi Add To Cart FAILED.
Reason:
com.kms.katalon.core.exception.StepFailedException: Unable to click on object 'Object Repository/Page_Ship to Multiple Addresses - Magento Commerce/select_Multiple_address' (Root cause: com.kms.katalon.core.exception.StepFailedException: Unable to click on object 'Object Repository/Page_Ship to Multiple Addresses - Magento Commerce/select_Multiple_address'
	at com.kms.katalon.core.webui.keyword.internal.WebUIKeywordMain.stepFailed(WebUIKeywordMain.groovy:64)
	at com.kms.katalon.core.webui.keyword.internal.WebUIKeywordMain.runKeyword(WebUIKeywordMain.groovy:26)
	at com.kms.katalon.core.webui.keyword.builtin.ClickKeyword.click(ClickKeyword.groovy:86)
	at com.kms.katalon.core.webui.keyword.builtin.ClickKeyword.execute(ClickKeyword.groovy:67)
	at com.kms.katalon.core.keyword.internal.KeywordExecutor.executeKeywordForPlatform(KeywordExecutor.groovy:56)
	at com.kms.katalon.core.webui.keyword.WebUiBuiltInKeywords.click(WebUiBuiltInKeywords.groovy:604)
	at com.kms.katalon.core.webui.keyword.WebUiBuiltInKeywords$click$9.call(Unknown Source)
	at Multi Add To Cart.run(Multi Add To Cart:72)
	at com.kms.katalon.core.main.ScriptEngine.run(ScriptEngine.java:194)
	at com.kms.katalon.core.main.ScriptEngine.runScriptAsRawText(ScriptEngine.java:119)
	at com.kms.katalon.core.main.TestCaseExecutor.runScript(TestCaseExecutor.java:331)
	at com.kms.katalon.core.main.TestCaseExecutor.doExecute(TestCaseExecutor.java:322)
	at com.kms.katalon.core.main.TestCaseExecutor.processExecutionPhase(TestCaseExecutor.java:301)
	at com.kms.katalon.core.main.TestCaseExecutor.accessMainPhase(TestCaseExecutor.java:293)
	at com.kms.katalon.core.main.TestCaseExecutor.execute(TestCaseExecutor.java:227)
	at com.kms.katalon.core.main.TestSuiteExecutor.accessTestCaseMainPhase(TestSuiteExecutor.java:129)
	at com.kms.katalon.core.main.TestSuiteExecutor.accessTestSuiteMainPhase(TestSuiteExecutor.java:112)
	at com.kms.katalon.core.main.TestSuiteExecutor.execute(TestSuiteExecutor.java:81)
	at com.kms.katalon.core.main.TestCaseMain.startTestSuite(TestCaseMain.java:157)
	at com.kms.katalon.core.main.TestCaseMain$startTestSuite$0.call(Unknown Source)
	at TempTestSuite1560947545213.run(TempTestSuite1560947545213.groovy:35)
Caused by: com.kms.katalon.core.webui.exception.WebElementNotFoundException: Web element with id: 'Object Repository/Page_Ship to Multiple Addresses - Magento Commerce/select_Multiple_address' located by 'By.xpath: //select[@id='ship_1_794_address'][count(. | //select[@name = 'ship[1][772][address]' and @id = 'ship_1_772_address' and (text() = 'Miss Himangi Tankha, Singapore, Singapore,  567890, SingaporeMiss Himangi Tankha, Test, Singapore,  567890, Singapore' or . = 'Miss Himangi Tankha, Singapore, Singapore,  567890, SingaporeMiss Himangi Tankha, Test, Singapore,  567890, Singapore')]) = count(//select[@name = 'ship[1][772][address]' and @id = 'ship_1_772_address' and (text() = 'Miss Himangi Tankha, Singapore, Singapore,  567890, SingaporeMiss Himangi Tankha, Test, Singapore,  567890, Singapore' or . = 'Miss Himangi Tankha, Singapore, Singapore,  567890, SingaporeMiss Himangi Tankha, Test, Singapore,  567890, Singapore')])]' not found
	at com.kms.katalon.core.webui.common.WebUiCommonHelper.findWebElement(WebUiCommonHelper.java:1053)
	at com.kms.katalon.core.webui.keyword.internal.WebUIAbstractKeyword.findWebElement(WebUIAbstractKeyword.groovy:27)
	at com.kms.katalon.core.webui.keyword.internal.WebUIAbstractKeyword.findWebElement(WebUIAbstractKeyword.groovy:26)
	at com.kms.katalon.core.webui.keyword.builtin.ClickKeyword$_click_closure1.doCall(ClickKeyword.groovy:77)
	at com.kms.katalon.core.webui.keyword.builtin.ClickKeyword$_click_closure1.call(ClickKeyword.groovy)
	at com.kms.katalon.core.webui.keyword.internal.WebUIKeywordMain.runKeyword(WebUIKeywordMain.groovy:20)
	at com.kms.katalon.core.webui.keyword.builtin.ClickKeyword.click(ClickKeyword.groovy:86)
	at com.kms.katalon.core.webui.keyword.builtin.ClickKeyword.execute(ClickKeyword.groovy:67)
	at com.kms.katalon.core.keyword.internal.KeywordExecutor.executeKeywordForPlatform(KeywordExecutor.groovy:56)
	at com.kms.katalon.core.webui.keyword.WebUiBuiltInKeywords.click(WebUiBuiltInKeywords.groovy:604)
	at com.kms.katalon.core.webui.keyword.WebUiBuiltInKeywords$click$9.call(Unknown Source)
	at Script1560161272678.run(Script1560161272678.groovy:72)
	... 13 more
)
	at com.kms.katalon.core.keyword.internal.KeywordMain.stepFailed(KeywordMain.groovy:37)
	at com.kms.katalon.core.webui.keyword.internal.WebUIKeywordMain.stepFailed(WebUIKeywordMain.groovy:64)
	at com.kms.katalon.core.webui.keyword.internal.WebUIKeywordMain.runKeyword(WebUIKeywordMain.groovy:26)
	at com.kms.katalon.core.webui.keyword.builtin.ClickKeyword.click(ClickKeyword.groovy:86)
	at com.kms.katalon.core.webui.keyword.builtin.ClickKeyword.execute(ClickKeyword.groovy:67)
	at com.kms.katalon.core.keyword.internal.KeywordExecutor.executeKeywordForPlatform(KeywordExecutor.groovy:56)
	at com.kms.katalon.core.webui.keyword.WebUiBuiltInKeywords.click(WebUiBuiltInKeywords.groovy:604)
	at com.kms.katalon.core.webui.keyword.WebUiBuiltInKeywords$click$9.call(Unknown Source)
	at Multi Add To Cart.run(Multi Add To Cart:72)
	at com.kms.katalon.core.main.ScriptEngine.run(ScriptEngine.java:194)
	at com.kms.katalon.core.main.ScriptEngine.runScriptAsRawText(ScriptEngine.java:119)
	at com.kms.katalon.core.main.TestCaseExecutor.runScript(TestCaseExecutor.java:331)
	at com.kms.katalon.core.main.TestCaseExecutor.doExecute(TestCaseExecutor.java:322)
	at com.kms.katalon.core.main.TestCaseExecutor.processExecutionPhase(TestCaseExecutor.java:301)
	at com.kms.katalon.core.main.TestCaseExecutor.accessMainPhase(TestCaseExecutor.java:293)
	at com.kms.katalon.core.main.TestCaseExecutor.execute(TestCaseExecutor.java:227)
	at com.kms.katalon.core.main.TestSuiteExecutor.accessTestCaseMainPhase(TestSuiteExecutor.java:129)
	at com.kms.katalon.core.main.TestSuiteExecutor.accessTestSuiteMainPhase(TestSuiteExecutor.java:112)
	at com.kms.katalon.core.main.TestSuiteExecutor.execute(TestSuiteExecutor.java:81)
	at com.kms.katalon.core.main.TestCaseMain.startTestSuite(TestCaseMain.java:157)
	at com.kms.katalon.core.main.TestCaseMain$startTestSuite$0.call(Unknown Source)
	at TempTestSuite1560947545213.run(TempTestSuite1560947545213.groovy:35)
Caused by: com.kms.katalon.core.exception.StepFailedException: Unable to click on object 'Object Repository/Page_Ship to Multiple Addresses - Magento Commerce/select_Multiple_address'
	... 21 more
Caused by: com.kms.katalon.core.webui.exception.WebElementNotFoundException: Web element with id: 'Object Repository/Page_Ship to Multiple Addresses - Magento Commerce/select_Multiple_address' located by 'By.xpath: //select[@id='ship_1_794_address'][count(. | //select[@name = 'ship[1][772][address]' and @id = 'ship_1_772_address' and (text() = 'Miss Himangi Tankha, Singapore, Singapore,  567890, SingaporeMiss Himangi Tankha, Test, Singapore,  567890, Singapore' or . = 'Miss Himangi Tankha, Singapore, Singapore,  567890, SingaporeMiss Himangi Tankha, Test, Singapore,  567890, Singapore')]) = count(//select[@name = 'ship[1][772][address]' and @id = 'ship_1_772_address' and (text() = 'Miss Himangi Tankha, Singapore, Singapore,  567890, SingaporeMiss Himangi Tankha, Test, Singapore,  567890, Singapore' or . = 'Miss Himangi Tankha, Singapore, Singapore,  567890, SingaporeMiss Himangi Tankha, Test, Singapore,  567890, Singapore')])]' not found
	at com.kms.katalon.core.webui.common.WebUiCommonHelper.findWebElement(WebUiCommonHelper.java:1053)
	at com.kms.katalon.core.webui.keyword.internal.WebUIAbstractKeyword.findWebElement(WebUIAbstractKeyword.groovy:27)
	at com.kms.katalon.core.webui.keyword.internal.WebUIAbstractKeyword.findWebElement(WebUIAbstractKeyword.groovy:26)
	at com.kms.katalon.core.webui.keyword.builtin.ClickKeyword$_click_closure1.doCall(ClickKeyword.groovy:77)
	at com.kms.katalon.core.webui.keyword.builtin.ClickKeyword$_click_closure1.call(ClickKeyword.groovy)
	at com.kms.katalon.core.webui.keyword.internal.WebUIKeywordMain.runKeyword(WebUIKeywordMain.groovy:20)
	at com.kms.katalon.core.webui.keyword.builtin.ClickKeyword.click(ClickKeyword.groovy:86)
	at com.kms.katalon.core.webui.keyword.builtin.ClickKeyword.execute(ClickKeyword.groovy:67)
	at com.kms.katalon.core.keyword.internal.KeywordExecutor.executeKeywordForPlatform(KeywordExecutor.groovy:56)
	at com.kms.katalon.core.webui.keyword.WebUiBuiltInKeywords.click(WebUiBuiltInKeywords.groovy:604)
	at com.kms.katalon.core.webui.keyword.WebUiBuiltInKeywords$click$9.call(Unknown Source)
	at Script1560161272678.run(Script1560161272678.groovy:72)
	... 13 more]]></system-out>
      <system-err><![CDATA[2019-06-19 18:02:26 - [TEST_SUITE][FAILED] - Multiple Address Checkout: Test Cases/Multi Add To Cart FAILED.
Reason:
com.kms.katalon.core.exception.StepFailedException: Unable to click on object 'Object Repository/Page_Ship to Multiple Addresses - Magento Commerce/select_Multiple_address' (Root cause: com.kms.katalon.core.exception.StepFailedException: Unable to click on object 'Object Repository/Page_Ship to Multiple Addresses - Magento Commerce/select_Multiple_address'
	at com.kms.katalon.core.webui.keyword.internal.WebUIKeywordMain.stepFailed(WebUIKeywordMain.groovy:64)
	at com.kms.katalon.core.webui.keyword.internal.WebUIKeywordMain.runKeyword(WebUIKeywordMain.groovy:26)
	at com.kms.katalon.core.webui.keyword.builtin.ClickKeyword.click(ClickKeyword.groovy:86)
	at com.kms.katalon.core.webui.keyword.builtin.ClickKeyword.execute(ClickKeyword.groovy:67)
	at com.kms.katalon.core.keyword.internal.KeywordExecutor.executeKeywordForPlatform(KeywordExecutor.groovy:56)
	at com.kms.katalon.core.webui.keyword.WebUiBuiltInKeywords.click(WebUiBuiltInKeywords.groovy:604)
	at com.kms.katalon.core.webui.keyword.WebUiBuiltInKeywords$click$9.call(Unknown Source)
	at Multi Add To Cart.run(Multi Add To Cart:72)
	at com.kms.katalon.core.main.ScriptEngine.run(ScriptEngine.java:194)
	at com.kms.katalon.core.main.ScriptEngine.runScriptAsRawText(ScriptEngine.java:119)
	at com.kms.katalon.core.main.TestCaseExecutor.runScript(TestCaseExecutor.java:331)
	at com.kms.katalon.core.main.TestCaseExecutor.doExecute(TestCaseExecutor.java:322)
	at com.kms.katalon.core.main.TestCaseExecutor.processExecutionPhase(TestCaseExecutor.java:301)
	at com.kms.katalon.core.main.TestCaseExecutor.accessMainPhase(TestCaseExecutor.java:293)
	at com.kms.katalon.core.main.TestCaseExecutor.execute(TestCaseExecutor.java:227)
	at com.kms.katalon.core.main.TestSuiteExecutor.accessTestCaseMainPhase(TestSuiteExecutor.java:129)
	at com.kms.katalon.core.main.TestSuiteExecutor.accessTestSuiteMainPhase(TestSuiteExecutor.java:112)
	at com.kms.katalon.core.main.TestSuiteExecutor.execute(TestSuiteExecutor.java:81)
	at com.kms.katalon.core.main.TestCaseMain.startTestSuite(TestCaseMain.java:157)
	at com.kms.katalon.core.main.TestCaseMain$startTestSuite$0.call(Unknown Source)
	at TempTestSuite1560947545213.run(TempTestSuite1560947545213.groovy:35)
Caused by: com.kms.katalon.core.webui.exception.WebElementNotFoundException: Web element with id: 'Object Repository/Page_Ship to Multiple Addresses - Magento Commerce/select_Multiple_address' located by 'By.xpath: //select[@id='ship_1_794_address'][count(. | //select[@name = 'ship[1][772][address]' and @id = 'ship_1_772_address' and (text() = 'Miss Himangi Tankha, Singapore, Singapore,  567890, SingaporeMiss Himangi Tankha, Test, Singapore,  567890, Singapore' or . = 'Miss Himangi Tankha, Singapore, Singapore,  567890, SingaporeMiss Himangi Tankha, Test, Singapore,  567890, Singapore')]) = count(//select[@name = 'ship[1][772][address]' and @id = 'ship_1_772_address' and (text() = 'Miss Himangi Tankha, Singapore, Singapore,  567890, SingaporeMiss Himangi Tankha, Test, Singapore,  567890, Singapore' or . = 'Miss Himangi Tankha, Singapore, Singapore,  567890, SingaporeMiss Himangi Tankha, Test, Singapore,  567890, Singapore')])]' not found
	at com.kms.katalon.core.webui.common.WebUiCommonHelper.findWebElement(WebUiCommonHelper.java:1053)
	at com.kms.katalon.core.webui.keyword.internal.WebUIAbstractKeyword.findWebElement(WebUIAbstractKeyword.groovy:27)
	at com.kms.katalon.core.webui.keyword.internal.WebUIAbstractKeyword.findWebElement(WebUIAbstractKeyword.groovy:26)
	at com.kms.katalon.core.webui.keyword.builtin.ClickKeyword$_click_closure1.doCall(ClickKeyword.groovy:77)
	at com.kms.katalon.core.webui.keyword.builtin.ClickKeyword$_click_closure1.call(ClickKeyword.groovy)
	at com.kms.katalon.core.webui.keyword.internal.WebUIKeywordMain.runKeyword(WebUIKeywordMain.groovy:20)
	at com.kms.katalon.core.webui.keyword.builtin.ClickKeyword.click(ClickKeyword.groovy:86)
	at com.kms.katalon.core.webui.keyword.builtin.ClickKeyword.execute(ClickKeyword.groovy:67)
	at com.kms.katalon.core.keyword.internal.KeywordExecutor.executeKeywordForPlatform(KeywordExecutor.groovy:56)
	at com.kms.katalon.core.webui.keyword.WebUiBuiltInKeywords.click(WebUiBuiltInKeywords.groovy:604)
	at com.kms.katalon.core.webui.keyword.WebUiBuiltInKeywords$click$9.call(Unknown Source)
	at Script1560161272678.run(Script1560161272678.groovy:72)
	... 13 more
)
	at com.kms.katalon.core.keyword.internal.KeywordMain.stepFailed(KeywordMain.groovy:37)
	at com.kms.katalon.core.webui.keyword.internal.WebUIKeywordMain.stepFailed(WebUIKeywordMain.groovy:64)
	at com.kms.katalon.core.webui.keyword.internal.WebUIKeywordMain.runKeyword(WebUIKeywordMain.groovy:26)
	at com.kms.katalon.core.webui.keyword.builtin.ClickKeyword.click(ClickKeyword.groovy:86)
	at com.kms.katalon.core.webui.keyword.builtin.ClickKeyword.execute(ClickKeyword.groovy:67)
	at com.kms.katalon.core.keyword.internal.KeywordExecutor.executeKeywordForPlatform(KeywordExecutor.groovy:56)
	at com.kms.katalon.core.webui.keyword.WebUiBuiltInKeywords.click(WebUiBuiltInKeywords.groovy:604)
	at com.kms.katalon.core.webui.keyword.WebUiBuiltInKeywords$click$9.call(Unknown Source)
	at Multi Add To Cart.run(Multi Add To Cart:72)
	at com.kms.katalon.core.main.ScriptEngine.run(ScriptEngine.java:194)
	at com.kms.katalon.core.main.ScriptEngine.runScriptAsRawText(ScriptEngine.java:119)
	at com.kms.katalon.core.main.TestCaseExecutor.runScript(TestCaseExecutor.java:331)
	at com.kms.katalon.core.main.TestCaseExecutor.doExecute(TestCaseExecutor.java:322)
	at com.kms.katalon.core.main.TestCaseExecutor.processExecutionPhase(TestCaseExecutor.java:301)
	at com.kms.katalon.core.main.TestCaseExecutor.accessMainPhase(TestCaseExecutor.java:293)
	at com.kms.katalon.core.main.TestCaseExecutor.execute(TestCaseExecutor.java:227)
	at com.kms.katalon.core.main.TestSuiteExecutor.accessTestCaseMainPhase(TestSuiteExecutor.java:129)
	at com.kms.katalon.core.main.TestSuiteExecutor.accessTestSuiteMainPhase(TestSuiteExecutor.java:112)
	at com.kms.katalon.core.main.TestSuiteExecutor.execute(TestSuiteExecutor.java:81)
	at com.kms.katalon.core.main.TestCaseMain.startTestSuite(TestCaseMain.java:157)
	at com.kms.katalon.core.main.TestCaseMain$startTestSuite$0.call(Unknown Source)
	at TempTestSuite1560947545213.run(TempTestSuite1560947545213.groovy:35)
Caused by: com.kms.katalon.core.exception.StepFailedException: Unable to click on object 'Object Repository/Page_Ship to Multiple Addresses - Magento Commerce/select_Multiple_address'
	... 21 more
Caused by: com.kms.katalon.core.webui.exception.WebElementNotFoundException: Web element with id: 'Object Repository/Page_Ship to Multiple Addresses - Magento Commerce/select_Multiple_address' located by 'By.xpath: //select[@id='ship_1_794_address'][count(. | //select[@name = 'ship[1][772][address]' and @id = 'ship_1_772_address' and (text() = 'Miss Himangi Tankha, Singapore, Singapore,  567890, SingaporeMiss Himangi Tankha, Test, Singapore,  567890, Singapore' or . = 'Miss Himangi Tankha, Singapore, Singapore,  567890, SingaporeMiss Himangi Tankha, Test, Singapore,  567890, Singapore')]) = count(//select[@name = 'ship[1][772][address]' and @id = 'ship_1_772_address' and (text() = 'Miss Himangi Tankha, Singapore, Singapore,  567890, SingaporeMiss Himangi Tankha, Test, Singapore,  567890, Singapore' or . = 'Miss Himangi Tankha, Singapore, Singapore,  567890, SingaporeMiss Himangi Tankha, Test, Singapore,  567890, Singapore')])]' not found
	at com.kms.katalon.core.webui.common.WebUiCommonHelper.findWebElement(WebUiCommonHelper.java:1053)
	at com.kms.katalon.core.webui.keyword.internal.WebUIAbstractKeyword.findWebElement(WebUIAbstractKeyword.groovy:27)
	at com.kms.katalon.core.webui.keyword.internal.WebUIAbstractKeyword.findWebElement(WebUIAbstractKeyword.groovy:26)
	at com.kms.katalon.core.webui.keyword.builtin.ClickKeyword$_click_closure1.doCall(ClickKeyword.groovy:77)
	at com.kms.katalon.core.webui.keyword.builtin.ClickKeyword$_click_closure1.call(ClickKeyword.groovy)
	at com.kms.katalon.core.webui.keyword.internal.WebUIKeywordMain.runKeyword(WebUIKeywordMain.groovy:20)
	at com.kms.katalon.core.webui.keyword.builtin.ClickKeyword.click(ClickKeyword.groovy:86)
	at com.kms.katalon.core.webui.keyword.builtin.ClickKeyword.execute(ClickKeyword.groovy:67)
	at com.kms.katalon.core.keyword.internal.KeywordExecutor.executeKeywordForPlatform(KeywordExecutor.groovy:56)
	at com.kms.katalon.core.webui.keyword.WebUiBuiltInKeywords.click(WebUiBuiltInKeywords.groovy:604)
	at com.kms.katalon.core.webui.keyword.WebUiBuiltInKeywords$click$9.call(Unknown Source)
	at Script1560161272678.run(Script1560161272678.groovy:72)
	... 13 more]]></system-err>
   </testsuite>
</testsuites>
