<?xml version="1.0" encoding="UTF-8"?>
<testsuites name="Multiple Address Checkout" time="393" tests="1" failures="2" errors="0">
   <testsuite name="Multiple Address Checkout" tests="1" failures="2" errors="0" time="393" timestamp="2019-06-19 10:09:03" hostname="Himangi - WD01-QAHimangi" id="Test Suites/Multiple Address Checkout">
      <properties>
         <property name="deviceName" value=""/>
         <property name="devicePlatform" value=""/>
         <property name="logFolder" value="C:\\Users\\Himangi\\git\\thethreadtheory\\Reports\\Multiple Address Checkout\\20190619_100901"/>
         <property name="logFiles" value="C:\\Users\\Himangi\\git\\thethreadtheory\\Reports\\Multiple Address Checkout\\20190619_100901\\execution0.log"/>
         <property name="attachments" value="C:\\Users\\Himangi\\git\\thethreadtheory\\Reports\\Multiple Address Checkout\\20190619_100901\\1560919336525.png, C:\\Users\\Himangi\\git\\thethreadtheory\\Reports\\Multiple Address Checkout\\20190619_100901\\1560919384497.png, C:\\Users\\Himangi\\git\\thethreadtheory\\Reports\\Multiple Address Checkout\\20190619_100901\\1560919416383.png, C:\\Users\\Himangi\\git\\thethreadtheory\\Reports\\Multiple Address Checkout\\20190619_100901\\1560919448299.png, C:\\Users\\Himangi\\git\\thethreadtheory\\Reports\\Multiple Address Checkout\\20190619_100901\\1560919487884.png, C:\\Users\\Himangi\\git\\thethreadtheory\\Reports\\Multiple Address Checkout\\20190619_100901\\1560919535816.png"/>
         <property name="hostName" value="Himangi - WD01-QAHimangi"/>
         <property name="os" value="Windows 10 64bit"/>
         <property name="katalonVersion" value="6.1.0.1"/>
         <property name="browser" value="Chrome 74.0.3729.169"/>
         <property name="hostAddress" value="192.168.5.123"/>
         <property name="sessionId" value="1bdf62e90578eecdd96909eb11011ad4"/>
         <property name="seleniumVersion" value="3.7.1"/>
         <property name="proxyInformation" value="ProxyInformation{proxyOption=NO_PROXY, proxyServerType=HTTP, password=, proxyServerAddress=, proxyServerPort=0}"/>
         <property name="platform" value="Windows 10"/>
      </properties>
      <testcase name="Test Cases/Login" classname="Test Cases/Login" status="PASSED">
         <system-out><![CDATA[2019-06-19 10:09:04 - [TEST_CASE][PASSED] - Test Cases/Login: Test Cases/Login

2019-06-19 10:09:04 - [TEST_STEP][PASSED] - openBrowser(toString()): Browser is opened with url: 'Script1560161297669@5d8bafa9'

2019-06-19 10:09:04 - [MESSAGE][INFO] - Starting 'Chrome' driver

2019-06-19 10:09:04 - [MESSAGE][INFO] - Action delay is set to 0 seconds

2019-06-19 10:09:10 - [MESSAGE][PASSED] - Browser is opened with url: 'Script1560161297669@5d8bafa9'

2019-06-19 10:09:10 - [TEST_STEP][PASSED] - navigateToUrl("http://18.138.12.239/"): Navigate to 'http://18.138.12.239/' successfully

2019-06-19 10:09:30 - [MESSAGE][PASSED] - Navigate to 'http://18.138.12.239/' successfully

2019-06-19 10:09:30 - [TEST_STEP][PASSED] - maximizeWindow(): Current window maximized

2019-06-19 10:09:32 - [MESSAGE][PASSED] - Current window maximized

2019-06-19 10:09:32 - [TEST_STEP][PASSED] - delay(10): Delayed 10 second(s)

2019-06-19 10:09:42 - [MESSAGE][PASSED] - Delayed 10 second(s)

2019-06-19 10:09:42 - [TEST_STEP][PASSED] - check(findTestObject("Object Repository/add to cart/Page_Welcome to The Thread Theory  The Thread Theory/span_concat(Don  t show this popup again)_check")): Object 'Object Repository/add to cart/Page_Welcome to The Thread Theory  The Thread Theory/span_concat(Don  t show this popup again)_check' is checked

2019-06-19 10:09:42 - [MESSAGE][PASSED] - Object 'Object Repository/add to cart/Page_Welcome to The Thread Theory  The Thread Theory/span_concat(Don  t show this popup again)_check' is checked

2019-06-19 10:09:42 - [TEST_STEP][PASSED] - click(findTestObject("Object Repository/add to cart/Page_Welcome to The Thread Theory  The Thread Theory/button_Close")): Object: 'Object Repository/add to cart/Page_Welcome to The Thread Theory  The Thread Theory/button_Close' is clicked on

2019-06-19 10:09:42 - [MESSAGE][PASSED] - Object: 'Object Repository/add to cart/Page_Welcome to The Thread Theory  The Thread Theory/button_Close' is clicked on

2019-06-19 10:09:42 - [TEST_STEP][PASSED] - delay(10): Delayed 10 second(s)

2019-06-19 10:09:52 - [MESSAGE][PASSED] - Delayed 10 second(s)

2019-06-19 10:09:52 - [TEST_STEP][PASSED] - click(findTestObject("Object Repository/add to cart/Page_Welcome to The Thread Theory  The Thread Theory/span_Start shopping now _login-icon")): Object: 'Object Repository/add to cart/Page_Welcome to The Thread Theory  The Thread Theory/span_Start shopping now _login-icon' is clicked on

2019-06-19 10:09:52 - [MESSAGE][PASSED] - Object: 'Object Repository/add to cart/Page_Welcome to The Thread Theory  The Thread Theory/span_Start shopping now _login-icon' is clicked on

2019-06-19 10:09:52 - [TEST_STEP][PASSED] - click(findTestObject("Object Repository/add to cart/Page_Welcome to The Thread Theory  The Thread Theory/a_Sign In")): Object: 'Object Repository/add to cart/Page_Welcome to The Thread Theory  The Thread Theory/a_Sign In' is clicked on

2019-06-19 10:09:54 - [MESSAGE][PASSED] - Object: 'Object Repository/add to cart/Page_Welcome to The Thread Theory  The Thread Theory/a_Sign In' is clicked on

2019-06-19 10:09:54 - [TEST_STEP][PASSED] - setText(findTestObject("Object Repository/add to cart/Page_Sign In/input_Sign In_loginusername"), "himangi.tankha@ranosys.com"): Text 'himangi.tankha@ranosys.com' is set on object 'Object Repository/add to cart/Page_Sign In/input_Sign In_loginusername'

2019-06-19 10:09:55 - [MESSAGE][PASSED] - Text 'himangi.tankha@ranosys.com' is set on object 'Object Repository/add to cart/Page_Sign In/input_Sign In_loginusername'

2019-06-19 10:09:55 - [TEST_STEP][PASSED] - setEncryptedText(findTestObject("Object Repository/add to cart/Page_Sign In/input_Sign In_loginpassword"), "8SQVv/p9jVTHLrggi8kCzw=="): Text ****** has been set on object 'Object Repository/add to cart/Page_Sign In/input_Sign In_loginpassword'

2019-06-19 10:09:55 - [MESSAGE][PASSED] - Text ****** has been set on object 'Object Repository/add to cart/Page_Sign In/input_Sign In_loginpassword'

2019-06-19 10:09:55 - [TEST_STEP][PASSED] - delay(5): Delayed 5 second(s)

2019-06-19 10:10:00 - [MESSAGE][PASSED] - Delayed 5 second(s)

2019-06-19 10:10:00 - [TEST_STEP][PASSED] - click(findTestObject("Object Repository/add to cart/Page_Sign In/button_Sign In")): Object: 'Object Repository/add to cart/Page_Sign In/button_Sign In' is clicked on

2019-06-19 10:10:06 - [MESSAGE][PASSED] - Object: 'Object Repository/add to cart/Page_Sign In/button_Sign In' is clicked on

2019-06-19 10:10:06 - [TEST_STEP][PASSED] - delay(10): Delayed 10 second(s)

2019-06-19 10:10:16 - [MESSAGE][PASSED] - Delayed 10 second(s)]]></system-out>
         <system-err><![CDATA[]]></system-err>
      </testcase>
      <testcase name="Test Cases/Multi Add To Cart" classname="Test Cases/Multi Add To Cart" status="FAILED">
         <failure type="FAILED" message="Test Cases/Multi Add To Cart FAILED.
Reason:
com.kms.katalon.core.exception.StepFailedException: Unable to select option by value '46' of object 'Object Repository/Page_Ship to Multiple Addresses - Magento Commerce/select_Miss Himangi Tankha Singapore Singapore  567890 SingaporeMiss Himangi Tankha Test Singapore  567890 Singapore'  using regular expression (Root cause: com.kms.katalon.core.exception.StepFailedException: Unable to select option by value '46' of object 'Object Repository/Page_Ship to Multiple Addresses - Magento Commerce/select_Miss Himangi Tankha Singapore Singapore  567890 SingaporeMiss Himangi Tankha Test Singapore  567890 Singapore'  using regular expression
	at com.kms.katalon.core.webui.keyword.internal.WebUIKeywordMain.stepFailed(WebUIKeywordMain.groovy:64)
	at com.kms.katalon.core.webui.keyword.internal.WebUIKeywordMain.runKeyword(WebUIKeywordMain.groovy:26)
	at com.kms.katalon.core.webui.keyword.builtin.SelectOptionByValueKeyword.selectOptionByValue(SelectOptionByValueKeyword.groovy:99)
	at com.kms.katalon.core.webui.keyword.builtin.SelectOptionByValueKeyword.execute(SelectOptionByValueKeyword.groovy:71)
	at com.kms.katalon.core.keyword.internal.KeywordExecutor.executeKeywordForPlatform(KeywordExecutor.groovy:56)
	at com.kms.katalon.core.webui.keyword.WebUiBuiltInKeywords.selectOptionByValue(WebUiBuiltInKeywords.groovy:1121)
	at com.kms.katalon.core.webui.keyword.WebUiBuiltInKeywords$selectOptionByValue$9.call(Unknown Source)
	at Multi Add To Cart.run(Multi Add To Cart:78)
	at com.kms.katalon.core.main.ScriptEngine.run(ScriptEngine.java:194)
	at com.kms.katalon.core.main.ScriptEngine.runScriptAsRawText(ScriptEngine.java:119)
	at com.kms.katalon.core.main.TestCaseExecutor.runScript(TestCaseExecutor.java:331)
	at com.kms.katalon.core.main.TestCaseExecutor.doExecute(TestCaseExecutor.java:322)
	at com.kms.katalon.core.main.TestCaseExecutor.processExecutionPhase(TestCaseExecutor.java:301)
	at com.kms.katalon.core.main.TestCaseExecutor.accessMainPhase(TestCaseExecutor.java:293)
	at com.kms.katalon.core.main.TestCaseExecutor.execute(TestCaseExecutor.java:227)
	at com.kms.katalon.core.main.TestSuiteExecutor.accessTestCaseMainPhase(TestSuiteExecutor.java:129)
	at com.kms.katalon.core.main.TestSuiteExecutor.accessTestSuiteMainPhase(TestSuiteExecutor.java:112)
	at com.kms.katalon.core.main.TestSuiteExecutor.execute(TestSuiteExecutor.java:81)
	at com.kms.katalon.core.main.TestCaseMain.startTestSuite(TestCaseMain.java:157)
	at com.kms.katalon.core.main.TestCaseMain$startTestSuite$0.call(Unknown Source)
	at TempTestSuite1560919141787.run(TempTestSuite1560919141787.groovy:35)
Caused by: com.kms.katalon.core.webui.exception.WebElementNotFoundException: Web element with id: 'Object Repository/Page_Ship to Multiple Addresses - Magento Commerce/select_Miss Himangi Tankha Singapore Singapore  567890 SingaporeMiss Himangi Tankha Test Singapore  567890 Singapore' located by 'By.xpath: //select[@id='ship_1_772_address']' not found
	at com.kms.katalon.core.webui.common.WebUiCommonHelper.findWebElement(WebUiCommonHelper.java:1053)
	at com.kms.katalon.core.webui.keyword.internal.WebUIAbstractKeyword.findWebElement(WebUIAbstractKeyword.groovy:27)
	at com.kms.katalon.core.webui.keyword.internal.WebUIAbstractKeyword.findWebElement(WebUIAbstractKeyword.groovy:26)
	at com.kms.katalon.core.webui.keyword.builtin.SelectOptionByValueKeyword$_selectOptionByValue_closure1.doCall(SelectOptionByValueKeyword.groovy:86)
	at com.kms.katalon.core.webui.keyword.builtin.SelectOptionByValueKeyword$_selectOptionByValue_closure1.call(SelectOptionByValueKeyword.groovy)
	at com.kms.katalon.core.webui.keyword.internal.WebUIKeywordMain.runKeyword(WebUIKeywordMain.groovy:20)
	at com.kms.katalon.core.webui.keyword.builtin.SelectOptionByValueKeyword.selectOptionByValue(SelectOptionByValueKeyword.groovy:99)
	at com.kms.katalon.core.webui.keyword.builtin.SelectOptionByValueKeyword.execute(SelectOptionByValueKeyword.groovy:71)
	at com.kms.katalon.core.keyword.internal.KeywordExecutor.executeKeywordForPlatform(KeywordExecutor.groovy:56)
	at com.kms.katalon.core.webui.keyword.WebUiBuiltInKeywords.selectOptionByValue(WebUiBuiltInKeywords.groovy:1121)
	at com.kms.katalon.core.webui.keyword.WebUiBuiltInKeywords$selectOptionByValue$9.call(Unknown Source)
	at Script1560161272678.run(Script1560161272678.groovy:78)
	... 13 more
)
	at com.kms.katalon.core.keyword.internal.KeywordMain.stepFailed(KeywordMain.groovy:37)
	at com.kms.katalon.core.webui.keyword.internal.WebUIKeywordMain.stepFailed(WebUIKeywordMain.groovy:64)
	at com.kms.katalon.core.webui.keyword.internal.WebUIKeywordMain.runKeyword(WebUIKeywordMain.groovy:26)
	at com.kms.katalon.core.webui.keyword.builtin.SelectOptionByValueKeyword.selectOptionByValue(SelectOptionByValueKeyword.groovy:99)
	at com.kms.katalon.core.webui.keyword.builtin.SelectOptionByValueKeyword.execute(SelectOptionByValueKeyword.groovy:71)
	at com.kms.katalon.core.keyword.internal.KeywordExecutor.executeKeywordForPlatform(KeywordExecutor.groovy:56)
	at com.kms.katalon.core.webui.keyword.WebUiBuiltInKeywords.selectOptionByValue(WebUiBuiltInKeywords.groovy:1121)
	at com.kms.katalon.core.webui.keyword.WebUiBuiltInKeywords$selectOptionByValue$9.call(Unknown Source)
	at Multi Add To Cart.run(Multi Add To Cart:78)
	at com.kms.katalon.core.main.ScriptEngine.run(ScriptEngine.java:194)
	at com.kms.katalon.core.main.ScriptEngine.runScriptAsRawText(ScriptEngine.java:119)
	at com.kms.katalon.core.main.TestCaseExecutor.runScript(TestCaseExecutor.java:331)
	at com.kms.katalon.core.main.TestCaseExecutor.doExecute(TestCaseExecutor.java:322)
	at com.kms.katalon.core.main.TestCaseExecutor.processExecutionPhase(TestCaseExecutor.java:301)
	at com.kms.katalon.core.main.TestCaseExecutor.accessMainPhase(TestCaseExecutor.java:293)
	at com.kms.katalon.core.main.TestCaseExecutor.execute(TestCaseExecutor.java:227)
	at com.kms.katalon.core.main.TestSuiteExecutor.accessTestCaseMainPhase(TestSuiteExecutor.java:129)
	at com.kms.katalon.core.main.TestSuiteExecutor.accessTestSuiteMainPhase(TestSuiteExecutor.java:112)
	at com.kms.katalon.core.main.TestSuiteExecutor.execute(TestSuiteExecutor.java:81)
	at com.kms.katalon.core.main.TestCaseMain.startTestSuite(TestCaseMain.java:157)
	at com.kms.katalon.core.main.TestCaseMain$startTestSuite$0.call(Unknown Source)
	at TempTestSuite1560919141787.run(TempTestSuite1560919141787.groovy:35)
Caused by: com.kms.katalon.core.exception.StepFailedException: Unable to select option by value '46' of object 'Object Repository/Page_Ship to Multiple Addresses - Magento Commerce/select_Miss Himangi Tankha Singapore Singapore  567890 SingaporeMiss Himangi Tankha Test Singapore  567890 Singapore'  using regular expression
	... 21 more
Caused by: com.kms.katalon.core.webui.exception.WebElementNotFoundException: Web element with id: 'Object Repository/Page_Ship to Multiple Addresses - Magento Commerce/select_Miss Himangi Tankha Singapore Singapore  567890 SingaporeMiss Himangi Tankha Test Singapore  567890 Singapore' located by 'By.xpath: //select[@id='ship_1_772_address']' not found
	at com.kms.katalon.core.webui.common.WebUiCommonHelper.findWebElement(WebUiCommonHelper.java:1053)
	at com.kms.katalon.core.webui.keyword.internal.WebUIAbstractKeyword.findWebElement(WebUIAbstractKeyword.groovy:27)
	at com.kms.katalon.core.webui.keyword.internal.WebUIAbstractKeyword.findWebElement(WebUIAbstractKeyword.groovy:26)
	at com.kms.katalon.core.webui.keyword.builtin.SelectOptionByValueKeyword$_selectOptionByValue_closure1.doCall(SelectOptionByValueKeyword.groovy:86)
	at com.kms.katalon.core.webui.keyword.builtin.SelectOptionByValueKeyword$_selectOptionByValue_closure1.call(SelectOptionByValueKeyword.groovy)
	at com.kms.katalon.core.webui.keyword.internal.WebUIKeywordMain.runKeyword(WebUIKeywordMain.groovy:20)
	at com.kms.katalon.core.webui.keyword.builtin.SelectOptionByValueKeyword.selectOptionByValue(SelectOptionByValueKeyword.groovy:99)
	at com.kms.katalon.core.webui.keyword.builtin.SelectOptionByValueKeyword.execute(SelectOptionByValueKeyword.groovy:71)
	at com.kms.katalon.core.keyword.internal.KeywordExecutor.executeKeywordForPlatform(KeywordExecutor.groovy:56)
	at com.kms.katalon.core.webui.keyword.WebUiBuiltInKeywords.selectOptionByValue(WebUiBuiltInKeywords.groovy:1121)
	at com.kms.katalon.core.webui.keyword.WebUiBuiltInKeywords$selectOptionByValue$9.call(Unknown Source)
	at Script1560161272678.run(Script1560161272678.groovy:78)
	... 13 more
"/>
         <system-out><![CDATA[2019-06-19 10:10:16 - [TEST_CASE][FAILED] - Test Cases/Multi Add To Cart: Test Cases/Multi Add To Cart FAILED.
Reason:
com.kms.katalon.core.exception.StepFailedException: Unable to select option by value '46' of object 'Object Repository/Page_Ship to Multiple Addresses - Magento Commerce/select_Miss Himangi Tankha Singapore Singapore  567890 SingaporeMiss Himangi Tankha Test Singapore  567890 Singapore'  using regular expression (Root cause: com.kms.katalon.core.exception.StepFailedException: Unable to select option by value '46' of object 'Object Repository/Page_Ship to Multiple Addresses - Magento Commerce/select_Miss Himangi Tankha Singapore Singapore  567890 SingaporeMiss Himangi Tankha Test Singapore  567890 Singapore'  using regular expression
	at com.kms.katalon.core.webui.keyword.internal.WebUIKeywordMain.stepFailed(WebUIKeywordMain.groovy:64)
	at com.kms.katalon.core.webui.keyword.internal.WebUIKeywordMain.runKeyword(WebUIKeywordMain.groovy:26)
	at com.kms.katalon.core.webui.keyword.builtin.SelectOptionByValueKeyword.selectOptionByValue(SelectOptionByValueKeyword.groovy:99)
	at com.kms.katalon.core.webui.keyword.builtin.SelectOptionByValueKeyword.execute(SelectOptionByValueKeyword.groovy:71)
	at com.kms.katalon.core.keyword.internal.KeywordExecutor.executeKeywordForPlatform(KeywordExecutor.groovy:56)
	at com.kms.katalon.core.webui.keyword.WebUiBuiltInKeywords.selectOptionByValue(WebUiBuiltInKeywords.groovy:1121)
	at com.kms.katalon.core.webui.keyword.WebUiBuiltInKeywords$selectOptionByValue$9.call(Unknown Source)
	at Multi Add To Cart.run(Multi Add To Cart:78)
	at com.kms.katalon.core.main.ScriptEngine.run(ScriptEngine.java:194)
	at com.kms.katalon.core.main.ScriptEngine.runScriptAsRawText(ScriptEngine.java:119)
	at com.kms.katalon.core.main.TestCaseExecutor.runScript(TestCaseExecutor.java:331)
	at com.kms.katalon.core.main.TestCaseExecutor.doExecute(TestCaseExecutor.java:322)
	at com.kms.katalon.core.main.TestCaseExecutor.processExecutionPhase(TestCaseExecutor.java:301)
	at com.kms.katalon.core.main.TestCaseExecutor.accessMainPhase(TestCaseExecutor.java:293)
	at com.kms.katalon.core.main.TestCaseExecutor.execute(TestCaseExecutor.java:227)
	at com.kms.katalon.core.main.TestSuiteExecutor.accessTestCaseMainPhase(TestSuiteExecutor.java:129)
	at com.kms.katalon.core.main.TestSuiteExecutor.accessTestSuiteMainPhase(TestSuiteExecutor.java:112)
	at com.kms.katalon.core.main.TestSuiteExecutor.execute(TestSuiteExecutor.java:81)
	at com.kms.katalon.core.main.TestCaseMain.startTestSuite(TestCaseMain.java:157)
	at com.kms.katalon.core.main.TestCaseMain$startTestSuite$0.call(Unknown Source)
	at TempTestSuite1560919141787.run(TempTestSuite1560919141787.groovy:35)
Caused by: com.kms.katalon.core.webui.exception.WebElementNotFoundException: Web element with id: 'Object Repository/Page_Ship to Multiple Addresses - Magento Commerce/select_Miss Himangi Tankha Singapore Singapore  567890 SingaporeMiss Himangi Tankha Test Singapore  567890 Singapore' located by 'By.xpath: //select[@id='ship_1_772_address']' not found
	at com.kms.katalon.core.webui.common.WebUiCommonHelper.findWebElement(WebUiCommonHelper.java:1053)
	at com.kms.katalon.core.webui.keyword.internal.WebUIAbstractKeyword.findWebElement(WebUIAbstractKeyword.groovy:27)
	at com.kms.katalon.core.webui.keyword.internal.WebUIAbstractKeyword.findWebElement(WebUIAbstractKeyword.groovy:26)
	at com.kms.katalon.core.webui.keyword.builtin.SelectOptionByValueKeyword$_selectOptionByValue_closure1.doCall(SelectOptionByValueKeyword.groovy:86)
	at com.kms.katalon.core.webui.keyword.builtin.SelectOptionByValueKeyword$_selectOptionByValue_closure1.call(SelectOptionByValueKeyword.groovy)
	at com.kms.katalon.core.webui.keyword.internal.WebUIKeywordMain.runKeyword(WebUIKeywordMain.groovy:20)
	at com.kms.katalon.core.webui.keyword.builtin.SelectOptionByValueKeyword.selectOptionByValue(SelectOptionByValueKeyword.groovy:99)
	at com.kms.katalon.core.webui.keyword.builtin.SelectOptionByValueKeyword.execute(SelectOptionByValueKeyword.groovy:71)
	at com.kms.katalon.core.keyword.internal.KeywordExecutor.executeKeywordForPlatform(KeywordExecutor.groovy:56)
	at com.kms.katalon.core.webui.keyword.WebUiBuiltInKeywords.selectOptionByValue(WebUiBuiltInKeywords.groovy:1121)
	at com.kms.katalon.core.webui.keyword.WebUiBuiltInKeywords$selectOptionByValue$9.call(Unknown Source)
	at Script1560161272678.run(Script1560161272678.groovy:78)
	... 13 more
)
	at com.kms.katalon.core.keyword.internal.KeywordMain.stepFailed(KeywordMain.groovy:37)
	at com.kms.katalon.core.webui.keyword.internal.WebUIKeywordMain.stepFailed(WebUIKeywordMain.groovy:64)
	at com.kms.katalon.core.webui.keyword.internal.WebUIKeywordMain.runKeyword(WebUIKeywordMain.groovy:26)
	at com.kms.katalon.core.webui.keyword.builtin.SelectOptionByValueKeyword.selectOptionByValue(SelectOptionByValueKeyword.groovy:99)
	at com.kms.katalon.core.webui.keyword.builtin.SelectOptionByValueKeyword.execute(SelectOptionByValueKeyword.groovy:71)
	at com.kms.katalon.core.keyword.internal.KeywordExecutor.executeKeywordForPlatform(KeywordExecutor.groovy:56)
	at com.kms.katalon.core.webui.keyword.WebUiBuiltInKeywords.selectOptionByValue(WebUiBuiltInKeywords.groovy:1121)
	at com.kms.katalon.core.webui.keyword.WebUiBuiltInKeywords$selectOptionByValue$9.call(Unknown Source)
	at Multi Add To Cart.run(Multi Add To Cart:78)
	at com.kms.katalon.core.main.ScriptEngine.run(ScriptEngine.java:194)
	at com.kms.katalon.core.main.ScriptEngine.runScriptAsRawText(ScriptEngine.java:119)
	at com.kms.katalon.core.main.TestCaseExecutor.runScript(TestCaseExecutor.java:331)
	at com.kms.katalon.core.main.TestCaseExecutor.doExecute(TestCaseExecutor.java:322)
	at com.kms.katalon.core.main.TestCaseExecutor.processExecutionPhase(TestCaseExecutor.java:301)
	at com.kms.katalon.core.main.TestCaseExecutor.accessMainPhase(TestCaseExecutor.java:293)
	at com.kms.katalon.core.main.TestCaseExecutor.execute(TestCaseExecutor.java:227)
	at com.kms.katalon.core.main.TestSuiteExecutor.accessTestCaseMainPhase(TestSuiteExecutor.java:129)
	at com.kms.katalon.core.main.TestSuiteExecutor.accessTestSuiteMainPhase(TestSuiteExecutor.java:112)
	at com.kms.katalon.core.main.TestSuiteExecutor.execute(TestSuiteExecutor.java:81)
	at com.kms.katalon.core.main.TestCaseMain.startTestSuite(TestCaseMain.java:157)
	at com.kms.katalon.core.main.TestCaseMain$startTestSuite$0.call(Unknown Source)
	at TempTestSuite1560919141787.run(TempTestSuite1560919141787.groovy:35)
Caused by: com.kms.katalon.core.exception.StepFailedException: Unable to select option by value '46' of object 'Object Repository/Page_Ship to Multiple Addresses - Magento Commerce/select_Miss Himangi Tankha Singapore Singapore  567890 SingaporeMiss Himangi Tankha Test Singapore  567890 Singapore'  using regular expression
	... 21 more
Caused by: com.kms.katalon.core.webui.exception.WebElementNotFoundException: Web element with id: 'Object Repository/Page_Ship to Multiple Addresses - Magento Commerce/select_Miss Himangi Tankha Singapore Singapore  567890 SingaporeMiss Himangi Tankha Test Singapore  567890 Singapore' located by 'By.xpath: //select[@id='ship_1_772_address']' not found
	at com.kms.katalon.core.webui.common.WebUiCommonHelper.findWebElement(WebUiCommonHelper.java:1053)
	at com.kms.katalon.core.webui.keyword.internal.WebUIAbstractKeyword.findWebElement(WebUIAbstractKeyword.groovy:27)
	at com.kms.katalon.core.webui.keyword.internal.WebUIAbstractKeyword.findWebElement(WebUIAbstractKeyword.groovy:26)
	at com.kms.katalon.core.webui.keyword.builtin.SelectOptionByValueKeyword$_selectOptionByValue_closure1.doCall(SelectOptionByValueKeyword.groovy:86)
	at com.kms.katalon.core.webui.keyword.builtin.SelectOptionByValueKeyword$_selectOptionByValue_closure1.call(SelectOptionByValueKeyword.groovy)
	at com.kms.katalon.core.webui.keyword.internal.WebUIKeywordMain.runKeyword(WebUIKeywordMain.groovy:20)
	at com.kms.katalon.core.webui.keyword.builtin.SelectOptionByValueKeyword.selectOptionByValue(SelectOptionByValueKeyword.groovy:99)
	at com.kms.katalon.core.webui.keyword.builtin.SelectOptionByValueKeyword.execute(SelectOptionByValueKeyword.groovy:71)
	at com.kms.katalon.core.keyword.internal.KeywordExecutor.executeKeywordForPlatform(KeywordExecutor.groovy:56)
	at com.kms.katalon.core.webui.keyword.WebUiBuiltInKeywords.selectOptionByValue(WebUiBuiltInKeywords.groovy:1121)
	at com.kms.katalon.core.webui.keyword.WebUiBuiltInKeywords$selectOptionByValue$9.call(Unknown Source)
	at Script1560161272678.run(Script1560161272678.groovy:78)
	... 13 more


2019-06-19 10:10:16 - [TEST_STEP][NOT_RUN] - openBrowser(toString()): NOT_RUN: openBrowser(toString())

2019-06-19 10:10:16 - [MESSAGE][NOT_RUN] - NOT_RUN: openBrowser(toString())

2019-06-19 10:10:16 - [TEST_STEP][NOT_RUN] - navigateToUrl("http://18.138.12.239/"): NOT_RUN: navigateToUrl("http://18.138.12.239/")

2019-06-19 10:10:16 - [MESSAGE][NOT_RUN] - NOT_RUN: navigateToUrl("http://18.138.12.239/")

2019-06-19 10:10:16 - [TEST_STEP][NOT_RUN] - maximizeWindow(): NOT_RUN: maximizeWindow()

2019-06-19 10:10:16 - [MESSAGE][NOT_RUN] - NOT_RUN: maximizeWindow()

2019-06-19 10:10:16 - [TEST_STEP][NOT_RUN] - delay(10): NOT_RUN: delay(10)

2019-06-19 10:10:16 - [MESSAGE][NOT_RUN] - NOT_RUN: delay(10)

2019-06-19 10:10:16 - [TEST_STEP][NOT_RUN] - check(findTestObject("Object Repository/add to cart/Page_Welcome to The Thread Theory  The Thread Theory/span_concat(Don  t show this popup again)_check")): NOT_RUN: check(findTestObject("Object Repository/add to cart/Page_Welcome to The Thread Theory  The Thread Theory/span_concat(Don  t show this popup again)_check"))

2019-06-19 10:10:16 - [MESSAGE][NOT_RUN] - NOT_RUN: check(findTestObject("Object Repository/add to cart/Page_Welcome to The Thread Theory  The Thread Theory/span_concat(Don  t show this popup again)_check"))

2019-06-19 10:10:16 - [TEST_STEP][NOT_RUN] - click(findTestObject("Object Repository/add to cart/Page_Welcome to The Thread Theory  The Thread Theory/button_Close")): NOT_RUN: click(findTestObject("Object Repository/add to cart/Page_Welcome to The Thread Theory  The Thread Theory/button_Close"))

2019-06-19 10:10:16 - [MESSAGE][NOT_RUN] - NOT_RUN: click(findTestObject("Object Repository/add to cart/Page_Welcome to The Thread Theory  The Thread Theory/button_Close"))

2019-06-19 10:10:16 - [TEST_STEP][NOT_RUN] - delay(10): NOT_RUN: delay(10)

2019-06-19 10:10:16 - [MESSAGE][NOT_RUN] - NOT_RUN: delay(10)

2019-06-19 10:10:16 - [TEST_STEP][PASSED] - mouseOver(findTestObject("add to cart/menu_cart_mini/Page_Work Wear - DRESSES - SHOP/span_SHOP")): Object: 'Object Repository/add to cart/menu_cart_mini/Page_Work Wear - DRESSES - SHOP/span_SHOP' is hovered

2019-06-19 10:10:16 - [MESSAGE][PASSED] - Object: 'Object Repository/add to cart/menu_cart_mini/Page_Work Wear - DRESSES - SHOP/span_SHOP' is hovered

2019-06-19 10:10:16 - [TEST_STEP][PASSED] - click(findTestObject("add to cart/menu_cart_mini/Page_Work Wear - DRESSES - SHOP/span_Work Wear")): Object: 'Object Repository/add to cart/menu_cart_mini/Page_Work Wear - DRESSES - SHOP/span_Work Wear' is clicked on

2019-06-19 10:10:36 - [MESSAGE][PASSED] - Object: 'Object Repository/add to cart/menu_cart_mini/Page_Work Wear - DRESSES - SHOP/span_Work Wear' is clicked on

2019-06-19 10:10:36 - [TEST_STEP][PASSED] - delay(10): Delayed 10 second(s)

2019-06-19 10:10:46 - [MESSAGE][PASSED] - Delayed 10 second(s)

2019-06-19 10:10:46 - [TEST_STEP][PASSED] - scrollToElement(findTestObject("add to cart/Page_DRESSES - SHOP/img_Quick View_imgage-additional"), 5): Scroll to object 'Object Repository/add to cart/Page_DRESSES - SHOP/img_Quick View_imgage-additional' successfully

2019-06-19 10:10:46 - [MESSAGE][PASSED] - Scroll to object 'Object Repository/add to cart/Page_DRESSES - SHOP/img_Quick View_imgage-additional' successfully

2019-06-19 10:10:46 - [TEST_STEP][PASSED] - mouseOver(findTestObject("add to cart/Page_DRESSES - SHOP/img_Quick View_imgage-additional")): Object: 'Object Repository/add to cart/Page_DRESSES - SHOP/img_Quick View_imgage-additional' is hovered

2019-06-19 10:10:46 - [MESSAGE][PASSED] - Object: 'Object Repository/add to cart/Page_DRESSES - SHOP/img_Quick View_imgage-additional' is hovered

2019-06-19 10:10:46 - [TEST_STEP][PASSED] - clickOffset(findTestObject("add to cart/Page_DRESSES - SHOP/img_Quick View_imgage-additional"), 650, 400): Object: 'Object Repository/add to cart/Page_DRESSES - SHOP/img_Quick View_imgage-additional' is clicked on using offset x=650 and y=400

2019-06-19 10:10:51 - [MESSAGE][PASSED] - Object: 'Object Repository/add to cart/Page_DRESSES - SHOP/img_Quick View_imgage-additional' is clicked on using offset x=650 and y=400

2019-06-19 10:10:51 - [TEST_STEP][PASSED] - delay(10): Delayed 10 second(s)

2019-06-19 10:11:02 - [MESSAGE][PASSED] - Delayed 10 second(s)

2019-06-19 10:11:02 - [TEST_STEP][PASSED] - click(findTestObject("add to cart/Page_Lana Lace Romper (Navy) (1)/div_L")): Object: 'Object Repository/add to cart/Page_Lana Lace Romper (Navy) (1)/div_L' is clicked on

2019-06-19 10:11:02 - [MESSAGE][PASSED] - Object: 'Object Repository/add to cart/Page_Lana Lace Romper (Navy) (1)/div_L' is clicked on

2019-06-19 10:11:02 - [TEST_STEP][PASSED] - click(findTestObject("add to cart/Page_Lana Lace Romper (Navy)/span_OS_cs-font clever-icon-plus")): Object: 'Object Repository/add to cart/Page_Lana Lace Romper (Navy)/span_OS_cs-font clever-icon-plus' is clicked on

2019-06-19 10:11:02 - [MESSAGE][PASSED] - Object: 'Object Repository/add to cart/Page_Lana Lace Romper (Navy)/span_OS_cs-font clever-icon-plus' is clicked on

2019-06-19 10:11:02 - [TEST_STEP][PASSED] - click(findTestObject("add to cart/menu_cart_mini/Page_Softly Edelweiss Swiss Dot Dress (Powder Blue)/button_Add to Cart")): Object: 'Object Repository/add to cart/menu_cart_mini/Page_Softly Edelweiss Swiss Dot Dress (Powder Blue)/button_Add to Cart' is clicked on

2019-06-19 10:11:02 - [MESSAGE][PASSED] - Object: 'Object Repository/add to cart/menu_cart_mini/Page_Softly Edelweiss Swiss Dot Dress (Powder Blue)/button_Add to Cart' is clicked on

2019-06-19 10:11:02 - [TEST_STEP][PASSED] - delay(8): Delayed 8 second(s)

2019-06-19 10:11:10 - [MESSAGE][PASSED] - Delayed 8 second(s)

2019-06-19 10:11:10 - [TEST_STEP][PASSED] - click(findTestObject("add to cart/Page_Fall Of Sunflowers Dress (White)/span_2                                        2                items")): Object: 'Object Repository/add to cart/Page_Fall Of Sunflowers Dress (White)/span_2                                        2                items' is clicked on

2019-06-19 10:11:10 - [MESSAGE][PASSED] - Object: 'Object Repository/add to cart/Page_Fall Of Sunflowers Dress (White)/span_2                                        2                items' is clicked on

2019-06-19 10:11:10 - [TEST_STEP][PASSED] - click(findTestObject("View Kart/Page_Lana Lace Romper (Navy)/span_View cart")): Object: 'Object Repository/View Kart/Page_Lana Lace Romper (Navy)/span_View cart' is clicked on

2019-06-19 10:11:24 - [MESSAGE][PASSED] - Object: 'Object Repository/View Kart/Page_Lana Lace Romper (Navy)/span_View cart' is clicked on

2019-06-19 10:11:24 - [TEST_STEP][PASSED] - delay(5): Delayed 5 second(s)

2019-06-19 10:11:29 - [MESSAGE][PASSED] - Delayed 5 second(s)

2019-06-19 10:11:29 - [TEST_STEP][PASSED] - click(findTestObject("GuestUser/Page_Shopping Cart/strong_Summary")): Object: 'Object Repository/GuestUser/Page_Shopping Cart/strong_Summary' is clicked on

2019-06-19 10:11:29 - [MESSAGE][PASSED] - Object: 'Object Repository/GuestUser/Page_Shopping Cart/strong_Summary' is clicked on

2019-06-19 10:11:29 - [TEST_STEP][PASSED] - click(findTestObject("add to cart/Page_Shopping Cart/span_Check Out with Multiple Addresses")): Object: 'Object Repository/add to cart/Page_Shopping Cart/span_Check Out with Multiple Addresses' is clicked on

2019-06-19 10:11:34 - [MESSAGE][PASSED] - Object: 'Object Repository/add to cart/Page_Shopping Cart/span_Check Out with Multiple Addresses' is clicked on

2019-06-19 10:11:34 - [TEST_STEP][NOT_RUN] - delay(5): NOT_RUN: delay(5)

2019-06-19 10:11:34 - [MESSAGE][NOT_RUN] - NOT_RUN: delay(5)

2019-06-19 10:11:34 - [TEST_STEP][NOT_RUN] - setText(findTestObject("OR_Login/Page_Sign In/input_Sign In_loginusername"), "himangi.tankha@ranosys.com"): NOT_RUN: setText(findTestObject("OR_Login/Page_Sign In/input_Sign In_loginusername"), "himangi.tankha@ranosys.com")

2019-06-19 10:11:34 - [MESSAGE][NOT_RUN] - NOT_RUN: setText(findTestObject("OR_Login/Page_Sign In/input_Sign In_loginusername"), "himangi.tankha@ranosys.com")

2019-06-19 10:11:34 - [TEST_STEP][NOT_RUN] - setText(findTestObject("OR_Login/Page_Sign In/input_Sign In_loginpassword"), "password123"): NOT_RUN: setText(findTestObject("OR_Login/Page_Sign In/input_Sign In_loginpassword"), "password123")

2019-06-19 10:11:34 - [MESSAGE][NOT_RUN] - NOT_RUN: setText(findTestObject("OR_Login/Page_Sign In/input_Sign In_loginpassword"), "password123")

2019-06-19 10:11:34 - [TEST_STEP][NOT_RUN] - click(findTestObject("OR_Login/Page_/button_Sign In")): NOT_RUN: click(findTestObject("OR_Login/Page_/button_Sign In"))

2019-06-19 10:11:34 - [MESSAGE][NOT_RUN] - NOT_RUN: click(findTestObject("OR_Login/Page_/button_Sign In"))

2019-06-19 10:11:34 - [TEST_STEP][PASSED] - delay(10): Delayed 10 second(s)

2019-06-19 10:11:44 - [MESSAGE][PASSED] - Delayed 10 second(s)

2019-06-19 10:11:44 - [TEST_STEP][NOT_RUN] - getNumberOfTotalOption(findTestObject("select_Miss Himangi Tankha Singapore Singapore 567890 SingaporeMiss Himangi Tankha Test America California 541278 United StatesMiss Himangi Tankha Test Singapore 567890 Singapore")): NOT_RUN: getNumberOfTotalOption(findTestObject("select_Miss Himangi Tankha Singapore Singapore 567890 SingaporeMiss Himangi Tankha Test America California 541278 United StatesMiss Himangi Tankha Test Singapore 567890 Singapore"))

2019-06-19 10:11:44 - [MESSAGE][NOT_RUN] - NOT_RUN: getNumberOfTotalOption(findTestObject("select_Miss Himangi Tankha Singapore Singapore 567890 SingaporeMiss Himangi Tankha Test America California 541278 United StatesMiss Himangi Tankha Test Singapore 567890 Singapore"))

2019-06-19 10:11:44 - [TEST_STEP][NOT_RUN] - click(findTestObject("Page_Ship to Multiple Addresses - Magento Commerce/select_Miss Himangi Tankha Singapore Singapore  567890 SingaporeMiss Himangi Tankha Test Singapore  567890 Singapore")): NOT_RUN: click(findTestObject("Page_Ship to Multiple Addresses - Magento Commerce/select_Miss Himangi Tankha Singapore Singapore  567890 SingaporeMiss Himangi Tankha Test Singapore  567890 Singapore"))

2019-06-19 10:11:44 - [MESSAGE][NOT_RUN] - NOT_RUN: click(findTestObject("Page_Ship to Multiple Addresses - Magento Commerce/select_Miss Himangi Tankha Singapore Singapore  567890 SingaporeMiss Himangi Tankha Test Singapore  567890 Singapore"))

2019-06-19 10:11:44 - [TEST_STEP][NOT_RUN] - delay(10): NOT_RUN: delay(10)

2019-06-19 10:11:44 - [MESSAGE][NOT_RUN] - NOT_RUN: delay(10)

2019-06-19 10:11:44 - [TEST_STEP][FAILED] - selectOptionByValue(findTestObject("Page_Ship to Multiple Addresses - Magento Commerce/select_Miss Himangi Tankha Singapore Singapore  567890 SingaporeMiss Himangi Tankha Test Singapore  567890 Singapore"), "46", true, CONTINUE_ON_FAILURE): Unable to select option by value '46' of object 'Object Repository/Page_Ship to Multiple Addresses - Magento Commerce/select_Miss Himangi Tankha Singapore Singapore  567890 SingaporeMiss Himangi Tankha Test Singapore  567890 Singapore'  using regular expression (Root cause: com.kms.katalon.core.exception.StepFailedException: Unable to select option by value '46' of object 'Object Repository/Page_Ship to Multiple Addresses - Magento Commerce/select_Miss Himangi Tankha Singapore Singapore  567890 SingaporeMiss Himangi Tankha Test Singapore  567890 Singapore'  using regular expression
	at com.kms.katalon.core.webui.keyword.internal.WebUIKeywordMain.stepFailed(WebUIKeywordMain.groovy:64)
	at com.kms.katalon.core.webui.keyword.internal.WebUIKeywordMain.runKeyword(WebUIKeywordMain.groovy:26)
	at com.kms.katalon.core.webui.keyword.builtin.SelectOptionByValueKeyword.selectOptionByValue(SelectOptionByValueKeyword.groovy:99)
	at com.kms.katalon.core.webui.keyword.builtin.SelectOptionByValueKeyword.execute(SelectOptionByValueKeyword.groovy:71)
	at com.kms.katalon.core.keyword.internal.KeywordExecutor.executeKeywordForPlatform(KeywordExecutor.groovy:56)
	at com.kms.katalon.core.webui.keyword.WebUiBuiltInKeywords.selectOptionByValue(WebUiBuiltInKeywords.groovy:1121)
	at com.kms.katalon.core.webui.keyword.WebUiBuiltInKeywords$selectOptionByValue$9.call(Unknown Source)
	at Multi Add To Cart.run(Multi Add To Cart:78)
	at com.kms.katalon.core.main.ScriptEngine.run(ScriptEngine.java:194)
	at com.kms.katalon.core.main.ScriptEngine.runScriptAsRawText(ScriptEngine.java:119)
	at com.kms.katalon.core.main.TestCaseExecutor.runScript(TestCaseExecutor.java:331)
	at com.kms.katalon.core.main.TestCaseExecutor.doExecute(TestCaseExecutor.java:322)
	at com.kms.katalon.core.main.TestCaseExecutor.processExecutionPhase(TestCaseExecutor.java:301)
	at com.kms.katalon.core.main.TestCaseExecutor.accessMainPhase(TestCaseExecutor.java:293)
	at com.kms.katalon.core.main.TestCaseExecutor.execute(TestCaseExecutor.java:227)
	at com.kms.katalon.core.main.TestSuiteExecutor.accessTestCaseMainPhase(TestSuiteExecutor.java:129)
	at com.kms.katalon.core.main.TestSuiteExecutor.accessTestSuiteMainPhase(TestSuiteExecutor.java:112)
	at com.kms.katalon.core.main.TestSuiteExecutor.execute(TestSuiteExecutor.java:81)
	at com.kms.katalon.core.main.TestCaseMain.startTestSuite(TestCaseMain.java:157)
	at com.kms.katalon.core.main.TestCaseMain$startTestSuite$0.call(Unknown Source)
	at TempTestSuite1560919141787.run(TempTestSuite1560919141787.groovy:35)
Caused by: com.kms.katalon.core.webui.exception.WebElementNotFoundException: Web element with id: 'Object Repository/Page_Ship to Multiple Addresses - Magento Commerce/select_Miss Himangi Tankha Singapore Singapore  567890 SingaporeMiss Himangi Tankha Test Singapore  567890 Singapore' located by 'By.xpath: //select[@id='ship_1_772_address']' not found
	at com.kms.katalon.core.webui.common.WebUiCommonHelper.findWebElement(WebUiCommonHelper.java:1053)
	at com.kms.katalon.core.webui.keyword.internal.WebUIAbstractKeyword.findWebElement(WebUIAbstractKeyword.groovy:27)
	at com.kms.katalon.core.webui.keyword.internal.WebUIAbstractKeyword.findWebElement(WebUIAbstractKeyword.groovy:26)
	at com.kms.katalon.core.webui.keyword.builtin.SelectOptionByValueKeyword$_selectOptionByValue_closure1.doCall(SelectOptionByValueKeyword.groovy:86)
	at com.kms.katalon.core.webui.keyword.builtin.SelectOptionByValueKeyword$_selectOptionByValue_closure1.call(SelectOptionByValueKeyword.groovy)
	at com.kms.katalon.core.webui.keyword.internal.WebUIKeywordMain.runKeyword(WebUIKeywordMain.groovy:20)
	at com.kms.katalon.core.webui.keyword.builtin.SelectOptionByValueKeyword.selectOptionByValue(SelectOptionByValueKeyword.groovy:99)
	at com.kms.katalon.core.webui.keyword.builtin.SelectOptionByValueKeyword.execute(SelectOptionByValueKeyword.groovy:71)
	at com.kms.katalon.core.keyword.internal.KeywordExecutor.executeKeywordForPlatform(KeywordExecutor.groovy:56)
	at com.kms.katalon.core.webui.keyword.WebUiBuiltInKeywords.selectOptionByValue(WebUiBuiltInKeywords.groovy:1121)
	at com.kms.katalon.core.webui.keyword.WebUiBuiltInKeywords$selectOptionByValue$9.call(Unknown Source)
	at Script1560161272678.run(Script1560161272678.groovy:78)
	... 13 more
)

2019-06-19 10:12:16 - [MESSAGE][INFO] - Unable to find the element located by 'By.xpath: //select[@id='ship_1_772_address']'. Please recheck the objects properties to make sure the desired element is located. 

2019-06-19 10:12:16 - [MESSAGE][FAILED] - Unable to select option by value '46' of object 'Object Repository/Page_Ship to Multiple Addresses - Magento Commerce/select_Miss Himangi Tankha Singapore Singapore  567890 SingaporeMiss Himangi Tankha Test Singapore  567890 Singapore'  using regular expression (Root cause: com.kms.katalon.core.exception.StepFailedException: Unable to select option by value '46' of object 'Object Repository/Page_Ship to Multiple Addresses - Magento Commerce/select_Miss Himangi Tankha Singapore Singapore  567890 SingaporeMiss Himangi Tankha Test Singapore  567890 Singapore'  using regular expression
	at com.kms.katalon.core.webui.keyword.internal.WebUIKeywordMain.stepFailed(WebUIKeywordMain.groovy:64)
	at com.kms.katalon.core.webui.keyword.internal.WebUIKeywordMain.runKeyword(WebUIKeywordMain.groovy:26)
	at com.kms.katalon.core.webui.keyword.builtin.SelectOptionByValueKeyword.selectOptionByValue(SelectOptionByValueKeyword.groovy:99)
	at com.kms.katalon.core.webui.keyword.builtin.SelectOptionByValueKeyword.execute(SelectOptionByValueKeyword.groovy:71)
	at com.kms.katalon.core.keyword.internal.KeywordExecutor.executeKeywordForPlatform(KeywordExecutor.groovy:56)
	at com.kms.katalon.core.webui.keyword.WebUiBuiltInKeywords.selectOptionByValue(WebUiBuiltInKeywords.groovy:1121)
	at com.kms.katalon.core.webui.keyword.WebUiBuiltInKeywords$selectOptionByValue$9.call(Unknown Source)
	at Multi Add To Cart.run(Multi Add To Cart:78)
	at com.kms.katalon.core.main.ScriptEngine.run(ScriptEngine.java:194)
	at com.kms.katalon.core.main.ScriptEngine.runScriptAsRawText(ScriptEngine.java:119)
	at com.kms.katalon.core.main.TestCaseExecutor.runScript(TestCaseExecutor.java:331)
	at com.kms.katalon.core.main.TestCaseExecutor.doExecute(TestCaseExecutor.java:322)
	at com.kms.katalon.core.main.TestCaseExecutor.processExecutionPhase(TestCaseExecutor.java:301)
	at com.kms.katalon.core.main.TestCaseExecutor.accessMainPhase(TestCaseExecutor.java:293)
	at com.kms.katalon.core.main.TestCaseExecutor.execute(TestCaseExecutor.java:227)
	at com.kms.katalon.core.main.TestSuiteExecutor.accessTestCaseMainPhase(TestSuiteExecutor.java:129)
	at com.kms.katalon.core.main.TestSuiteExecutor.accessTestSuiteMainPhase(TestSuiteExecutor.java:112)
	at com.kms.katalon.core.main.TestSuiteExecutor.execute(TestSuiteExecutor.java:81)
	at com.kms.katalon.core.main.TestCaseMain.startTestSuite(TestCaseMain.java:157)
	at com.kms.katalon.core.main.TestCaseMain$startTestSuite$0.call(Unknown Source)
	at TempTestSuite1560919141787.run(TempTestSuite1560919141787.groovy:35)
Caused by: com.kms.katalon.core.webui.exception.WebElementNotFoundException: Web element with id: 'Object Repository/Page_Ship to Multiple Addresses - Magento Commerce/select_Miss Himangi Tankha Singapore Singapore  567890 SingaporeMiss Himangi Tankha Test Singapore  567890 Singapore' located by 'By.xpath: //select[@id='ship_1_772_address']' not found
	at com.kms.katalon.core.webui.common.WebUiCommonHelper.findWebElement(WebUiCommonHelper.java:1053)
	at com.kms.katalon.core.webui.keyword.internal.WebUIAbstractKeyword.findWebElement(WebUIAbstractKeyword.groovy:27)
	at com.kms.katalon.core.webui.keyword.internal.WebUIAbstractKeyword.findWebElement(WebUIAbstractKeyword.groovy:26)
	at com.kms.katalon.core.webui.keyword.builtin.SelectOptionByValueKeyword$_selectOptionByValue_closure1.doCall(SelectOptionByValueKeyword.groovy:86)
	at com.kms.katalon.core.webui.keyword.builtin.SelectOptionByValueKeyword$_selectOptionByValue_closure1.call(SelectOptionByValueKeyword.groovy)
	at com.kms.katalon.core.webui.keyword.internal.WebUIKeywordMain.runKeyword(WebUIKeywordMain.groovy:20)
	at com.kms.katalon.core.webui.keyword.builtin.SelectOptionByValueKeyword.selectOptionByValue(SelectOptionByValueKeyword.groovy:99)
	at com.kms.katalon.core.webui.keyword.builtin.SelectOptionByValueKeyword.execute(SelectOptionByValueKeyword.groovy:71)
	at com.kms.katalon.core.keyword.internal.KeywordExecutor.executeKeywordForPlatform(KeywordExecutor.groovy:56)
	at com.kms.katalon.core.webui.keyword.WebUiBuiltInKeywords.selectOptionByValue(WebUiBuiltInKeywords.groovy:1121)
	at com.kms.katalon.core.webui.keyword.WebUiBuiltInKeywords$selectOptionByValue$9.call(Unknown Source)
	at Script1560161272678.run(Script1560161272678.groovy:78)
	... 13 more
)
[[ATTACHMENT|C:\\Users\\Himangi\\git\\thethreadtheory\\Reports\\Multiple Address Checkout\\20190619_100901\\1560919336525.png]]

2019-06-19 10:12:16 - [TEST_STEP][PASSED] - delay(5): Delayed 5 second(s)

2019-06-19 10:12:21 - [MESSAGE][PASSED] - Delayed 5 second(s)

2019-06-19 10:12:21 - [TEST_STEP][PASSED] - click(findTestObject("MultipleCheckout/Page_Ship to Multiple Addresses - Magento Commerce/button_Update Qty  Addresses")): Object: 'Object Repository/MultipleCheckout/Page_Ship to Multiple Addresses - Magento Commerce/button_Update Qty  Addresses' is clicked on

2019-06-19 10:12:22 - [MESSAGE][PASSED] - Object: 'Object Repository/MultipleCheckout/Page_Ship to Multiple Addresses - Magento Commerce/button_Update Qty  Addresses' is clicked on

2019-06-19 10:12:22 - [TEST_STEP][PASSED] - delay(5): Delayed 5 second(s)

2019-06-19 10:12:27 - [MESSAGE][PASSED] - Delayed 5 second(s)

2019-06-19 10:12:27 - [TEST_STEP][PASSED] - click(findTestObject("MultipleCheckout/Page_Ship to Multiple Addresses - Magento Commerce/button_Go to Shipping Information")): Object: 'Object Repository/MultipleCheckout/Page_Ship to Multiple Addresses - Magento Commerce/button_Go to Shipping Information' is clicked on

2019-06-19 10:12:27 - [MESSAGE][PASSED] - Object: 'Object Repository/MultipleCheckout/Page_Ship to Multiple Addresses - Magento Commerce/button_Go to Shipping Information' is clicked on

2019-06-19 10:12:27 - [TEST_STEP][PASSED] - delay(5): Delayed 5 second(s)

2019-06-19 10:12:32 - [MESSAGE][PASSED] - Delayed 5 second(s)

2019-06-19 10:12:32 - [TEST_STEP][FAILED] - click(findTestObject("MultipleCheckout/Page_Shipping Methods - Magento Commerce/input_SGD 000_shipping_method710"), CONTINUE_ON_FAILURE): Unable to click on object 'Object Repository/MultipleCheckout/Page_Shipping Methods - Magento Commerce/input_SGD 000_shipping_method710' (Root cause: com.kms.katalon.core.exception.StepFailedException: Unable to click on object 'Object Repository/MultipleCheckout/Page_Shipping Methods - Magento Commerce/input_SGD 000_shipping_method710'
	at com.kms.katalon.core.webui.keyword.internal.WebUIKeywordMain.stepFailed(WebUIKeywordMain.groovy:64)
	at com.kms.katalon.core.webui.keyword.internal.WebUIKeywordMain.runKeyword(WebUIKeywordMain.groovy:26)
	at com.kms.katalon.core.webui.keyword.builtin.ClickKeyword.click(ClickKeyword.groovy:86)
	at com.kms.katalon.core.webui.keyword.builtin.ClickKeyword.execute(ClickKeyword.groovy:67)
	at com.kms.katalon.core.keyword.internal.KeywordExecutor.executeKeywordForPlatform(KeywordExecutor.groovy:56)
	at com.kms.katalon.core.webui.keyword.WebUiBuiltInKeywords.click(WebUiBuiltInKeywords.groovy:604)
	at com.kms.katalon.core.webui.keyword.WebUiBuiltInKeywords$click$10.call(Unknown Source)
	at Multi Add To Cart.run(Multi Add To Cart:91)
	at com.kms.katalon.core.main.ScriptEngine.run(ScriptEngine.java:194)
	at com.kms.katalon.core.main.ScriptEngine.runScriptAsRawText(ScriptEngine.java:119)
	at com.kms.katalon.core.main.TestCaseExecutor.runScript(TestCaseExecutor.java:331)
	at com.kms.katalon.core.main.TestCaseExecutor.doExecute(TestCaseExecutor.java:322)
	at com.kms.katalon.core.main.TestCaseExecutor.processExecutionPhase(TestCaseExecutor.java:301)
	at com.kms.katalon.core.main.TestCaseExecutor.accessMainPhase(TestCaseExecutor.java:293)
	at com.kms.katalon.core.main.TestCaseExecutor.execute(TestCaseExecutor.java:227)
	at com.kms.katalon.core.main.TestSuiteExecutor.accessTestCaseMainPhase(TestSuiteExecutor.java:129)
	at com.kms.katalon.core.main.TestSuiteExecutor.accessTestSuiteMainPhase(TestSuiteExecutor.java:112)
	at com.kms.katalon.core.main.TestSuiteExecutor.execute(TestSuiteExecutor.java:81)
	at com.kms.katalon.core.main.TestCaseMain.startTestSuite(TestCaseMain.java:157)
	at com.kms.katalon.core.main.TestCaseMain$startTestSuite$0.call(Unknown Source)
	at TempTestSuite1560919141787.run(TempTestSuite1560919141787.groovy:35)
Caused by: com.kms.katalon.core.webui.exception.WebElementNotFoundException: Web element with id: 'Object Repository/MultipleCheckout/Page_Shipping Methods - Magento Commerce/input_SGD 000_shipping_method710' located by 'By.xpath: (.//*[normalize-space(text()) and normalize-space(.)='SGD 0.00'])[1]/following::input[1][count(. | //input[@type = 'radio' and @name = 'shipping_method[710]' and @id = 's_method_710_flaterateshipping_flaterateshipping']) = count(//input[@type = 'radio' and @name = 'shipping_method[710]' and @id = 's_method_710_flaterateshipping_flaterateshipping'])]' not found
	at com.kms.katalon.core.webui.common.WebUiCommonHelper.findWebElement(WebUiCommonHelper.java:1053)
	at com.kms.katalon.core.webui.keyword.internal.WebUIAbstractKeyword.findWebElement(WebUIAbstractKeyword.groovy:27)
	at com.kms.katalon.core.webui.keyword.internal.WebUIAbstractKeyword.findWebElement(WebUIAbstractKeyword.groovy:26)
	at com.kms.katalon.core.webui.keyword.builtin.ClickKeyword$_click_closure1.doCall(ClickKeyword.groovy:77)
	at com.kms.katalon.core.webui.keyword.builtin.ClickKeyword$_click_closure1.call(ClickKeyword.groovy)
	at com.kms.katalon.core.webui.keyword.internal.WebUIKeywordMain.runKeyword(WebUIKeywordMain.groovy:20)
	at com.kms.katalon.core.webui.keyword.builtin.ClickKeyword.click(ClickKeyword.groovy:86)
	at com.kms.katalon.core.webui.keyword.builtin.ClickKeyword.execute(ClickKeyword.groovy:67)
	at com.kms.katalon.core.keyword.internal.KeywordExecutor.executeKeywordForPlatform(KeywordExecutor.groovy:56)
	at com.kms.katalon.core.webui.keyword.WebUiBuiltInKeywords.click(WebUiBuiltInKeywords.groovy:604)
	at com.kms.katalon.core.webui.keyword.WebUiBuiltInKeywords$click$10.call(Unknown Source)
	at Script1560161272678.run(Script1560161272678.groovy:91)
	... 13 more
)

2019-06-19 10:13:04 - [MESSAGE][INFO] - Unable to find the element located by 'By.xpath: (.//*[normalize-space(text()) and normalize-space(.)='SGD 0.00'])[1]/following::input[1][count(. | //input[@type = 'radio' and @name = 'shipping_method[710]' and @id = 's_method_710_flaterateshipping_flaterateshipping']) = count(//input[@type = 'radio' and @name = 'shipping_method[710]' and @id = 's_method_710_flaterateshipping_flaterateshipping'])]'. Please recheck the objects properties to make sure the desired element is located. 

2019-06-19 10:13:04 - [MESSAGE][FAILED] - Unable to click on object 'Object Repository/MultipleCheckout/Page_Shipping Methods - Magento Commerce/input_SGD 000_shipping_method710' (Root cause: com.kms.katalon.core.exception.StepFailedException: Unable to click on object 'Object Repository/MultipleCheckout/Page_Shipping Methods - Magento Commerce/input_SGD 000_shipping_method710'
	at com.kms.katalon.core.webui.keyword.internal.WebUIKeywordMain.stepFailed(WebUIKeywordMain.groovy:64)
	at com.kms.katalon.core.webui.keyword.internal.WebUIKeywordMain.runKeyword(WebUIKeywordMain.groovy:26)
	at com.kms.katalon.core.webui.keyword.builtin.ClickKeyword.click(ClickKeyword.groovy:86)
	at com.kms.katalon.core.webui.keyword.builtin.ClickKeyword.execute(ClickKeyword.groovy:67)
	at com.kms.katalon.core.keyword.internal.KeywordExecutor.executeKeywordForPlatform(KeywordExecutor.groovy:56)
	at com.kms.katalon.core.webui.keyword.WebUiBuiltInKeywords.click(WebUiBuiltInKeywords.groovy:604)
	at com.kms.katalon.core.webui.keyword.WebUiBuiltInKeywords$click$10.call(Unknown Source)
	at Multi Add To Cart.run(Multi Add To Cart:91)
	at com.kms.katalon.core.main.ScriptEngine.run(ScriptEngine.java:194)
	at com.kms.katalon.core.main.ScriptEngine.runScriptAsRawText(ScriptEngine.java:119)
	at com.kms.katalon.core.main.TestCaseExecutor.runScript(TestCaseExecutor.java:331)
	at com.kms.katalon.core.main.TestCaseExecutor.doExecute(TestCaseExecutor.java:322)
	at com.kms.katalon.core.main.TestCaseExecutor.processExecutionPhase(TestCaseExecutor.java:301)
	at com.kms.katalon.core.main.TestCaseExecutor.accessMainPhase(TestCaseExecutor.java:293)
	at com.kms.katalon.core.main.TestCaseExecutor.execute(TestCaseExecutor.java:227)
	at com.kms.katalon.core.main.TestSuiteExecutor.accessTestCaseMainPhase(TestSuiteExecutor.java:129)
	at com.kms.katalon.core.main.TestSuiteExecutor.accessTestSuiteMainPhase(TestSuiteExecutor.java:112)
	at com.kms.katalon.core.main.TestSuiteExecutor.execute(TestSuiteExecutor.java:81)
	at com.kms.katalon.core.main.TestCaseMain.startTestSuite(TestCaseMain.java:157)
	at com.kms.katalon.core.main.TestCaseMain$startTestSuite$0.call(Unknown Source)
	at TempTestSuite1560919141787.run(TempTestSuite1560919141787.groovy:35)
Caused by: com.kms.katalon.core.webui.exception.WebElementNotFoundException: Web element with id: 'Object Repository/MultipleCheckout/Page_Shipping Methods - Magento Commerce/input_SGD 000_shipping_method710' located by 'By.xpath: (.//*[normalize-space(text()) and normalize-space(.)='SGD 0.00'])[1]/following::input[1][count(. | //input[@type = 'radio' and @name = 'shipping_method[710]' and @id = 's_method_710_flaterateshipping_flaterateshipping']) = count(//input[@type = 'radio' and @name = 'shipping_method[710]' and @id = 's_method_710_flaterateshipping_flaterateshipping'])]' not found
	at com.kms.katalon.core.webui.common.WebUiCommonHelper.findWebElement(WebUiCommonHelper.java:1053)
	at com.kms.katalon.core.webui.keyword.internal.WebUIAbstractKeyword.findWebElement(WebUIAbstractKeyword.groovy:27)
	at com.kms.katalon.core.webui.keyword.internal.WebUIAbstractKeyword.findWebElement(WebUIAbstractKeyword.groovy:26)
	at com.kms.katalon.core.webui.keyword.builtin.ClickKeyword$_click_closure1.doCall(ClickKeyword.groovy:77)
	at com.kms.katalon.core.webui.keyword.builtin.ClickKeyword$_click_closure1.call(ClickKeyword.groovy)
	at com.kms.katalon.core.webui.keyword.internal.WebUIKeywordMain.runKeyword(WebUIKeywordMain.groovy:20)
	at com.kms.katalon.core.webui.keyword.builtin.ClickKeyword.click(ClickKeyword.groovy:86)
	at com.kms.katalon.core.webui.keyword.builtin.ClickKeyword.execute(ClickKeyword.groovy:67)
	at com.kms.katalon.core.keyword.internal.KeywordExecutor.executeKeywordForPlatform(KeywordExecutor.groovy:56)
	at com.kms.katalon.core.webui.keyword.WebUiBuiltInKeywords.click(WebUiBuiltInKeywords.groovy:604)
	at com.kms.katalon.core.webui.keyword.WebUiBuiltInKeywords$click$10.call(Unknown Source)
	at Script1560161272678.run(Script1560161272678.groovy:91)
	... 13 more
)
[[ATTACHMENT|C:\\Users\\Himangi\\git\\thethreadtheory\\Reports\\Multiple Address Checkout\\20190619_100901\\1560919384497.png]]

2019-06-19 10:13:04 - [TEST_STEP][FAILED] - scrollToElement(findTestObject("MultipleCheckout/Page_Shipping Methods - Magento Commerce/input_Shipping Method_shipping_method711"), 0, CONTINUE_ON_FAILURE): Unable to scroll to object 'Object Repository/MultipleCheckout/Page_Shipping Methods - Magento Commerce/input_Shipping Method_shipping_method711' (Root cause: com.kms.katalon.core.exception.StepFailedException: Unable to scroll to object 'Object Repository/MultipleCheckout/Page_Shipping Methods - Magento Commerce/input_Shipping Method_shipping_method711'
	at com.kms.katalon.core.webui.keyword.internal.WebUIKeywordMain.stepFailed(WebUIKeywordMain.groovy:64)
	at com.kms.katalon.core.webui.keyword.internal.WebUIKeywordMain.runKeyword(WebUIKeywordMain.groovy:26)
	at com.kms.katalon.core.webui.keyword.builtin.ScrollToElementKeyword.scrollToElement(ScrollToElementKeyword.groovy:88)
	at com.kms.katalon.core.webui.keyword.builtin.ScrollToElementKeyword.execute(ScrollToElementKeyword.groovy:68)
	at com.kms.katalon.core.keyword.internal.KeywordExecutor.executeKeywordForPlatform(KeywordExecutor.groovy:56)
	at com.kms.katalon.core.webui.keyword.WebUiBuiltInKeywords.scrollToElement(WebUiBuiltInKeywords.groovy:2961)
	at com.kms.katalon.core.webui.keyword.WebUiBuiltInKeywords$scrollToElement$11.call(Unknown Source)
	at Multi Add To Cart.run(Multi Add To Cart:94)
	at com.kms.katalon.core.main.ScriptEngine.run(ScriptEngine.java:194)
	at com.kms.katalon.core.main.ScriptEngine.runScriptAsRawText(ScriptEngine.java:119)
	at com.kms.katalon.core.main.TestCaseExecutor.runScript(TestCaseExecutor.java:331)
	at com.kms.katalon.core.main.TestCaseExecutor.doExecute(TestCaseExecutor.java:322)
	at com.kms.katalon.core.main.TestCaseExecutor.processExecutionPhase(TestCaseExecutor.java:301)
	at com.kms.katalon.core.main.TestCaseExecutor.accessMainPhase(TestCaseExecutor.java:293)
	at com.kms.katalon.core.main.TestCaseExecutor.execute(TestCaseExecutor.java:227)
	at com.kms.katalon.core.main.TestSuiteExecutor.accessTestCaseMainPhase(TestSuiteExecutor.java:129)
	at com.kms.katalon.core.main.TestSuiteExecutor.accessTestSuiteMainPhase(TestSuiteExecutor.java:112)
	at com.kms.katalon.core.main.TestSuiteExecutor.execute(TestSuiteExecutor.java:81)
	at com.kms.katalon.core.main.TestCaseMain.startTestSuite(TestCaseMain.java:157)
	at com.kms.katalon.core.main.TestCaseMain$startTestSuite$0.call(Unknown Source)
	at TempTestSuite1560919141787.run(TempTestSuite1560919141787.groovy:35)
Caused by: com.kms.katalon.core.webui.exception.WebElementNotFoundException: Web element with id: 'Object Repository/MultipleCheckout/Page_Shipping Methods - Magento Commerce/input_Shipping Method_shipping_method711' located by 'By.xpath: //input[@id='s_method_711_flatrate_flatrate']' not found
	at com.kms.katalon.core.webui.common.WebUiCommonHelper.findWebElement(WebUiCommonHelper.java:1053)
	at com.kms.katalon.core.webui.keyword.internal.WebUIAbstractKeyword.findWebElement(WebUIAbstractKeyword.groovy:27)
	at com.kms.katalon.core.webui.keyword.internal.WebUIAbstractKeyword.findWebElement(WebUIAbstractKeyword.groovy:26)
	at com.kms.katalon.core.webui.keyword.builtin.ScrollToElementKeyword$_scrollToElement_closure1.doCall(ScrollToElementKeyword.groovy:79)
	at com.kms.katalon.core.webui.keyword.builtin.ScrollToElementKeyword$_scrollToElement_closure1.call(ScrollToElementKeyword.groovy)
	at com.kms.katalon.core.webui.keyword.internal.WebUIKeywordMain.runKeyword(WebUIKeywordMain.groovy:20)
	at com.kms.katalon.core.webui.keyword.builtin.ScrollToElementKeyword.scrollToElement(ScrollToElementKeyword.groovy:88)
	at com.kms.katalon.core.webui.keyword.builtin.ScrollToElementKeyword.execute(ScrollToElementKeyword.groovy:68)
	at com.kms.katalon.core.keyword.internal.KeywordExecutor.executeKeywordForPlatform(KeywordExecutor.groovy:56)
	at com.kms.katalon.core.webui.keyword.WebUiBuiltInKeywords.scrollToElement(WebUiBuiltInKeywords.groovy:2961)
	at com.kms.katalon.core.webui.keyword.WebUiBuiltInKeywords$scrollToElement$11.call(Unknown Source)
	at Script1560161272678.run(Script1560161272678.groovy:94)
	... 13 more
)

2019-06-19 10:13:04 - [MESSAGE][WARNING] - Timeout '0' is invalid. Using default page load timeout: '30'

2019-06-19 10:13:36 - [MESSAGE][INFO] - Unable to find the element located by 'By.xpath: //input[@id='s_method_711_flatrate_flatrate']'. Please recheck the objects properties to make sure the desired element is located. 

2019-06-19 10:13:36 - [MESSAGE][FAILED] - Unable to scroll to object 'Object Repository/MultipleCheckout/Page_Shipping Methods - Magento Commerce/input_Shipping Method_shipping_method711' (Root cause: com.kms.katalon.core.exception.StepFailedException: Unable to scroll to object 'Object Repository/MultipleCheckout/Page_Shipping Methods - Magento Commerce/input_Shipping Method_shipping_method711'
	at com.kms.katalon.core.webui.keyword.internal.WebUIKeywordMain.stepFailed(WebUIKeywordMain.groovy:64)
	at com.kms.katalon.core.webui.keyword.internal.WebUIKeywordMain.runKeyword(WebUIKeywordMain.groovy:26)
	at com.kms.katalon.core.webui.keyword.builtin.ScrollToElementKeyword.scrollToElement(ScrollToElementKeyword.groovy:88)
	at com.kms.katalon.core.webui.keyword.builtin.ScrollToElementKeyword.execute(ScrollToElementKeyword.groovy:68)
	at com.kms.katalon.core.keyword.internal.KeywordExecutor.executeKeywordForPlatform(KeywordExecutor.groovy:56)
	at com.kms.katalon.core.webui.keyword.WebUiBuiltInKeywords.scrollToElement(WebUiBuiltInKeywords.groovy:2961)
	at com.kms.katalon.core.webui.keyword.WebUiBuiltInKeywords$scrollToElement$11.call(Unknown Source)
	at Multi Add To Cart.run(Multi Add To Cart:94)
	at com.kms.katalon.core.main.ScriptEngine.run(ScriptEngine.java:194)
	at com.kms.katalon.core.main.ScriptEngine.runScriptAsRawText(ScriptEngine.java:119)
	at com.kms.katalon.core.main.TestCaseExecutor.runScript(TestCaseExecutor.java:331)
	at com.kms.katalon.core.main.TestCaseExecutor.doExecute(TestCaseExecutor.java:322)
	at com.kms.katalon.core.main.TestCaseExecutor.processExecutionPhase(TestCaseExecutor.java:301)
	at com.kms.katalon.core.main.TestCaseExecutor.accessMainPhase(TestCaseExecutor.java:293)
	at com.kms.katalon.core.main.TestCaseExecutor.execute(TestCaseExecutor.java:227)
	at com.kms.katalon.core.main.TestSuiteExecutor.accessTestCaseMainPhase(TestSuiteExecutor.java:129)
	at com.kms.katalon.core.main.TestSuiteExecutor.accessTestSuiteMainPhase(TestSuiteExecutor.java:112)
	at com.kms.katalon.core.main.TestSuiteExecutor.execute(TestSuiteExecutor.java:81)
	at com.kms.katalon.core.main.TestCaseMain.startTestSuite(TestCaseMain.java:157)
	at com.kms.katalon.core.main.TestCaseMain$startTestSuite$0.call(Unknown Source)
	at TempTestSuite1560919141787.run(TempTestSuite1560919141787.groovy:35)
Caused by: com.kms.katalon.core.webui.exception.WebElementNotFoundException: Web element with id: 'Object Repository/MultipleCheckout/Page_Shipping Methods - Magento Commerce/input_Shipping Method_shipping_method711' located by 'By.xpath: //input[@id='s_method_711_flatrate_flatrate']' not found
	at com.kms.katalon.core.webui.common.WebUiCommonHelper.findWebElement(WebUiCommonHelper.java:1053)
	at com.kms.katalon.core.webui.keyword.internal.WebUIAbstractKeyword.findWebElement(WebUIAbstractKeyword.groovy:27)
	at com.kms.katalon.core.webui.keyword.internal.WebUIAbstractKeyword.findWebElement(WebUIAbstractKeyword.groovy:26)
	at com.kms.katalon.core.webui.keyword.builtin.ScrollToElementKeyword$_scrollToElement_closure1.doCall(ScrollToElementKeyword.groovy:79)
	at com.kms.katalon.core.webui.keyword.builtin.ScrollToElementKeyword$_scrollToElement_closure1.call(ScrollToElementKeyword.groovy)
	at com.kms.katalon.core.webui.keyword.internal.WebUIKeywordMain.runKeyword(WebUIKeywordMain.groovy:20)
	at com.kms.katalon.core.webui.keyword.builtin.ScrollToElementKeyword.scrollToElement(ScrollToElementKeyword.groovy:88)
	at com.kms.katalon.core.webui.keyword.builtin.ScrollToElementKeyword.execute(ScrollToElementKeyword.groovy:68)
	at com.kms.katalon.core.keyword.internal.KeywordExecutor.executeKeywordForPlatform(KeywordExecutor.groovy:56)
	at com.kms.katalon.core.webui.keyword.WebUiBuiltInKeywords.scrollToElement(WebUiBuiltInKeywords.groovy:2961)
	at com.kms.katalon.core.webui.keyword.WebUiBuiltInKeywords$scrollToElement$11.call(Unknown Source)
	at Script1560161272678.run(Script1560161272678.groovy:94)
	... 13 more
)
[[ATTACHMENT|C:\\Users\\Himangi\\git\\thethreadtheory\\Reports\\Multiple Address Checkout\\20190619_100901\\1560919416383.png]]

2019-06-19 10:13:36 - [TEST_STEP][FAILED] - click(findTestObject("MultipleCheckout/Page_Shipping Methods - Magento Commerce/input_Shipping Method_shipping_method711"), CONTINUE_ON_FAILURE): Unable to click on object 'Object Repository/MultipleCheckout/Page_Shipping Methods - Magento Commerce/input_Shipping Method_shipping_method711' (Root cause: com.kms.katalon.core.exception.StepFailedException: Unable to click on object 'Object Repository/MultipleCheckout/Page_Shipping Methods - Magento Commerce/input_Shipping Method_shipping_method711'
	at com.kms.katalon.core.webui.keyword.internal.WebUIKeywordMain.stepFailed(WebUIKeywordMain.groovy:64)
	at com.kms.katalon.core.webui.keyword.internal.WebUIKeywordMain.runKeyword(WebUIKeywordMain.groovy:26)
	at com.kms.katalon.core.webui.keyword.builtin.ClickKeyword.click(ClickKeyword.groovy:86)
	at com.kms.katalon.core.webui.keyword.builtin.ClickKeyword.execute(ClickKeyword.groovy:67)
	at com.kms.katalon.core.keyword.internal.KeywordExecutor.executeKeywordForPlatform(KeywordExecutor.groovy:56)
	at com.kms.katalon.core.webui.keyword.WebUiBuiltInKeywords.click(WebUiBuiltInKeywords.groovy:604)
	at com.kms.katalon.core.webui.keyword.WebUiBuiltInKeywords$click$10.call(Unknown Source)
	at Multi Add To Cart.run(Multi Add To Cart:97)
	at com.kms.katalon.core.main.ScriptEngine.run(ScriptEngine.java:194)
	at com.kms.katalon.core.main.ScriptEngine.runScriptAsRawText(ScriptEngine.java:119)
	at com.kms.katalon.core.main.TestCaseExecutor.runScript(TestCaseExecutor.java:331)
	at com.kms.katalon.core.main.TestCaseExecutor.doExecute(TestCaseExecutor.java:322)
	at com.kms.katalon.core.main.TestCaseExecutor.processExecutionPhase(TestCaseExecutor.java:301)
	at com.kms.katalon.core.main.TestCaseExecutor.accessMainPhase(TestCaseExecutor.java:293)
	at com.kms.katalon.core.main.TestCaseExecutor.execute(TestCaseExecutor.java:227)
	at com.kms.katalon.core.main.TestSuiteExecutor.accessTestCaseMainPhase(TestSuiteExecutor.java:129)
	at com.kms.katalon.core.main.TestSuiteExecutor.accessTestSuiteMainPhase(TestSuiteExecutor.java:112)
	at com.kms.katalon.core.main.TestSuiteExecutor.execute(TestSuiteExecutor.java:81)
	at com.kms.katalon.core.main.TestCaseMain.startTestSuite(TestCaseMain.java:157)
	at com.kms.katalon.core.main.TestCaseMain$startTestSuite$0.call(Unknown Source)
	at TempTestSuite1560919141787.run(TempTestSuite1560919141787.groovy:35)
Caused by: com.kms.katalon.core.webui.exception.WebElementNotFoundException: Web element with id: 'Object Repository/MultipleCheckout/Page_Shipping Methods - Magento Commerce/input_Shipping Method_shipping_method711' located by 'By.xpath: //input[@id='s_method_711_flatrate_flatrate']' not found
	at com.kms.katalon.core.webui.common.WebUiCommonHelper.findWebElement(WebUiCommonHelper.java:1053)
	at com.kms.katalon.core.webui.keyword.internal.WebUIAbstractKeyword.findWebElement(WebUIAbstractKeyword.groovy:27)
	at com.kms.katalon.core.webui.keyword.internal.WebUIAbstractKeyword.findWebElement(WebUIAbstractKeyword.groovy:26)
	at com.kms.katalon.core.webui.keyword.builtin.ClickKeyword$_click_closure1.doCall(ClickKeyword.groovy:77)
	at com.kms.katalon.core.webui.keyword.builtin.ClickKeyword$_click_closure1.call(ClickKeyword.groovy)
	at com.kms.katalon.core.webui.keyword.internal.WebUIKeywordMain.runKeyword(WebUIKeywordMain.groovy:20)
	at com.kms.katalon.core.webui.keyword.builtin.ClickKeyword.click(ClickKeyword.groovy:86)
	at com.kms.katalon.core.webui.keyword.builtin.ClickKeyword.execute(ClickKeyword.groovy:67)
	at com.kms.katalon.core.keyword.internal.KeywordExecutor.executeKeywordForPlatform(KeywordExecutor.groovy:56)
	at com.kms.katalon.core.webui.keyword.WebUiBuiltInKeywords.click(WebUiBuiltInKeywords.groovy:604)
	at com.kms.katalon.core.webui.keyword.WebUiBuiltInKeywords$click$10.call(Unknown Source)
	at Script1560161272678.run(Script1560161272678.groovy:97)
	... 13 more
)

2019-06-19 10:14:08 - [MESSAGE][INFO] - Unable to find the element located by 'By.xpath: //input[@id='s_method_711_flatrate_flatrate']'. Please recheck the objects properties to make sure the desired element is located. 

2019-06-19 10:14:08 - [MESSAGE][FAILED] - Unable to click on object 'Object Repository/MultipleCheckout/Page_Shipping Methods - Magento Commerce/input_Shipping Method_shipping_method711' (Root cause: com.kms.katalon.core.exception.StepFailedException: Unable to click on object 'Object Repository/MultipleCheckout/Page_Shipping Methods - Magento Commerce/input_Shipping Method_shipping_method711'
	at com.kms.katalon.core.webui.keyword.internal.WebUIKeywordMain.stepFailed(WebUIKeywordMain.groovy:64)
	at com.kms.katalon.core.webui.keyword.internal.WebUIKeywordMain.runKeyword(WebUIKeywordMain.groovy:26)
	at com.kms.katalon.core.webui.keyword.builtin.ClickKeyword.click(ClickKeyword.groovy:86)
	at com.kms.katalon.core.webui.keyword.builtin.ClickKeyword.execute(ClickKeyword.groovy:67)
	at com.kms.katalon.core.keyword.internal.KeywordExecutor.executeKeywordForPlatform(KeywordExecutor.groovy:56)
	at com.kms.katalon.core.webui.keyword.WebUiBuiltInKeywords.click(WebUiBuiltInKeywords.groovy:604)
	at com.kms.katalon.core.webui.keyword.WebUiBuiltInKeywords$click$10.call(Unknown Source)
	at Multi Add To Cart.run(Multi Add To Cart:97)
	at com.kms.katalon.core.main.ScriptEngine.run(ScriptEngine.java:194)
	at com.kms.katalon.core.main.ScriptEngine.runScriptAsRawText(ScriptEngine.java:119)
	at com.kms.katalon.core.main.TestCaseExecutor.runScript(TestCaseExecutor.java:331)
	at com.kms.katalon.core.main.TestCaseExecutor.doExecute(TestCaseExecutor.java:322)
	at com.kms.katalon.core.main.TestCaseExecutor.processExecutionPhase(TestCaseExecutor.java:301)
	at com.kms.katalon.core.main.TestCaseExecutor.accessMainPhase(TestCaseExecutor.java:293)
	at com.kms.katalon.core.main.TestCaseExecutor.execute(TestCaseExecutor.java:227)
	at com.kms.katalon.core.main.TestSuiteExecutor.accessTestCaseMainPhase(TestSuiteExecutor.java:129)
	at com.kms.katalon.core.main.TestSuiteExecutor.accessTestSuiteMainPhase(TestSuiteExecutor.java:112)
	at com.kms.katalon.core.main.TestSuiteExecutor.execute(TestSuiteExecutor.java:81)
	at com.kms.katalon.core.main.TestCaseMain.startTestSuite(TestCaseMain.java:157)
	at com.kms.katalon.core.main.TestCaseMain$startTestSuite$0.call(Unknown Source)
	at TempTestSuite1560919141787.run(TempTestSuite1560919141787.groovy:35)
Caused by: com.kms.katalon.core.webui.exception.WebElementNotFoundException: Web element with id: 'Object Repository/MultipleCheckout/Page_Shipping Methods - Magento Commerce/input_Shipping Method_shipping_method711' located by 'By.xpath: //input[@id='s_method_711_flatrate_flatrate']' not found
	at com.kms.katalon.core.webui.common.WebUiCommonHelper.findWebElement(WebUiCommonHelper.java:1053)
	at com.kms.katalon.core.webui.keyword.internal.WebUIAbstractKeyword.findWebElement(WebUIAbstractKeyword.groovy:27)
	at com.kms.katalon.core.webui.keyword.internal.WebUIAbstractKeyword.findWebElement(WebUIAbstractKeyword.groovy:26)
	at com.kms.katalon.core.webui.keyword.builtin.ClickKeyword$_click_closure1.doCall(ClickKeyword.groovy:77)
	at com.kms.katalon.core.webui.keyword.builtin.ClickKeyword$_click_closure1.call(ClickKeyword.groovy)
	at com.kms.katalon.core.webui.keyword.internal.WebUIKeywordMain.runKeyword(WebUIKeywordMain.groovy:20)
	at com.kms.katalon.core.webui.keyword.builtin.ClickKeyword.click(ClickKeyword.groovy:86)
	at com.kms.katalon.core.webui.keyword.builtin.ClickKeyword.execute(ClickKeyword.groovy:67)
	at com.kms.katalon.core.keyword.internal.KeywordExecutor.executeKeywordForPlatform(KeywordExecutor.groovy:56)
	at com.kms.katalon.core.webui.keyword.WebUiBuiltInKeywords.click(WebUiBuiltInKeywords.groovy:604)
	at com.kms.katalon.core.webui.keyword.WebUiBuiltInKeywords$click$10.call(Unknown Source)
	at Script1560161272678.run(Script1560161272678.groovy:97)
	... 13 more
)
[[ATTACHMENT|C:\\Users\\Himangi\\git\\thethreadtheory\\Reports\\Multiple Address Checkout\\20190619_100901\\1560919448299.png]]

2019-06-19 10:14:08 - [TEST_STEP][PASSED] - scrollToElement(findTestObject("MultipleCheckout/Page_Shipping Methods - Magento Commerce/button_Continue to Billing Information"), 0, CONTINUE_ON_FAILURE): Scroll to object 'Object Repository/MultipleCheckout/Page_Shipping Methods - Magento Commerce/button_Continue to Billing Information' successfully

2019-06-19 10:14:08 - [MESSAGE][WARNING] - Timeout '0' is invalid. Using default page load timeout: '30'

2019-06-19 10:14:08 - [MESSAGE][PASSED] - Scroll to object 'Object Repository/MultipleCheckout/Page_Shipping Methods - Magento Commerce/button_Continue to Billing Information' successfully

2019-06-19 10:14:08 - [TEST_STEP][PASSED] - click(findTestObject("MultipleCheckout/Page_Shipping Methods - Magento Commerce/button_Continue to Billing Information"), CONTINUE_ON_FAILURE): Object: 'Object Repository/MultipleCheckout/Page_Shipping Methods - Magento Commerce/button_Continue to Billing Information' is clicked on

2019-06-19 10:14:18 - [MESSAGE][PASSED] - Object: 'Object Repository/MultipleCheckout/Page_Shipping Methods - Magento Commerce/button_Continue to Billing Information' is clicked on

2019-06-19 10:14:18 - [TEST_STEP][PASSED] - delay(5): Delayed 5 second(s)

2019-06-19 10:14:23 - [MESSAGE][PASSED] - Delayed 5 second(s)

2019-06-19 10:14:23 - [TEST_STEP][PASSED] - click(findTestObject("MultipleCheckout/Page_Billing Information - Magento Commerce/input_Internet banking  PayNow_paymentmethod")): Object: 'Object Repository/MultipleCheckout/Page_Billing Information - Magento Commerce/input_Internet banking  PayNow_paymentmethod' is clicked on

2019-06-19 10:14:23 - [MESSAGE][PASSED] - Object: 'Object Repository/MultipleCheckout/Page_Billing Information - Magento Commerce/input_Internet banking  PayNow_paymentmethod' is clicked on

2019-06-19 10:14:23 - [TEST_STEP][PASSED] - click(findTestObject("MultipleCheckout/Page_Billing Information - Magento Commerce/button_Go to Review Your Order")): Object: 'Object Repository/MultipleCheckout/Page_Billing Information - Magento Commerce/button_Go to Review Your Order' is clicked on

2019-06-19 10:14:26 - [MESSAGE][PASSED] - Object: 'Object Repository/MultipleCheckout/Page_Billing Information - Magento Commerce/button_Go to Review Your Order' is clicked on

2019-06-19 10:14:26 - [TEST_STEP][PASSED] - delay(5): Delayed 5 second(s)

2019-06-19 10:14:31 - [MESSAGE][PASSED] - Delayed 5 second(s)

2019-06-19 10:14:31 - [TEST_STEP][PASSED] - scrollToElement(findTestObject("MultipleCheckout/Page_Review Order - Magento Commerce/button_Place Order"), 0): Scroll to object 'Object Repository/MultipleCheckout/Page_Review Order - Magento Commerce/button_Place Order' successfully

2019-06-19 10:14:31 - [MESSAGE][WARNING] - Timeout '0' is invalid. Using default page load timeout: '30'

2019-06-19 10:14:31 - [MESSAGE][PASSED] - Scroll to object 'Object Repository/MultipleCheckout/Page_Review Order - Magento Commerce/button_Place Order' successfully

2019-06-19 10:14:31 - [TEST_STEP][PASSED] - click(findTestObject("TandC/Page_Checkout/input_SGD 4300_agreement2")): Object: 'Object Repository/TandC/Page_Checkout/input_SGD 4300_agreement2' is clicked on

2019-06-19 10:14:31 - [MESSAGE][PASSED] - Object: 'Object Repository/TandC/Page_Checkout/input_SGD 4300_agreement2' is clicked on

2019-06-19 10:14:31 - [TEST_STEP][PASSED] - click(findTestObject("MultipleCheckout/Page_Review Order - Magento Commerce/button_Place Order")): Object: 'Object Repository/MultipleCheckout/Page_Review Order - Magento Commerce/button_Place Order' is clicked on

2019-06-19 10:14:37 - [MESSAGE][PASSED] - Object: 'Object Repository/MultipleCheckout/Page_Review Order - Magento Commerce/button_Place Order' is clicked on

2019-06-19 10:14:37 - [TEST_STEP][PASSED] - delay(10): Delayed 10 second(s)

2019-06-19 10:14:47 - [MESSAGE][PASSED] - Delayed 10 second(s)

2019-06-19 10:14:47 - [TEST_STEP][PASSED] - today = new java.util.Date(): null

2019-06-19 10:14:47 - [TEST_STEP][PASSED] - todaysDate = today.format("MM_dd_yy"): null

2019-06-19 10:14:47 - [TEST_STEP][PASSED] - nowTime = today.format("hh_mm_ss"): null

2019-06-19 10:14:47 - [TEST_STEP][FAILED] - takeScreenshot("D:\Katalon\Demo\screenshot_"+ todaysDate +"-" + nowTime +".PNG"): takeScreenshot("D:\Katalon\Demo\screenshot_"+ todaysDate +"-" + nowTime +".PNG") FAILED.
Reason:
com.kms.katalon.core.exception.StepFailedException: Unable to select option by value '46' of object 'Object Repository/Page_Ship to Multiple Addresses - Magento Commerce/select_Miss Himangi Tankha Singapore Singapore  567890 SingaporeMiss Himangi Tankha Test Singapore  567890 Singapore'  using regular expression (Root cause: com.kms.katalon.core.exception.StepFailedException: Unable to select option by value '46' of object 'Object Repository/Page_Ship to Multiple Addresses - Magento Commerce/select_Miss Himangi Tankha Singapore Singapore  567890 SingaporeMiss Himangi Tankha Test Singapore  567890 Singapore'  using regular expression
	at com.kms.katalon.core.webui.keyword.internal.WebUIKeywordMain.stepFailed(WebUIKeywordMain.groovy:64)
	at com.kms.katalon.core.webui.keyword.internal.WebUIKeywordMain.runKeyword(WebUIKeywordMain.groovy:26)
	at com.kms.katalon.core.webui.keyword.builtin.SelectOptionByValueKeyword.selectOptionByValue(SelectOptionByValueKeyword.groovy:99)
	at com.kms.katalon.core.webui.keyword.builtin.SelectOptionByValueKeyword.execute(SelectOptionByValueKeyword.groovy:71)
	at com.kms.katalon.core.keyword.internal.KeywordExecutor.executeKeywordForPlatform(KeywordExecutor.groovy:56)
	at com.kms.katalon.core.webui.keyword.WebUiBuiltInKeywords.selectOptionByValue(WebUiBuiltInKeywords.groovy:1121)
	at com.kms.katalon.core.webui.keyword.WebUiBuiltInKeywords$selectOptionByValue$9.call(Unknown Source)
	at Multi Add To Cart.run(Multi Add To Cart:78)
	at com.kms.katalon.core.main.ScriptEngine.run(ScriptEngine.java:194)
	at com.kms.katalon.core.main.ScriptEngine.runScriptAsRawText(ScriptEngine.java:119)
	at com.kms.katalon.core.main.TestCaseExecutor.runScript(TestCaseExecutor.java:331)
	at com.kms.katalon.core.main.TestCaseExecutor.doExecute(TestCaseExecutor.java:322)
	at com.kms.katalon.core.main.TestCaseExecutor.processExecutionPhase(TestCaseExecutor.java:301)
	at com.kms.katalon.core.main.TestCaseExecutor.accessMainPhase(TestCaseExecutor.java:293)
	at com.kms.katalon.core.main.TestCaseExecutor.execute(TestCaseExecutor.java:227)
	at com.kms.katalon.core.main.TestSuiteExecutor.accessTestCaseMainPhase(TestSuiteExecutor.java:129)
	at com.kms.katalon.core.main.TestSuiteExecutor.accessTestSuiteMainPhase(TestSuiteExecutor.java:112)
	at com.kms.katalon.core.main.TestSuiteExecutor.execute(TestSuiteExecutor.java:81)
	at com.kms.katalon.core.main.TestCaseMain.startTestSuite(TestCaseMain.java:157)
	at com.kms.katalon.core.main.TestCaseMain$startTestSuite$0.call(Unknown Source)
	at TempTestSuite1560919141787.run(TempTestSuite1560919141787.groovy:35)
Caused by: com.kms.katalon.core.webui.exception.WebElementNotFoundException: Web element with id: 'Object Repository/Page_Ship to Multiple Addresses - Magento Commerce/select_Miss Himangi Tankha Singapore Singapore  567890 SingaporeMiss Himangi Tankha Test Singapore  567890 Singapore' located by 'By.xpath: //select[@id='ship_1_772_address']' not found
	at com.kms.katalon.core.webui.common.WebUiCommonHelper.findWebElement(WebUiCommonHelper.java:1053)
	at com.kms.katalon.core.webui.keyword.internal.WebUIAbstractKeyword.findWebElement(WebUIAbstractKeyword.groovy:27)
	at com.kms.katalon.core.webui.keyword.internal.WebUIAbstractKeyword.findWebElement(WebUIAbstractKeyword.groovy:26)
	at com.kms.katalon.core.webui.keyword.builtin.SelectOptionByValueKeyword$_selectOptionByValue_closure1.doCall(SelectOptionByValueKeyword.groovy:86)
	at com.kms.katalon.core.webui.keyword.builtin.SelectOptionByValueKeyword$_selectOptionByValue_closure1.call(SelectOptionByValueKeyword.groovy)
	at com.kms.katalon.core.webui.keyword.internal.WebUIKeywordMain.runKeyword(WebUIKeywordMain.groovy:20)
	at com.kms.katalon.core.webui.keyword.builtin.SelectOptionByValueKeyword.selectOptionByValue(SelectOptionByValueKeyword.groovy:99)
	at com.kms.katalon.core.webui.keyword.builtin.SelectOptionByValueKeyword.execute(SelectOptionByValueKeyword.groovy:71)
	at com.kms.katalon.core.keyword.internal.KeywordExecutor.executeKeywordForPlatform(KeywordExecutor.groovy:56)
	at com.kms.katalon.core.webui.keyword.WebUiBuiltInKeywords.selectOptionByValue(WebUiBuiltInKeywords.groovy:1121)
	at com.kms.katalon.core.webui.keyword.WebUiBuiltInKeywords$selectOptionByValue$9.call(Unknown Source)
	at Script1560161272678.run(Script1560161272678.groovy:78)
	... 13 more
)
	at com.kms.katalon.core.keyword.internal.KeywordMain.stepFailed(KeywordMain.groovy:37)
	at com.kms.katalon.core.webui.keyword.internal.WebUIKeywordMain.stepFailed(WebUIKeywordMain.groovy:64)
	at com.kms.katalon.core.webui.keyword.internal.WebUIKeywordMain.runKeyword(WebUIKeywordMain.groovy:26)
	at com.kms.katalon.core.webui.keyword.builtin.SelectOptionByValueKeyword.selectOptionByValue(SelectOptionByValueKeyword.groovy:99)
	at com.kms.katalon.core.webui.keyword.builtin.SelectOptionByValueKeyword.execute(SelectOptionByValueKeyword.groovy:71)
	at com.kms.katalon.core.keyword.internal.KeywordExecutor.executeKeywordForPlatform(KeywordExecutor.groovy:56)
	at com.kms.katalon.core.webui.keyword.WebUiBuiltInKeywords.selectOptionByValue(WebUiBuiltInKeywords.groovy:1121)
	at com.kms.katalon.core.webui.keyword.WebUiBuiltInKeywords$selectOptionByValue$9.call(Unknown Source)
	at Multi Add To Cart.run(Multi Add To Cart:78)
	at com.kms.katalon.core.main.ScriptEngine.run(ScriptEngine.java:194)
	at com.kms.katalon.core.main.ScriptEngine.runScriptAsRawText(ScriptEngine.java:119)
	at com.kms.katalon.core.main.TestCaseExecutor.runScript(TestCaseExecutor.java:331)
	at com.kms.katalon.core.main.TestCaseExecutor.doExecute(TestCaseExecutor.java:322)
	at com.kms.katalon.core.main.TestCaseExecutor.processExecutionPhase(TestCaseExecutor.java:301)
	at com.kms.katalon.core.main.TestCaseExecutor.accessMainPhase(TestCaseExecutor.java:293)
	at com.kms.katalon.core.main.TestCaseExecutor.execute(TestCaseExecutor.java:227)
	at com.kms.katalon.core.main.TestSuiteExecutor.accessTestCaseMainPhase(TestSuiteExecutor.java:129)
	at com.kms.katalon.core.main.TestSuiteExecutor.accessTestSuiteMainPhase(TestSuiteExecutor.java:112)
	at com.kms.katalon.core.main.TestSuiteExecutor.execute(TestSuiteExecutor.java:81)
	at com.kms.katalon.core.main.TestCaseMain.startTestSuite(TestCaseMain.java:157)
	at com.kms.katalon.core.main.TestCaseMain$startTestSuite$0.call(Unknown Source)
	at TempTestSuite1560919141787.run(TempTestSuite1560919141787.groovy:35)
Caused by: com.kms.katalon.core.exception.StepFailedException: Unable to select option by value '46' of object 'Object Repository/Page_Ship to Multiple Addresses - Magento Commerce/select_Miss Himangi Tankha Singapore Singapore  567890 SingaporeMiss Himangi Tankha Test Singapore  567890 Singapore'  using regular expression
	... 21 more
Caused by: com.kms.katalon.core.webui.exception.WebElementNotFoundException: Web element with id: 'Object Repository/Page_Ship to Multiple Addresses - Magento Commerce/select_Miss Himangi Tankha Singapore Singapore  567890 SingaporeMiss Himangi Tankha Test Singapore  567890 Singapore' located by 'By.xpath: //select[@id='ship_1_772_address']' not found
	at com.kms.katalon.core.webui.common.WebUiCommonHelper.findWebElement(WebUiCommonHelper.java:1053)
	at com.kms.katalon.core.webui.keyword.internal.WebUIAbstractKeyword.findWebElement(WebUIAbstractKeyword.groovy:27)
	at com.kms.katalon.core.webui.keyword.internal.WebUIAbstractKeyword.findWebElement(WebUIAbstractKeyword.groovy:26)
	at com.kms.katalon.core.webui.keyword.builtin.SelectOptionByValueKeyword$_selectOptionByValue_closure1.doCall(SelectOptionByValueKeyword.groovy:86)
	at com.kms.katalon.core.webui.keyword.builtin.SelectOptionByValueKeyword$_selectOptionByValue_closure1.call(SelectOptionByValueKeyword.groovy)
	at com.kms.katalon.core.webui.keyword.internal.WebUIKeywordMain.runKeyword(WebUIKeywordMain.groovy:20)
	at com.kms.katalon.core.webui.keyword.builtin.SelectOptionByValueKeyword.selectOptionByValue(SelectOptionByValueKeyword.groovy:99)
	at com.kms.katalon.core.webui.keyword.builtin.SelectOptionByValueKeyword.execute(SelectOptionByValueKeyword.groovy:71)
	at com.kms.katalon.core.keyword.internal.KeywordExecutor.executeKeywordForPlatform(KeywordExecutor.groovy:56)
	at com.kms.katalon.core.webui.keyword.WebUiBuiltInKeywords.selectOptionByValue(WebUiBuiltInKeywords.groovy:1121)
	at com.kms.katalon.core.webui.keyword.WebUiBuiltInKeywords$selectOptionByValue$9.call(Unknown Source)
	at Script1560161272678.run(Script1560161272678.groovy:78)
	... 13 more


2019-06-19 10:14:48 - [MESSAGE][FAILED] - Cannot take screenshot (Root cause: com.kms.katalon.core.exception.StepFailedException: Cannot take screenshot
	at com.kms.katalon.core.webui.keyword.internal.WebUIKeywordMain.stepFailed(WebUIKeywordMain.groovy:64)
	at com.kms.katalon.core.webui.keyword.internal.WebUIKeywordMain.runKeyword(WebUIKeywordMain.groovy:26)
	at com.kms.katalon.core.webui.keyword.builtin.TakeScreenshotKeyword.takeScreenshot(TakeScreenshotKeyword.groovy:88)
	at com.kms.katalon.core.webui.keyword.builtin.TakeScreenshotKeyword.execute(TakeScreenshotKeyword.groovy:71)
	at com.kms.katalon.core.keyword.internal.KeywordExecutor.executeKeywordForPlatform(KeywordExecutor.groovy:56)
	at com.kms.katalon.core.webui.keyword.WebUiBuiltInKeywords.takeScreenshot(WebUiBuiltInKeywords.groovy:2881)
	at com.kms.katalon.core.webui.keyword.WebUiBuiltInKeywords$takeScreenshot$12.call(Unknown Source)
	at Multi Add To Cart.run(Multi Add To Cart:128)
	at com.kms.katalon.core.main.ScriptEngine.run(ScriptEngine.java:194)
	at com.kms.katalon.core.main.ScriptEngine.runScriptAsRawText(ScriptEngine.java:119)
	at com.kms.katalon.core.main.TestCaseExecutor.runScript(TestCaseExecutor.java:331)
	at com.kms.katalon.core.main.TestCaseExecutor.doExecute(TestCaseExecutor.java:322)
	at com.kms.katalon.core.main.TestCaseExecutor.processExecutionPhase(TestCaseExecutor.java:301)
	at com.kms.katalon.core.main.TestCaseExecutor.accessMainPhase(TestCaseExecutor.java:293)
	at com.kms.katalon.core.main.TestCaseExecutor.execute(TestCaseExecutor.java:227)
	at com.kms.katalon.core.main.TestSuiteExecutor.accessTestCaseMainPhase(TestSuiteExecutor.java:129)
	at com.kms.katalon.core.main.TestSuiteExecutor.accessTestSuiteMainPhase(TestSuiteExecutor.java:112)
	at com.kms.katalon.core.main.TestSuiteExecutor.execute(TestSuiteExecutor.java:81)
	at com.kms.katalon.core.main.TestCaseMain.startTestSuite(TestCaseMain.java:157)
	at com.kms.katalon.core.main.TestCaseMain$startTestSuite$0.call(Unknown Source)
	at TempTestSuite1560919141787.run(TempTestSuite1560919141787.groovy:35)
Caused by: java.io.FileNotFoundException: D:\Katalon\Demo\screenshot_"+ todaysDate +"-" + nowTime +".PNG (The filename, directory name, or volume label syntax is incorrect)
	at org.apache.commons.io.FileUtils.doCopyFile(FileUtils.java:1142)
	at org.apache.commons.io.FileUtils.copyFile(FileUtils.java:1088)
	at com.kms.katalon.core.webui.util.FileUtil.takesScreenshot(FileUtil.java:27)
	at com.kms.katalon.core.webui.keyword.builtin.TakeScreenshotKeyword$_takeScreenshot_closure1.doCall(TakeScreenshotKeyword.groovy:89)
	at com.kms.katalon.core.webui.keyword.builtin.TakeScreenshotKeyword$_takeScreenshot_closure1.call(TakeScreenshotKeyword.groovy)
	at com.kms.katalon.core.webui.keyword.internal.WebUIKeywordMain.runKeyword(WebUIKeywordMain.groovy:20)
	at com.kms.katalon.core.webui.keyword.builtin.TakeScreenshotKeyword.takeScreenshot(TakeScreenshotKeyword.groovy:88)
	at com.kms.katalon.core.webui.keyword.builtin.TakeScreenshotKeyword.execute(TakeScreenshotKeyword.groovy:71)
	at com.kms.katalon.core.keyword.internal.KeywordExecutor.executeKeywordForPlatform(KeywordExecutor.groovy:56)
	at com.kms.katalon.core.webui.keyword.WebUiBuiltInKeywords.takeScreenshot(WebUiBuiltInKeywords.groovy:2881)
	at com.kms.katalon.core.webui.keyword.WebUiBuiltInKeywords$takeScreenshot$12.call(Unknown Source)
	at Script1560161272678.run(Script1560161272678.groovy:128)
	... 13 more
)
[[ATTACHMENT|C:\\Users\\Himangi\\git\\thethreadtheory\\Reports\\Multiple Address Checkout\\20190619_100901\\1560919487884.png]]

2019-06-19 10:14:48 - [MESSAGE][FAILED] - takeScreenshot("D:\Katalon\Demo\screenshot_"+ todaysDate +"-" + nowTime +".PNG") FAILED.
Reason:
com.kms.katalon.core.exception.StepFailedException: Unable to select option by value '46' of object 'Object Repository/Page_Ship to Multiple Addresses - Magento Commerce/select_Miss Himangi Tankha Singapore Singapore  567890 SingaporeMiss Himangi Tankha Test Singapore  567890 Singapore'  using regular expression (Root cause: com.kms.katalon.core.exception.StepFailedException: Unable to select option by value '46' of object 'Object Repository/Page_Ship to Multiple Addresses - Magento Commerce/select_Miss Himangi Tankha Singapore Singapore  567890 SingaporeMiss Himangi Tankha Test Singapore  567890 Singapore'  using regular expression
	at com.kms.katalon.core.webui.keyword.internal.WebUIKeywordMain.stepFailed(WebUIKeywordMain.groovy:64)
	at com.kms.katalon.core.webui.keyword.internal.WebUIKeywordMain.runKeyword(WebUIKeywordMain.groovy:26)
	at com.kms.katalon.core.webui.keyword.builtin.SelectOptionByValueKeyword.selectOptionByValue(SelectOptionByValueKeyword.groovy:99)
	at com.kms.katalon.core.webui.keyword.builtin.SelectOptionByValueKeyword.execute(SelectOptionByValueKeyword.groovy:71)
	at com.kms.katalon.core.keyword.internal.KeywordExecutor.executeKeywordForPlatform(KeywordExecutor.groovy:56)
	at com.kms.katalon.core.webui.keyword.WebUiBuiltInKeywords.selectOptionByValue(WebUiBuiltInKeywords.groovy:1121)
	at com.kms.katalon.core.webui.keyword.WebUiBuiltInKeywords$selectOptionByValue$9.call(Unknown Source)
	at Multi Add To Cart.run(Multi Add To Cart:78)
	at com.kms.katalon.core.main.ScriptEngine.run(ScriptEngine.java:194)
	at com.kms.katalon.core.main.ScriptEngine.runScriptAsRawText(ScriptEngine.java:119)
	at com.kms.katalon.core.main.TestCaseExecutor.runScript(TestCaseExecutor.java:331)
	at com.kms.katalon.core.main.TestCaseExecutor.doExecute(TestCaseExecutor.java:322)
	at com.kms.katalon.core.main.TestCaseExecutor.processExecutionPhase(TestCaseExecutor.java:301)
	at com.kms.katalon.core.main.TestCaseExecutor.accessMainPhase(TestCaseExecutor.java:293)
	at com.kms.katalon.core.main.TestCaseExecutor.execute(TestCaseExecutor.java:227)
	at com.kms.katalon.core.main.TestSuiteExecutor.accessTestCaseMainPhase(TestSuiteExecutor.java:129)
	at com.kms.katalon.core.main.TestSuiteExecutor.accessTestSuiteMainPhase(TestSuiteExecutor.java:112)
	at com.kms.katalon.core.main.TestSuiteExecutor.execute(TestSuiteExecutor.java:81)
	at com.kms.katalon.core.main.TestCaseMain.startTestSuite(TestCaseMain.java:157)
	at com.kms.katalon.core.main.TestCaseMain$startTestSuite$0.call(Unknown Source)
	at TempTestSuite1560919141787.run(TempTestSuite1560919141787.groovy:35)
Caused by: com.kms.katalon.core.webui.exception.WebElementNotFoundException: Web element with id: 'Object Repository/Page_Ship to Multiple Addresses - Magento Commerce/select_Miss Himangi Tankha Singapore Singapore  567890 SingaporeMiss Himangi Tankha Test Singapore  567890 Singapore' located by 'By.xpath: //select[@id='ship_1_772_address']' not found
	at com.kms.katalon.core.webui.common.WebUiCommonHelper.findWebElement(WebUiCommonHelper.java:1053)
	at com.kms.katalon.core.webui.keyword.internal.WebUIAbstractKeyword.findWebElement(WebUIAbstractKeyword.groovy:27)
	at com.kms.katalon.core.webui.keyword.internal.WebUIAbstractKeyword.findWebElement(WebUIAbstractKeyword.groovy:26)
	at com.kms.katalon.core.webui.keyword.builtin.SelectOptionByValueKeyword$_selectOptionByValue_closure1.doCall(SelectOptionByValueKeyword.groovy:86)
	at com.kms.katalon.core.webui.keyword.builtin.SelectOptionByValueKeyword$_selectOptionByValue_closure1.call(SelectOptionByValueKeyword.groovy)
	at com.kms.katalon.core.webui.keyword.internal.WebUIKeywordMain.runKeyword(WebUIKeywordMain.groovy:20)
	at com.kms.katalon.core.webui.keyword.builtin.SelectOptionByValueKeyword.selectOptionByValue(SelectOptionByValueKeyword.groovy:99)
	at com.kms.katalon.core.webui.keyword.builtin.SelectOptionByValueKeyword.execute(SelectOptionByValueKeyword.groovy:71)
	at com.kms.katalon.core.keyword.internal.KeywordExecutor.executeKeywordForPlatform(KeywordExecutor.groovy:56)
	at com.kms.katalon.core.webui.keyword.WebUiBuiltInKeywords.selectOptionByValue(WebUiBuiltInKeywords.groovy:1121)
	at com.kms.katalon.core.webui.keyword.WebUiBuiltInKeywords$selectOptionByValue$9.call(Unknown Source)
	at Script1560161272678.run(Script1560161272678.groovy:78)
	... 13 more
)
	at com.kms.katalon.core.keyword.internal.KeywordMain.stepFailed(KeywordMain.groovy:37)
	at com.kms.katalon.core.webui.keyword.internal.WebUIKeywordMain.stepFailed(WebUIKeywordMain.groovy:64)
	at com.kms.katalon.core.webui.keyword.internal.WebUIKeywordMain.runKeyword(WebUIKeywordMain.groovy:26)
	at com.kms.katalon.core.webui.keyword.builtin.SelectOptionByValueKeyword.selectOptionByValue(SelectOptionByValueKeyword.groovy:99)
	at com.kms.katalon.core.webui.keyword.builtin.SelectOptionByValueKeyword.execute(SelectOptionByValueKeyword.groovy:71)
	at com.kms.katalon.core.keyword.internal.KeywordExecutor.executeKeywordForPlatform(KeywordExecutor.groovy:56)
	at com.kms.katalon.core.webui.keyword.WebUiBuiltInKeywords.selectOptionByValue(WebUiBuiltInKeywords.groovy:1121)
	at com.kms.katalon.core.webui.keyword.WebUiBuiltInKeywords$selectOptionByValue$9.call(Unknown Source)
	at Multi Add To Cart.run(Multi Add To Cart:78)
	at com.kms.katalon.core.main.ScriptEngine.run(ScriptEngine.java:194)
	at com.kms.katalon.core.main.ScriptEngine.runScriptAsRawText(ScriptEngine.java:119)
	at com.kms.katalon.core.main.TestCaseExecutor.runScript(TestCaseExecutor.java:331)
	at com.kms.katalon.core.main.TestCaseExecutor.doExecute(TestCaseExecutor.java:322)
	at com.kms.katalon.core.main.TestCaseExecutor.processExecutionPhase(TestCaseExecutor.java:301)
	at com.kms.katalon.core.main.TestCaseExecutor.accessMainPhase(TestCaseExecutor.java:293)
	at com.kms.katalon.core.main.TestCaseExecutor.execute(TestCaseExecutor.java:227)
	at com.kms.katalon.core.main.TestSuiteExecutor.accessTestCaseMainPhase(TestSuiteExecutor.java:129)
	at com.kms.katalon.core.main.TestSuiteExecutor.accessTestSuiteMainPhase(TestSuiteExecutor.java:112)
	at com.kms.katalon.core.main.TestSuiteExecutor.execute(TestSuiteExecutor.java:81)
	at com.kms.katalon.core.main.TestCaseMain.startTestSuite(TestCaseMain.java:157)
	at com.kms.katalon.core.main.TestCaseMain$startTestSuite$0.call(Unknown Source)
	at TempTestSuite1560919141787.run(TempTestSuite1560919141787.groovy:35)
Caused by: com.kms.katalon.core.exception.StepFailedException: Unable to select option by value '46' of object 'Object Repository/Page_Ship to Multiple Addresses - Magento Commerce/select_Miss Himangi Tankha Singapore Singapore  567890 SingaporeMiss Himangi Tankha Test Singapore  567890 Singapore'  using regular expression
	... 21 more
Caused by: com.kms.katalon.core.webui.exception.WebElementNotFoundException: Web element with id: 'Object Repository/Page_Ship to Multiple Addresses - Magento Commerce/select_Miss Himangi Tankha Singapore Singapore  567890 SingaporeMiss Himangi Tankha Test Singapore  567890 Singapore' located by 'By.xpath: //select[@id='ship_1_772_address']' not found
	at com.kms.katalon.core.webui.common.WebUiCommonHelper.findWebElement(WebUiCommonHelper.java:1053)
	at com.kms.katalon.core.webui.keyword.internal.WebUIAbstractKeyword.findWebElement(WebUIAbstractKeyword.groovy:27)
	at com.kms.katalon.core.webui.keyword.internal.WebUIAbstractKeyword.findWebElement(WebUIAbstractKeyword.groovy:26)
	at com.kms.katalon.core.webui.keyword.builtin.SelectOptionByValueKeyword$_selectOptionByValue_closure1.doCall(SelectOptionByValueKeyword.groovy:86)
	at com.kms.katalon.core.webui.keyword.builtin.SelectOptionByValueKeyword$_selectOptionByValue_closure1.call(SelectOptionByValueKeyword.groovy)
	at com.kms.katalon.core.webui.keyword.internal.WebUIKeywordMain.runKeyword(WebUIKeywordMain.groovy:20)
	at com.kms.katalon.core.webui.keyword.builtin.SelectOptionByValueKeyword.selectOptionByValue(SelectOptionByValueKeyword.groovy:99)
	at com.kms.katalon.core.webui.keyword.builtin.SelectOptionByValueKeyword.execute(SelectOptionByValueKeyword.groovy:71)
	at com.kms.katalon.core.keyword.internal.KeywordExecutor.executeKeywordForPlatform(KeywordExecutor.groovy:56)
	at com.kms.katalon.core.webui.keyword.WebUiBuiltInKeywords.selectOptionByValue(WebUiBuiltInKeywords.groovy:1121)
	at com.kms.katalon.core.webui.keyword.WebUiBuiltInKeywords$selectOptionByValue$9.call(Unknown Source)
	at Script1560161272678.run(Script1560161272678.groovy:78)
	... 13 more]]></system-out>
         <system-err><![CDATA[2019-06-19 10:10:16 - [TEST_CASE][FAILED] - Test Cases/Multi Add To Cart: Test Cases/Multi Add To Cart FAILED.
Reason:
com.kms.katalon.core.exception.StepFailedException: Unable to select option by value '46' of object 'Object Repository/Page_Ship to Multiple Addresses - Magento Commerce/select_Miss Himangi Tankha Singapore Singapore  567890 SingaporeMiss Himangi Tankha Test Singapore  567890 Singapore'  using regular expression (Root cause: com.kms.katalon.core.exception.StepFailedException: Unable to select option by value '46' of object 'Object Repository/Page_Ship to Multiple Addresses - Magento Commerce/select_Miss Himangi Tankha Singapore Singapore  567890 SingaporeMiss Himangi Tankha Test Singapore  567890 Singapore'  using regular expression
	at com.kms.katalon.core.webui.keyword.internal.WebUIKeywordMain.stepFailed(WebUIKeywordMain.groovy:64)
	at com.kms.katalon.core.webui.keyword.internal.WebUIKeywordMain.runKeyword(WebUIKeywordMain.groovy:26)
	at com.kms.katalon.core.webui.keyword.builtin.SelectOptionByValueKeyword.selectOptionByValue(SelectOptionByValueKeyword.groovy:99)
	at com.kms.katalon.core.webui.keyword.builtin.SelectOptionByValueKeyword.execute(SelectOptionByValueKeyword.groovy:71)
	at com.kms.katalon.core.keyword.internal.KeywordExecutor.executeKeywordForPlatform(KeywordExecutor.groovy:56)
	at com.kms.katalon.core.webui.keyword.WebUiBuiltInKeywords.selectOptionByValue(WebUiBuiltInKeywords.groovy:1121)
	at com.kms.katalon.core.webui.keyword.WebUiBuiltInKeywords$selectOptionByValue$9.call(Unknown Source)
	at Multi Add To Cart.run(Multi Add To Cart:78)
	at com.kms.katalon.core.main.ScriptEngine.run(ScriptEngine.java:194)
	at com.kms.katalon.core.main.ScriptEngine.runScriptAsRawText(ScriptEngine.java:119)
	at com.kms.katalon.core.main.TestCaseExecutor.runScript(TestCaseExecutor.java:331)
	at com.kms.katalon.core.main.TestCaseExecutor.doExecute(TestCaseExecutor.java:322)
	at com.kms.katalon.core.main.TestCaseExecutor.processExecutionPhase(TestCaseExecutor.java:301)
	at com.kms.katalon.core.main.TestCaseExecutor.accessMainPhase(TestCaseExecutor.java:293)
	at com.kms.katalon.core.main.TestCaseExecutor.execute(TestCaseExecutor.java:227)
	at com.kms.katalon.core.main.TestSuiteExecutor.accessTestCaseMainPhase(TestSuiteExecutor.java:129)
	at com.kms.katalon.core.main.TestSuiteExecutor.accessTestSuiteMainPhase(TestSuiteExecutor.java:112)
	at com.kms.katalon.core.main.TestSuiteExecutor.execute(TestSuiteExecutor.java:81)
	at com.kms.katalon.core.main.TestCaseMain.startTestSuite(TestCaseMain.java:157)
	at com.kms.katalon.core.main.TestCaseMain$startTestSuite$0.call(Unknown Source)
	at TempTestSuite1560919141787.run(TempTestSuite1560919141787.groovy:35)
Caused by: com.kms.katalon.core.webui.exception.WebElementNotFoundException: Web element with id: 'Object Repository/Page_Ship to Multiple Addresses - Magento Commerce/select_Miss Himangi Tankha Singapore Singapore  567890 SingaporeMiss Himangi Tankha Test Singapore  567890 Singapore' located by 'By.xpath: //select[@id='ship_1_772_address']' not found
	at com.kms.katalon.core.webui.common.WebUiCommonHelper.findWebElement(WebUiCommonHelper.java:1053)
	at com.kms.katalon.core.webui.keyword.internal.WebUIAbstractKeyword.findWebElement(WebUIAbstractKeyword.groovy:27)
	at com.kms.katalon.core.webui.keyword.internal.WebUIAbstractKeyword.findWebElement(WebUIAbstractKeyword.groovy:26)
	at com.kms.katalon.core.webui.keyword.builtin.SelectOptionByValueKeyword$_selectOptionByValue_closure1.doCall(SelectOptionByValueKeyword.groovy:86)
	at com.kms.katalon.core.webui.keyword.builtin.SelectOptionByValueKeyword$_selectOptionByValue_closure1.call(SelectOptionByValueKeyword.groovy)
	at com.kms.katalon.core.webui.keyword.internal.WebUIKeywordMain.runKeyword(WebUIKeywordMain.groovy:20)
	at com.kms.katalon.core.webui.keyword.builtin.SelectOptionByValueKeyword.selectOptionByValue(SelectOptionByValueKeyword.groovy:99)
	at com.kms.katalon.core.webui.keyword.builtin.SelectOptionByValueKeyword.execute(SelectOptionByValueKeyword.groovy:71)
	at com.kms.katalon.core.keyword.internal.KeywordExecutor.executeKeywordForPlatform(KeywordExecutor.groovy:56)
	at com.kms.katalon.core.webui.keyword.WebUiBuiltInKeywords.selectOptionByValue(WebUiBuiltInKeywords.groovy:1121)
	at com.kms.katalon.core.webui.keyword.WebUiBuiltInKeywords$selectOptionByValue$9.call(Unknown Source)
	at Script1560161272678.run(Script1560161272678.groovy:78)
	... 13 more
)
	at com.kms.katalon.core.keyword.internal.KeywordMain.stepFailed(KeywordMain.groovy:37)
	at com.kms.katalon.core.webui.keyword.internal.WebUIKeywordMain.stepFailed(WebUIKeywordMain.groovy:64)
	at com.kms.katalon.core.webui.keyword.internal.WebUIKeywordMain.runKeyword(WebUIKeywordMain.groovy:26)
	at com.kms.katalon.core.webui.keyword.builtin.SelectOptionByValueKeyword.selectOptionByValue(SelectOptionByValueKeyword.groovy:99)
	at com.kms.katalon.core.webui.keyword.builtin.SelectOptionByValueKeyword.execute(SelectOptionByValueKeyword.groovy:71)
	at com.kms.katalon.core.keyword.internal.KeywordExecutor.executeKeywordForPlatform(KeywordExecutor.groovy:56)
	at com.kms.katalon.core.webui.keyword.WebUiBuiltInKeywords.selectOptionByValue(WebUiBuiltInKeywords.groovy:1121)
	at com.kms.katalon.core.webui.keyword.WebUiBuiltInKeywords$selectOptionByValue$9.call(Unknown Source)
	at Multi Add To Cart.run(Multi Add To Cart:78)
	at com.kms.katalon.core.main.ScriptEngine.run(ScriptEngine.java:194)
	at com.kms.katalon.core.main.ScriptEngine.runScriptAsRawText(ScriptEngine.java:119)
	at com.kms.katalon.core.main.TestCaseExecutor.runScript(TestCaseExecutor.java:331)
	at com.kms.katalon.core.main.TestCaseExecutor.doExecute(TestCaseExecutor.java:322)
	at com.kms.katalon.core.main.TestCaseExecutor.processExecutionPhase(TestCaseExecutor.java:301)
	at com.kms.katalon.core.main.TestCaseExecutor.accessMainPhase(TestCaseExecutor.java:293)
	at com.kms.katalon.core.main.TestCaseExecutor.execute(TestCaseExecutor.java:227)
	at com.kms.katalon.core.main.TestSuiteExecutor.accessTestCaseMainPhase(TestSuiteExecutor.java:129)
	at com.kms.katalon.core.main.TestSuiteExecutor.accessTestSuiteMainPhase(TestSuiteExecutor.java:112)
	at com.kms.katalon.core.main.TestSuiteExecutor.execute(TestSuiteExecutor.java:81)
	at com.kms.katalon.core.main.TestCaseMain.startTestSuite(TestCaseMain.java:157)
	at com.kms.katalon.core.main.TestCaseMain$startTestSuite$0.call(Unknown Source)
	at TempTestSuite1560919141787.run(TempTestSuite1560919141787.groovy:35)
Caused by: com.kms.katalon.core.exception.StepFailedException: Unable to select option by value '46' of object 'Object Repository/Page_Ship to Multiple Addresses - Magento Commerce/select_Miss Himangi Tankha Singapore Singapore  567890 SingaporeMiss Himangi Tankha Test Singapore  567890 Singapore'  using regular expression
	... 21 more
Caused by: com.kms.katalon.core.webui.exception.WebElementNotFoundException: Web element with id: 'Object Repository/Page_Ship to Multiple Addresses - Magento Commerce/select_Miss Himangi Tankha Singapore Singapore  567890 SingaporeMiss Himangi Tankha Test Singapore  567890 Singapore' located by 'By.xpath: //select[@id='ship_1_772_address']' not found
	at com.kms.katalon.core.webui.common.WebUiCommonHelper.findWebElement(WebUiCommonHelper.java:1053)
	at com.kms.katalon.core.webui.keyword.internal.WebUIAbstractKeyword.findWebElement(WebUIAbstractKeyword.groovy:27)
	at com.kms.katalon.core.webui.keyword.internal.WebUIAbstractKeyword.findWebElement(WebUIAbstractKeyword.groovy:26)
	at com.kms.katalon.core.webui.keyword.builtin.SelectOptionByValueKeyword$_selectOptionByValue_closure1.doCall(SelectOptionByValueKeyword.groovy:86)
	at com.kms.katalon.core.webui.keyword.builtin.SelectOptionByValueKeyword$_selectOptionByValue_closure1.call(SelectOptionByValueKeyword.groovy)
	at com.kms.katalon.core.webui.keyword.internal.WebUIKeywordMain.runKeyword(WebUIKeywordMain.groovy:20)
	at com.kms.katalon.core.webui.keyword.builtin.SelectOptionByValueKeyword.selectOptionByValue(SelectOptionByValueKeyword.groovy:99)
	at com.kms.katalon.core.webui.keyword.builtin.SelectOptionByValueKeyword.execute(SelectOptionByValueKeyword.groovy:71)
	at com.kms.katalon.core.keyword.internal.KeywordExecutor.executeKeywordForPlatform(KeywordExecutor.groovy:56)
	at com.kms.katalon.core.webui.keyword.WebUiBuiltInKeywords.selectOptionByValue(WebUiBuiltInKeywords.groovy:1121)
	at com.kms.katalon.core.webui.keyword.WebUiBuiltInKeywords$selectOptionByValue$9.call(Unknown Source)
	at Script1560161272678.run(Script1560161272678.groovy:78)
	... 13 more]]></system-err>
      </testcase>
      <testcase name="Test Cases/Add Receipt PayNow" classname="Test Cases/Add Receipt PayNow" status="FAILED">
         <failure type="FAILED" message="Test Cases/Add Receipt PayNow FAILED.
Reason:
com.kms.katalon.core.exception.StepFailedException: Unable to click on object 'Object Repository/Add Receipt/Page_Payment Receipt/button_Now'
	at com.kms.katalon.core.webui.keyword.internal.WebUIKeywordMain.stepFailed(WebUIKeywordMain.groovy:64)
	at com.kms.katalon.core.webui.keyword.internal.WebUIKeywordMain.runKeyword(WebUIKeywordMain.groovy:26)
	at com.kms.katalon.core.webui.keyword.builtin.ClickKeyword.click(ClickKeyword.groovy:86)
	at com.kms.katalon.core.webui.keyword.builtin.ClickKeyword.execute(ClickKeyword.groovy:67)
	at com.kms.katalon.core.keyword.internal.KeywordExecutor.executeKeywordForPlatform(KeywordExecutor.groovy:56)
	at com.kms.katalon.core.webui.keyword.WebUiBuiltInKeywords.click(WebUiBuiltInKeywords.groovy:616)
	at com.kms.katalon.core.webui.keyword.WebUiBuiltInKeywords$click$3.call(Unknown Source)
	at Add Receipt PayNow.run(Add Receipt PayNow:44)
	at com.kms.katalon.core.main.ScriptEngine.run(ScriptEngine.java:194)
	at com.kms.katalon.core.main.ScriptEngine.runScriptAsRawText(ScriptEngine.java:119)
	at com.kms.katalon.core.main.TestCaseExecutor.runScript(TestCaseExecutor.java:331)
	at com.kms.katalon.core.main.TestCaseExecutor.doExecute(TestCaseExecutor.java:322)
	at com.kms.katalon.core.main.TestCaseExecutor.processExecutionPhase(TestCaseExecutor.java:301)
	at com.kms.katalon.core.main.TestCaseExecutor.accessMainPhase(TestCaseExecutor.java:293)
	at com.kms.katalon.core.main.TestCaseExecutor.execute(TestCaseExecutor.java:227)
	at com.kms.katalon.core.main.TestSuiteExecutor.accessTestCaseMainPhase(TestSuiteExecutor.java:129)
	at com.kms.katalon.core.main.TestSuiteExecutor.accessTestSuiteMainPhase(TestSuiteExecutor.java:112)
	at com.kms.katalon.core.main.TestSuiteExecutor.execute(TestSuiteExecutor.java:81)
	at com.kms.katalon.core.main.TestCaseMain.startTestSuite(TestCaseMain.java:157)
	at com.kms.katalon.core.main.TestCaseMain$startTestSuite$0.call(Unknown Source)
	at TempTestSuite1560919141787.run(TempTestSuite1560919141787.groovy:35)
Caused by: org.openqa.selenium.ElementNotVisibleException: element not interactable
  (Session info: chrome=74.0.3729.169)
  (Driver info: chromedriver=2.43.600210 (68dcf5eebde37173d4027fa8635e332711d2874a),platform=Windows NT 10.0.17763 x86_64) (WARNING: The server did not provide any stacktrace information)
Command duration or timeout: 0 milliseconds
Build info: version: '3.7.1', revision: '8a0099a', time: '2017-11-06T21:07:36.161Z'
System info: host: 'WD01-QAHIMANGI', ip: '192.168.5.123', os.name: 'Windows 10', os.arch: 'amd64', os.version: '10.0', java.version: '1.8.0_181'
Driver info: com.kms.katalon.selenium.driver.CChromeDriver
Capabilities {acceptInsecureCerts: false, acceptSslCerts: false, applicationCacheEnabled: false, browserConnectionEnabled: false, browserName: chrome, chrome: {chromedriverVersion: 2.43.600210 (68dcf5eebde371..., userDataDir: C:\Users\Himangi\AppData\Lo...}, cssSelectorsEnabled: true, databaseEnabled: false, goog:chromeOptions: {debuggerAddress: localhost:63686}, handlesAlerts: true, hasTouchScreen: false, javascriptEnabled: true, locationContextEnabled: true, mobileEmulationEnabled: false, nativeEvents: true, networkConnectionEnabled: false, pageLoadStrategy: normal, platform: XP, platformName: XP, rotatable: false, setWindowRect: true, takesHeapSnapshot: true, takesScreenshot: true, unexpectedAlertBehaviour: , unhandledPromptBehavior: , version: 74.0.3729.169, webStorageEnabled: true}
Session ID: 1bdf62e90578eecdd96909eb11011ad4
	at org.openqa.selenium.remote.ErrorHandler.createThrowable(ErrorHandler.java:214)
	at org.openqa.selenium.remote.ErrorHandler.throwIfResponseFailed(ErrorHandler.java:166)
	at org.openqa.selenium.remote.http.JsonHttpResponseCodec.reconstructValue(JsonHttpResponseCodec.java:40)
	at org.openqa.selenium.remote.http.AbstractHttpResponseCodec.decode(AbstractHttpResponseCodec.java:80)
	at org.openqa.selenium.remote.http.AbstractHttpResponseCodec.decode(AbstractHttpResponseCodec.java:44)
	at org.openqa.selenium.remote.HttpCommandExecutor.execute(HttpCommandExecutor.java:164)
	at org.openqa.selenium.remote.service.DriverCommandExecutor.execute(DriverCommandExecutor.java:83)
	at org.openqa.selenium.remote.RemoteWebDriver.execute(RemoteWebDriver.java:600)
	at com.kms.katalon.selenium.driver.CChromeDriver.execute(CChromeDriver.java:20)
	at org.openqa.selenium.remote.RemoteWebElement.execute(RemoteWebElement.java:279)
	at org.openqa.selenium.remote.RemoteWebElement.click(RemoteWebElement.java:83)
	at com.kms.katalon.core.webui.keyword.builtin.ClickKeyword$_click_closure1.doCall(ClickKeyword.groovy:79)
	at com.kms.katalon.core.webui.keyword.builtin.ClickKeyword$_click_closure1.call(ClickKeyword.groovy)
	at com.kms.katalon.core.webui.keyword.internal.WebUIKeywordMain.runKeyword(WebUIKeywordMain.groovy:20)
	at com.kms.katalon.core.webui.keyword.builtin.ClickKeyword.click(ClickKeyword.groovy:86)
	at com.kms.katalon.core.webui.keyword.builtin.ClickKeyword.execute(ClickKeyword.groovy:67)
	at com.kms.katalon.core.keyword.internal.KeywordExecutor.executeKeywordForPlatform(KeywordExecutor.groovy:56)
	at com.kms.katalon.core.webui.keyword.WebUiBuiltInKeywords.click(WebUiBuiltInKeywords.groovy:616)
	at com.kms.katalon.core.webui.keyword.WebUiBuiltInKeywords$click$3.call(Unknown Source)
	at Script1560853047017.run(Script1560853047017.groovy:44)
	... 13 more
"/>
         <system-out><![CDATA[2019-06-19 10:14:48 - [TEST_CASE][FAILED] - Test Cases/Add Receipt PayNow: Test Cases/Add Receipt PayNow FAILED.
Reason:
com.kms.katalon.core.exception.StepFailedException: Unable to click on object 'Object Repository/Add Receipt/Page_Payment Receipt/button_Now'
	at com.kms.katalon.core.webui.keyword.internal.WebUIKeywordMain.stepFailed(WebUIKeywordMain.groovy:64)
	at com.kms.katalon.core.webui.keyword.internal.WebUIKeywordMain.runKeyword(WebUIKeywordMain.groovy:26)
	at com.kms.katalon.core.webui.keyword.builtin.ClickKeyword.click(ClickKeyword.groovy:86)
	at com.kms.katalon.core.webui.keyword.builtin.ClickKeyword.execute(ClickKeyword.groovy:67)
	at com.kms.katalon.core.keyword.internal.KeywordExecutor.executeKeywordForPlatform(KeywordExecutor.groovy:56)
	at com.kms.katalon.core.webui.keyword.WebUiBuiltInKeywords.click(WebUiBuiltInKeywords.groovy:616)
	at com.kms.katalon.core.webui.keyword.WebUiBuiltInKeywords$click$3.call(Unknown Source)
	at Add Receipt PayNow.run(Add Receipt PayNow:44)
	at com.kms.katalon.core.main.ScriptEngine.run(ScriptEngine.java:194)
	at com.kms.katalon.core.main.ScriptEngine.runScriptAsRawText(ScriptEngine.java:119)
	at com.kms.katalon.core.main.TestCaseExecutor.runScript(TestCaseExecutor.java:331)
	at com.kms.katalon.core.main.TestCaseExecutor.doExecute(TestCaseExecutor.java:322)
	at com.kms.katalon.core.main.TestCaseExecutor.processExecutionPhase(TestCaseExecutor.java:301)
	at com.kms.katalon.core.main.TestCaseExecutor.accessMainPhase(TestCaseExecutor.java:293)
	at com.kms.katalon.core.main.TestCaseExecutor.execute(TestCaseExecutor.java:227)
	at com.kms.katalon.core.main.TestSuiteExecutor.accessTestCaseMainPhase(TestSuiteExecutor.java:129)
	at com.kms.katalon.core.main.TestSuiteExecutor.accessTestSuiteMainPhase(TestSuiteExecutor.java:112)
	at com.kms.katalon.core.main.TestSuiteExecutor.execute(TestSuiteExecutor.java:81)
	at com.kms.katalon.core.main.TestCaseMain.startTestSuite(TestCaseMain.java:157)
	at com.kms.katalon.core.main.TestCaseMain$startTestSuite$0.call(Unknown Source)
	at TempTestSuite1560919141787.run(TempTestSuite1560919141787.groovy:35)
Caused by: org.openqa.selenium.ElementNotVisibleException: element not interactable
  (Session info: chrome=74.0.3729.169)
  (Driver info: chromedriver=2.43.600210 (68dcf5eebde37173d4027fa8635e332711d2874a),platform=Windows NT 10.0.17763 x86_64) (WARNING: The server did not provide any stacktrace information)
Command duration or timeout: 0 milliseconds
Build info: version: '3.7.1', revision: '8a0099a', time: '2017-11-06T21:07:36.161Z'
System info: host: 'WD01-QAHIMANGI', ip: '192.168.5.123', os.name: 'Windows 10', os.arch: 'amd64', os.version: '10.0', java.version: '1.8.0_181'
Driver info: com.kms.katalon.selenium.driver.CChromeDriver
Capabilities {acceptInsecureCerts: false, acceptSslCerts: false, applicationCacheEnabled: false, browserConnectionEnabled: false, browserName: chrome, chrome: {chromedriverVersion: 2.43.600210 (68dcf5eebde371..., userDataDir: C:\Users\Himangi\AppData\Lo...}, cssSelectorsEnabled: true, databaseEnabled: false, goog:chromeOptions: {debuggerAddress: localhost:63686}, handlesAlerts: true, hasTouchScreen: false, javascriptEnabled: true, locationContextEnabled: true, mobileEmulationEnabled: false, nativeEvents: true, networkConnectionEnabled: false, pageLoadStrategy: normal, platform: XP, platformName: XP, rotatable: false, setWindowRect: true, takesHeapSnapshot: true, takesScreenshot: true, unexpectedAlertBehaviour: , unhandledPromptBehavior: , version: 74.0.3729.169, webStorageEnabled: true}
Session ID: 1bdf62e90578eecdd96909eb11011ad4
	at org.openqa.selenium.remote.ErrorHandler.createThrowable(ErrorHandler.java:214)
	at org.openqa.selenium.remote.ErrorHandler.throwIfResponseFailed(ErrorHandler.java:166)
	at org.openqa.selenium.remote.http.JsonHttpResponseCodec.reconstructValue(JsonHttpResponseCodec.java:40)
	at org.openqa.selenium.remote.http.AbstractHttpResponseCodec.decode(AbstractHttpResponseCodec.java:80)
	at org.openqa.selenium.remote.http.AbstractHttpResponseCodec.decode(AbstractHttpResponseCodec.java:44)
	at org.openqa.selenium.remote.HttpCommandExecutor.execute(HttpCommandExecutor.java:164)
	at org.openqa.selenium.remote.service.DriverCommandExecutor.execute(DriverCommandExecutor.java:83)
	at org.openqa.selenium.remote.RemoteWebDriver.execute(RemoteWebDriver.java:600)
	at com.kms.katalon.selenium.driver.CChromeDriver.execute(CChromeDriver.java:20)
	at org.openqa.selenium.remote.RemoteWebElement.execute(RemoteWebElement.java:279)
	at org.openqa.selenium.remote.RemoteWebElement.click(RemoteWebElement.java:83)
	at com.kms.katalon.core.webui.keyword.builtin.ClickKeyword$_click_closure1.doCall(ClickKeyword.groovy:79)
	at com.kms.katalon.core.webui.keyword.builtin.ClickKeyword$_click_closure1.call(ClickKeyword.groovy)
	at com.kms.katalon.core.webui.keyword.internal.WebUIKeywordMain.runKeyword(WebUIKeywordMain.groovy:20)
	at com.kms.katalon.core.webui.keyword.builtin.ClickKeyword.click(ClickKeyword.groovy:86)
	at com.kms.katalon.core.webui.keyword.builtin.ClickKeyword.execute(ClickKeyword.groovy:67)
	at com.kms.katalon.core.keyword.internal.KeywordExecutor.executeKeywordForPlatform(KeywordExecutor.groovy:56)
	at com.kms.katalon.core.webui.keyword.WebUiBuiltInKeywords.click(WebUiBuiltInKeywords.groovy:616)
	at com.kms.katalon.core.webui.keyword.WebUiBuiltInKeywords$click$3.call(Unknown Source)
	at Script1560853047017.run(Script1560853047017.groovy:44)
	... 13 more


2019-06-19 10:14:48 - [TEST_STEP][PASSED] - click(findTestObject("My Order/Page_My Orders/img")): Object: 'Object Repository/My Order/Page_My Orders/img' is clicked on

2019-06-19 10:14:51 - [MESSAGE][PASSED] - Object: 'Object Repository/My Order/Page_My Orders/img' is clicked on

2019-06-19 10:14:51 - [TEST_STEP][PASSED] - delay(10): Delayed 10 second(s)

2019-06-19 10:15:01 - [MESSAGE][PASSED] - Delayed 10 second(s)

2019-06-19 10:15:01 - [TEST_STEP][PASSED] - click(findTestObject("Add Receipt/Page_Welcome to The Thread Theory  The Thread Theory/span_Start shopping now _login-b-icon")): Object: 'Object Repository/Add Receipt/Page_Welcome to The Thread Theory  The Thread Theory/span_Start shopping now _login-b-icon' is clicked on

2019-06-19 10:15:01 - [MESSAGE][PASSED] - Object: 'Object Repository/Add Receipt/Page_Welcome to The Thread Theory  The Thread Theory/span_Start shopping now _login-b-icon' is clicked on

2019-06-19 10:15:01 - [TEST_STEP][PASSED] - click(findTestObject("Add Receipt/Page_Welcome to The Thread Theory  The Thread Theory/li_My Orders")): Object: 'Object Repository/Add Receipt/Page_Welcome to The Thread Theory  The Thread Theory/li_My Orders' is clicked on

2019-06-19 10:15:04 - [MESSAGE][PASSED] - Object: 'Object Repository/Add Receipt/Page_Welcome to The Thread Theory  The Thread Theory/li_My Orders' is clicked on

2019-06-19 10:15:04 - [TEST_STEP][PASSED] - delay(5): Delayed 5 second(s)

2019-06-19 10:15:09 - [MESSAGE][PASSED] - Delayed 5 second(s)

2019-06-19 10:15:09 - [TEST_STEP][PASSED] - click(findTestObject("Add Receipt/Page_My Orders/span_View Order")): Object: 'Object Repository/Add Receipt/Page_My Orders/span_View Order' is clicked on

2019-06-19 10:15:12 - [MESSAGE][PASSED] - Object: 'Object Repository/Add Receipt/Page_My Orders/span_View Order' is clicked on

2019-06-19 10:15:12 - [TEST_STEP][PASSED] - delay(5): Delayed 5 second(s)

2019-06-19 10:15:17 - [MESSAGE][PASSED] - Delayed 5 second(s)

2019-06-19 10:15:17 - [TEST_STEP][PASSED] - click(findTestObject("Add Receipt/Page_Order  000000052/span_Add Receipt")): Object: 'Object Repository/Add Receipt/Page_Order  000000052/span_Add Receipt' is clicked on

2019-06-19 10:15:20 - [MESSAGE][PASSED] - Object: 'Object Repository/Add Receipt/Page_Order  000000052/span_Add Receipt' is clicked on

2019-06-19 10:15:20 - [TEST_STEP][PASSED] - delay(5): Delayed 5 second(s)

2019-06-19 10:15:25 - [MESSAGE][PASSED] - Delayed 5 second(s)

2019-06-19 10:15:25 - [TEST_STEP][PASSED] - click(findTestObject("Add Receipt/Page_Payment Receipt/input__tran_datetime")): Object: 'Object Repository/Add Receipt/Page_Payment Receipt/input__tran_datetime' is clicked on

2019-06-19 10:15:25 - [MESSAGE][PASSED] - Object: 'Object Repository/Add Receipt/Page_Payment Receipt/input__tran_datetime' is clicked on

2019-06-19 10:15:25 - [TEST_STEP][PASSED] - doubleClick(findTestObject("Add Receipt/Page_Payment Receipt/span_Prev")): Object: 'Object Repository/Add Receipt/Page_Payment Receipt/span_Prev' is double clicked on

2019-06-19 10:15:25 - [MESSAGE][PASSED] - Object: 'Object Repository/Add Receipt/Page_Payment Receipt/span_Prev' is double clicked on

2019-06-19 10:15:25 - [TEST_STEP][PASSED] - delay(5): Delayed 5 second(s)

2019-06-19 10:15:30 - [MESSAGE][PASSED] - Delayed 5 second(s)

2019-06-19 10:15:30 - [TEST_STEP][PASSED] - click(findTestObject("Add Receipt/Page_Payment Receipt/a_17")): Object: 'Object Repository/Add Receipt/Page_Payment Receipt/a_17' is clicked on

2019-06-19 10:15:30 - [MESSAGE][PASSED] - Object: 'Object Repository/Add Receipt/Page_Payment Receipt/a_17' is clicked on

2019-06-19 10:15:30 - [TEST_STEP][PASSED] - delay(5): Delayed 5 second(s)

2019-06-19 10:15:35 - [MESSAGE][PASSED] - Delayed 5 second(s)

2019-06-19 10:15:35 - [TEST_STEP][FAILED] - click(findTestObject("Add Receipt/Page_Payment Receipt/button_Now")): click(findTestObject("Add Receipt/Page_Payment Receipt/button_Now")) FAILED.
Reason:
com.kms.katalon.core.exception.StepFailedException: Unable to click on object 'Object Repository/Add Receipt/Page_Payment Receipt/button_Now'
	at com.kms.katalon.core.webui.keyword.internal.WebUIKeywordMain.stepFailed(WebUIKeywordMain.groovy:64)
	at com.kms.katalon.core.webui.keyword.internal.WebUIKeywordMain.runKeyword(WebUIKeywordMain.groovy:26)
	at com.kms.katalon.core.webui.keyword.builtin.ClickKeyword.click(ClickKeyword.groovy:86)
	at com.kms.katalon.core.webui.keyword.builtin.ClickKeyword.execute(ClickKeyword.groovy:67)
	at com.kms.katalon.core.keyword.internal.KeywordExecutor.executeKeywordForPlatform(KeywordExecutor.groovy:56)
	at com.kms.katalon.core.webui.keyword.WebUiBuiltInKeywords.click(WebUiBuiltInKeywords.groovy:616)
	at com.kms.katalon.core.webui.keyword.WebUiBuiltInKeywords$click$3.call(Unknown Source)
	at Add Receipt PayNow.run(Add Receipt PayNow:44)
	at com.kms.katalon.core.main.ScriptEngine.run(ScriptEngine.java:194)
	at com.kms.katalon.core.main.ScriptEngine.runScriptAsRawText(ScriptEngine.java:119)
	at com.kms.katalon.core.main.TestCaseExecutor.runScript(TestCaseExecutor.java:331)
	at com.kms.katalon.core.main.TestCaseExecutor.doExecute(TestCaseExecutor.java:322)
	at com.kms.katalon.core.main.TestCaseExecutor.processExecutionPhase(TestCaseExecutor.java:301)
	at com.kms.katalon.core.main.TestCaseExecutor.accessMainPhase(TestCaseExecutor.java:293)
	at com.kms.katalon.core.main.TestCaseExecutor.execute(TestCaseExecutor.java:227)
	at com.kms.katalon.core.main.TestSuiteExecutor.accessTestCaseMainPhase(TestSuiteExecutor.java:129)
	at com.kms.katalon.core.main.TestSuiteExecutor.accessTestSuiteMainPhase(TestSuiteExecutor.java:112)
	at com.kms.katalon.core.main.TestSuiteExecutor.execute(TestSuiteExecutor.java:81)
	at com.kms.katalon.core.main.TestCaseMain.startTestSuite(TestCaseMain.java:157)
	at com.kms.katalon.core.main.TestCaseMain$startTestSuite$0.call(Unknown Source)
	at TempTestSuite1560919141787.run(TempTestSuite1560919141787.groovy:35)
Caused by: org.openqa.selenium.ElementNotVisibleException: element not interactable
  (Session info: chrome=74.0.3729.169)
  (Driver info: chromedriver=2.43.600210 (68dcf5eebde37173d4027fa8635e332711d2874a),platform=Windows NT 10.0.17763 x86_64) (WARNING: The server did not provide any stacktrace information)
Command duration or timeout: 0 milliseconds
Build info: version: '3.7.1', revision: '8a0099a', time: '2017-11-06T21:07:36.161Z'
System info: host: 'WD01-QAHIMANGI', ip: '192.168.5.123', os.name: 'Windows 10', os.arch: 'amd64', os.version: '10.0', java.version: '1.8.0_181'
Driver info: com.kms.katalon.selenium.driver.CChromeDriver
Capabilities {acceptInsecureCerts: false, acceptSslCerts: false, applicationCacheEnabled: false, browserConnectionEnabled: false, browserName: chrome, chrome: {chromedriverVersion: 2.43.600210 (68dcf5eebde371..., userDataDir: C:\Users\Himangi\AppData\Lo...}, cssSelectorsEnabled: true, databaseEnabled: false, goog:chromeOptions: {debuggerAddress: localhost:63686}, handlesAlerts: true, hasTouchScreen: false, javascriptEnabled: true, locationContextEnabled: true, mobileEmulationEnabled: false, nativeEvents: true, networkConnectionEnabled: false, pageLoadStrategy: normal, platform: XP, platformName: XP, rotatable: false, setWindowRect: true, takesHeapSnapshot: true, takesScreenshot: true, unexpectedAlertBehaviour: , unhandledPromptBehavior: , version: 74.0.3729.169, webStorageEnabled: true}
Session ID: 1bdf62e90578eecdd96909eb11011ad4
	at org.openqa.selenium.remote.ErrorHandler.createThrowable(ErrorHandler.java:214)
	at org.openqa.selenium.remote.ErrorHandler.throwIfResponseFailed(ErrorHandler.java:166)
	at org.openqa.selenium.remote.http.JsonHttpResponseCodec.reconstructValue(JsonHttpResponseCodec.java:40)
	at org.openqa.selenium.remote.http.AbstractHttpResponseCodec.decode(AbstractHttpResponseCodec.java:80)
	at org.openqa.selenium.remote.http.AbstractHttpResponseCodec.decode(AbstractHttpResponseCodec.java:44)
	at org.openqa.selenium.remote.HttpCommandExecutor.execute(HttpCommandExecutor.java:164)
	at org.openqa.selenium.remote.service.DriverCommandExecutor.execute(DriverCommandExecutor.java:83)
	at org.openqa.selenium.remote.RemoteWebDriver.execute(RemoteWebDriver.java:600)
	at com.kms.katalon.selenium.driver.CChromeDriver.execute(CChromeDriver.java:20)
	at org.openqa.selenium.remote.RemoteWebElement.execute(RemoteWebElement.java:279)
	at org.openqa.selenium.remote.RemoteWebElement.click(RemoteWebElement.java:83)
	at com.kms.katalon.core.webui.keyword.builtin.ClickKeyword$_click_closure1.doCall(ClickKeyword.groovy:79)
	at com.kms.katalon.core.webui.keyword.builtin.ClickKeyword$_click_closure1.call(ClickKeyword.groovy)
	at com.kms.katalon.core.webui.keyword.internal.WebUIKeywordMain.runKeyword(WebUIKeywordMain.groovy:20)
	at com.kms.katalon.core.webui.keyword.builtin.ClickKeyword.click(ClickKeyword.groovy:86)
	at com.kms.katalon.core.webui.keyword.builtin.ClickKeyword.execute(ClickKeyword.groovy:67)
	at com.kms.katalon.core.keyword.internal.KeywordExecutor.executeKeywordForPlatform(KeywordExecutor.groovy:56)
	at com.kms.katalon.core.webui.keyword.WebUiBuiltInKeywords.click(WebUiBuiltInKeywords.groovy:616)
	at com.kms.katalon.core.webui.keyword.WebUiBuiltInKeywords$click$3.call(Unknown Source)
	at Script1560853047017.run(Script1560853047017.groovy:44)
	... 13 more


2019-06-19 10:15:36 - [MESSAGE][FAILED] - Unable to click on object 'Object Repository/Add Receipt/Page_Payment Receipt/button_Now' (Root cause: com.kms.katalon.core.exception.StepFailedException: Unable to click on object 'Object Repository/Add Receipt/Page_Payment Receipt/button_Now'
	at com.kms.katalon.core.webui.keyword.internal.WebUIKeywordMain.stepFailed(WebUIKeywordMain.groovy:64)
	at com.kms.katalon.core.webui.keyword.internal.WebUIKeywordMain.runKeyword(WebUIKeywordMain.groovy:26)
	at com.kms.katalon.core.webui.keyword.builtin.ClickKeyword.click(ClickKeyword.groovy:86)
	at com.kms.katalon.core.webui.keyword.builtin.ClickKeyword.execute(ClickKeyword.groovy:67)
	at com.kms.katalon.core.keyword.internal.KeywordExecutor.executeKeywordForPlatform(KeywordExecutor.groovy:56)
	at com.kms.katalon.core.webui.keyword.WebUiBuiltInKeywords.click(WebUiBuiltInKeywords.groovy:616)
	at com.kms.katalon.core.webui.keyword.WebUiBuiltInKeywords$click$3.call(Unknown Source)
	at Add Receipt PayNow.run(Add Receipt PayNow:44)
	at com.kms.katalon.core.main.ScriptEngine.run(ScriptEngine.java:194)
	at com.kms.katalon.core.main.ScriptEngine.runScriptAsRawText(ScriptEngine.java:119)
	at com.kms.katalon.core.main.TestCaseExecutor.runScript(TestCaseExecutor.java:331)
	at com.kms.katalon.core.main.TestCaseExecutor.doExecute(TestCaseExecutor.java:322)
	at com.kms.katalon.core.main.TestCaseExecutor.processExecutionPhase(TestCaseExecutor.java:301)
	at com.kms.katalon.core.main.TestCaseExecutor.accessMainPhase(TestCaseExecutor.java:293)
	at com.kms.katalon.core.main.TestCaseExecutor.execute(TestCaseExecutor.java:227)
	at com.kms.katalon.core.main.TestSuiteExecutor.accessTestCaseMainPhase(TestSuiteExecutor.java:129)
	at com.kms.katalon.core.main.TestSuiteExecutor.accessTestSuiteMainPhase(TestSuiteExecutor.java:112)
	at com.kms.katalon.core.main.TestSuiteExecutor.execute(TestSuiteExecutor.java:81)
	at com.kms.katalon.core.main.TestCaseMain.startTestSuite(TestCaseMain.java:157)
	at com.kms.katalon.core.main.TestCaseMain$startTestSuite$0.call(Unknown Source)
	at TempTestSuite1560919141787.run(TempTestSuite1560919141787.groovy:35)
Caused by: org.openqa.selenium.ElementNotVisibleException: element not interactable
  (Session info: chrome=74.0.3729.169)
  (Driver info: chromedriver=2.43.600210 (68dcf5eebde37173d4027fa8635e332711d2874a),platform=Windows NT 10.0.17763 x86_64) (WARNING: The server did not provide any stacktrace information)
Command duration or timeout: 0 milliseconds
Build info: version: '3.7.1', revision: '8a0099a', time: '2017-11-06T21:07:36.161Z'
System info: host: 'WD01-QAHIMANGI', ip: '192.168.5.123', os.name: 'Windows 10', os.arch: 'amd64', os.version: '10.0', java.version: '1.8.0_181'
Driver info: com.kms.katalon.selenium.driver.CChromeDriver
Capabilities {acceptInsecureCerts: false, acceptSslCerts: false, applicationCacheEnabled: false, browserConnectionEnabled: false, browserName: chrome, chrome: {chromedriverVersion: 2.43.600210 (68dcf5eebde371..., userDataDir: C:\Users\Himangi\AppData\Lo...}, cssSelectorsEnabled: true, databaseEnabled: false, goog:chromeOptions: {debuggerAddress: localhost:63686}, handlesAlerts: true, hasTouchScreen: false, javascriptEnabled: true, locationContextEnabled: true, mobileEmulationEnabled: false, nativeEvents: true, networkConnectionEnabled: false, pageLoadStrategy: normal, platform: XP, platformName: XP, rotatable: false, setWindowRect: true, takesHeapSnapshot: true, takesScreenshot: true, unexpectedAlertBehaviour: , unhandledPromptBehavior: , version: 74.0.3729.169, webStorageEnabled: true}
Session ID: 1bdf62e90578eecdd96909eb11011ad4
	at org.openqa.selenium.remote.ErrorHandler.createThrowable(ErrorHandler.java:214)
	at org.openqa.selenium.remote.ErrorHandler.throwIfResponseFailed(ErrorHandler.java:166)
	at org.openqa.selenium.remote.http.JsonHttpResponseCodec.reconstructValue(JsonHttpResponseCodec.java:40)
	at org.openqa.selenium.remote.http.AbstractHttpResponseCodec.decode(AbstractHttpResponseCodec.java:80)
	at org.openqa.selenium.remote.http.AbstractHttpResponseCodec.decode(AbstractHttpResponseCodec.java:44)
	at org.openqa.selenium.remote.HttpCommandExecutor.execute(HttpCommandExecutor.java:164)
	at org.openqa.selenium.remote.service.DriverCommandExecutor.execute(DriverCommandExecutor.java:83)
	at org.openqa.selenium.remote.RemoteWebDriver.execute(RemoteWebDriver.java:600)
	at com.kms.katalon.selenium.driver.CChromeDriver.execute(CChromeDriver.java:20)
	at org.openqa.selenium.remote.RemoteWebElement.execute(RemoteWebElement.java:279)
	at org.openqa.selenium.remote.RemoteWebElement.click(RemoteWebElement.java:83)
	at com.kms.katalon.core.webui.keyword.builtin.ClickKeyword$_click_closure1.doCall(ClickKeyword.groovy:79)
	at com.kms.katalon.core.webui.keyword.builtin.ClickKeyword$_click_closure1.call(ClickKeyword.groovy)
	at com.kms.katalon.core.webui.keyword.internal.WebUIKeywordMain.runKeyword(WebUIKeywordMain.groovy:20)
	at com.kms.katalon.core.webui.keyword.builtin.ClickKeyword.click(ClickKeyword.groovy:86)
	at com.kms.katalon.core.webui.keyword.builtin.ClickKeyword.execute(ClickKeyword.groovy:67)
	at com.kms.katalon.core.keyword.internal.KeywordExecutor.executeKeywordForPlatform(KeywordExecutor.groovy:56)
	at com.kms.katalon.core.webui.keyword.WebUiBuiltInKeywords.click(WebUiBuiltInKeywords.groovy:616)
	at com.kms.katalon.core.webui.keyword.WebUiBuiltInKeywords$click$3.call(Unknown Source)
	at Script1560853047017.run(Script1560853047017.groovy:44)
	... 13 more
)
[[ATTACHMENT|C:\\Users\\Himangi\\git\\thethreadtheory\\Reports\\Multiple Address Checkout\\20190619_100901\\1560919535816.png]]

2019-06-19 10:15:36 - [MESSAGE][FAILED] - click(findTestObject("Add Receipt/Page_Payment Receipt/button_Now")) FAILED.
Reason:
com.kms.katalon.core.exception.StepFailedException: Unable to click on object 'Object Repository/Add Receipt/Page_Payment Receipt/button_Now'
	at com.kms.katalon.core.webui.keyword.internal.WebUIKeywordMain.stepFailed(WebUIKeywordMain.groovy:64)
	at com.kms.katalon.core.webui.keyword.internal.WebUIKeywordMain.runKeyword(WebUIKeywordMain.groovy:26)
	at com.kms.katalon.core.webui.keyword.builtin.ClickKeyword.click(ClickKeyword.groovy:86)
	at com.kms.katalon.core.webui.keyword.builtin.ClickKeyword.execute(ClickKeyword.groovy:67)
	at com.kms.katalon.core.keyword.internal.KeywordExecutor.executeKeywordForPlatform(KeywordExecutor.groovy:56)
	at com.kms.katalon.core.webui.keyword.WebUiBuiltInKeywords.click(WebUiBuiltInKeywords.groovy:616)
	at com.kms.katalon.core.webui.keyword.WebUiBuiltInKeywords$click$3.call(Unknown Source)
	at Add Receipt PayNow.run(Add Receipt PayNow:44)
	at com.kms.katalon.core.main.ScriptEngine.run(ScriptEngine.java:194)
	at com.kms.katalon.core.main.ScriptEngine.runScriptAsRawText(ScriptEngine.java:119)
	at com.kms.katalon.core.main.TestCaseExecutor.runScript(TestCaseExecutor.java:331)
	at com.kms.katalon.core.main.TestCaseExecutor.doExecute(TestCaseExecutor.java:322)
	at com.kms.katalon.core.main.TestCaseExecutor.processExecutionPhase(TestCaseExecutor.java:301)
	at com.kms.katalon.core.main.TestCaseExecutor.accessMainPhase(TestCaseExecutor.java:293)
	at com.kms.katalon.core.main.TestCaseExecutor.execute(TestCaseExecutor.java:227)
	at com.kms.katalon.core.main.TestSuiteExecutor.accessTestCaseMainPhase(TestSuiteExecutor.java:129)
	at com.kms.katalon.core.main.TestSuiteExecutor.accessTestSuiteMainPhase(TestSuiteExecutor.java:112)
	at com.kms.katalon.core.main.TestSuiteExecutor.execute(TestSuiteExecutor.java:81)
	at com.kms.katalon.core.main.TestCaseMain.startTestSuite(TestCaseMain.java:157)
	at com.kms.katalon.core.main.TestCaseMain$startTestSuite$0.call(Unknown Source)
	at TempTestSuite1560919141787.run(TempTestSuite1560919141787.groovy:35)
Caused by: org.openqa.selenium.ElementNotVisibleException: element not interactable
  (Session info: chrome=74.0.3729.169)
  (Driver info: chromedriver=2.43.600210 (68dcf5eebde37173d4027fa8635e332711d2874a),platform=Windows NT 10.0.17763 x86_64) (WARNING: The server did not provide any stacktrace information)
Command duration or timeout: 0 milliseconds
Build info: version: '3.7.1', revision: '8a0099a', time: '2017-11-06T21:07:36.161Z'
System info: host: 'WD01-QAHIMANGI', ip: '192.168.5.123', os.name: 'Windows 10', os.arch: 'amd64', os.version: '10.0', java.version: '1.8.0_181'
Driver info: com.kms.katalon.selenium.driver.CChromeDriver
Capabilities {acceptInsecureCerts: false, acceptSslCerts: false, applicationCacheEnabled: false, browserConnectionEnabled: false, browserName: chrome, chrome: {chromedriverVersion: 2.43.600210 (68dcf5eebde371..., userDataDir: C:\Users\Himangi\AppData\Lo...}, cssSelectorsEnabled: true, databaseEnabled: false, goog:chromeOptions: {debuggerAddress: localhost:63686}, handlesAlerts: true, hasTouchScreen: false, javascriptEnabled: true, locationContextEnabled: true, mobileEmulationEnabled: false, nativeEvents: true, networkConnectionEnabled: false, pageLoadStrategy: normal, platform: XP, platformName: XP, rotatable: false, setWindowRect: true, takesHeapSnapshot: true, takesScreenshot: true, unexpectedAlertBehaviour: , unhandledPromptBehavior: , version: 74.0.3729.169, webStorageEnabled: true}
Session ID: 1bdf62e90578eecdd96909eb11011ad4
	at org.openqa.selenium.remote.ErrorHandler.createThrowable(ErrorHandler.java:214)
	at org.openqa.selenium.remote.ErrorHandler.throwIfResponseFailed(ErrorHandler.java:166)
	at org.openqa.selenium.remote.http.JsonHttpResponseCodec.reconstructValue(JsonHttpResponseCodec.java:40)
	at org.openqa.selenium.remote.http.AbstractHttpResponseCodec.decode(AbstractHttpResponseCodec.java:80)
	at org.openqa.selenium.remote.http.AbstractHttpResponseCodec.decode(AbstractHttpResponseCodec.java:44)
	at org.openqa.selenium.remote.HttpCommandExecutor.execute(HttpCommandExecutor.java:164)
	at org.openqa.selenium.remote.service.DriverCommandExecutor.execute(DriverCommandExecutor.java:83)
	at org.openqa.selenium.remote.RemoteWebDriver.execute(RemoteWebDriver.java:600)
	at com.kms.katalon.selenium.driver.CChromeDriver.execute(CChromeDriver.java:20)
	at org.openqa.selenium.remote.RemoteWebElement.execute(RemoteWebElement.java:279)
	at org.openqa.selenium.remote.RemoteWebElement.click(RemoteWebElement.java:83)
	at com.kms.katalon.core.webui.keyword.builtin.ClickKeyword$_click_closure1.doCall(ClickKeyword.groovy:79)
	at com.kms.katalon.core.webui.keyword.builtin.ClickKeyword$_click_closure1.call(ClickKeyword.groovy)
	at com.kms.katalon.core.webui.keyword.internal.WebUIKeywordMain.runKeyword(WebUIKeywordMain.groovy:20)
	at com.kms.katalon.core.webui.keyword.builtin.ClickKeyword.click(ClickKeyword.groovy:86)
	at com.kms.katalon.core.webui.keyword.builtin.ClickKeyword.execute(ClickKeyword.groovy:67)
	at com.kms.katalon.core.keyword.internal.KeywordExecutor.executeKeywordForPlatform(KeywordExecutor.groovy:56)
	at com.kms.katalon.core.webui.keyword.WebUiBuiltInKeywords.click(WebUiBuiltInKeywords.groovy:616)
	at com.kms.katalon.core.webui.keyword.WebUiBuiltInKeywords$click$3.call(Unknown Source)
	at Script1560853047017.run(Script1560853047017.groovy:44)
	... 13 more]]></system-out>
         <system-err><![CDATA[2019-06-19 10:14:48 - [TEST_CASE][FAILED] - Test Cases/Add Receipt PayNow: Test Cases/Add Receipt PayNow FAILED.
Reason:
com.kms.katalon.core.exception.StepFailedException: Unable to click on object 'Object Repository/Add Receipt/Page_Payment Receipt/button_Now'
	at com.kms.katalon.core.webui.keyword.internal.WebUIKeywordMain.stepFailed(WebUIKeywordMain.groovy:64)
	at com.kms.katalon.core.webui.keyword.internal.WebUIKeywordMain.runKeyword(WebUIKeywordMain.groovy:26)
	at com.kms.katalon.core.webui.keyword.builtin.ClickKeyword.click(ClickKeyword.groovy:86)
	at com.kms.katalon.core.webui.keyword.builtin.ClickKeyword.execute(ClickKeyword.groovy:67)
	at com.kms.katalon.core.keyword.internal.KeywordExecutor.executeKeywordForPlatform(KeywordExecutor.groovy:56)
	at com.kms.katalon.core.webui.keyword.WebUiBuiltInKeywords.click(WebUiBuiltInKeywords.groovy:616)
	at com.kms.katalon.core.webui.keyword.WebUiBuiltInKeywords$click$3.call(Unknown Source)
	at Add Receipt PayNow.run(Add Receipt PayNow:44)
	at com.kms.katalon.core.main.ScriptEngine.run(ScriptEngine.java:194)
	at com.kms.katalon.core.main.ScriptEngine.runScriptAsRawText(ScriptEngine.java:119)
	at com.kms.katalon.core.main.TestCaseExecutor.runScript(TestCaseExecutor.java:331)
	at com.kms.katalon.core.main.TestCaseExecutor.doExecute(TestCaseExecutor.java:322)
	at com.kms.katalon.core.main.TestCaseExecutor.processExecutionPhase(TestCaseExecutor.java:301)
	at com.kms.katalon.core.main.TestCaseExecutor.accessMainPhase(TestCaseExecutor.java:293)
	at com.kms.katalon.core.main.TestCaseExecutor.execute(TestCaseExecutor.java:227)
	at com.kms.katalon.core.main.TestSuiteExecutor.accessTestCaseMainPhase(TestSuiteExecutor.java:129)
	at com.kms.katalon.core.main.TestSuiteExecutor.accessTestSuiteMainPhase(TestSuiteExecutor.java:112)
	at com.kms.katalon.core.main.TestSuiteExecutor.execute(TestSuiteExecutor.java:81)
	at com.kms.katalon.core.main.TestCaseMain.startTestSuite(TestCaseMain.java:157)
	at com.kms.katalon.core.main.TestCaseMain$startTestSuite$0.call(Unknown Source)
	at TempTestSuite1560919141787.run(TempTestSuite1560919141787.groovy:35)
Caused by: org.openqa.selenium.ElementNotVisibleException: element not interactable
  (Session info: chrome=74.0.3729.169)
  (Driver info: chromedriver=2.43.600210 (68dcf5eebde37173d4027fa8635e332711d2874a),platform=Windows NT 10.0.17763 x86_64) (WARNING: The server did not provide any stacktrace information)
Command duration or timeout: 0 milliseconds
Build info: version: '3.7.1', revision: '8a0099a', time: '2017-11-06T21:07:36.161Z'
System info: host: 'WD01-QAHIMANGI', ip: '192.168.5.123', os.name: 'Windows 10', os.arch: 'amd64', os.version: '10.0', java.version: '1.8.0_181'
Driver info: com.kms.katalon.selenium.driver.CChromeDriver
Capabilities {acceptInsecureCerts: false, acceptSslCerts: false, applicationCacheEnabled: false, browserConnectionEnabled: false, browserName: chrome, chrome: {chromedriverVersion: 2.43.600210 (68dcf5eebde371..., userDataDir: C:\Users\Himangi\AppData\Lo...}, cssSelectorsEnabled: true, databaseEnabled: false, goog:chromeOptions: {debuggerAddress: localhost:63686}, handlesAlerts: true, hasTouchScreen: false, javascriptEnabled: true, locationContextEnabled: true, mobileEmulationEnabled: false, nativeEvents: true, networkConnectionEnabled: false, pageLoadStrategy: normal, platform: XP, platformName: XP, rotatable: false, setWindowRect: true, takesHeapSnapshot: true, takesScreenshot: true, unexpectedAlertBehaviour: , unhandledPromptBehavior: , version: 74.0.3729.169, webStorageEnabled: true}
Session ID: 1bdf62e90578eecdd96909eb11011ad4
	at org.openqa.selenium.remote.ErrorHandler.createThrowable(ErrorHandler.java:214)
	at org.openqa.selenium.remote.ErrorHandler.throwIfResponseFailed(ErrorHandler.java:166)
	at org.openqa.selenium.remote.http.JsonHttpResponseCodec.reconstructValue(JsonHttpResponseCodec.java:40)
	at org.openqa.selenium.remote.http.AbstractHttpResponseCodec.decode(AbstractHttpResponseCodec.java:80)
	at org.openqa.selenium.remote.http.AbstractHttpResponseCodec.decode(AbstractHttpResponseCodec.java:44)
	at org.openqa.selenium.remote.HttpCommandExecutor.execute(HttpCommandExecutor.java:164)
	at org.openqa.selenium.remote.service.DriverCommandExecutor.execute(DriverCommandExecutor.java:83)
	at org.openqa.selenium.remote.RemoteWebDriver.execute(RemoteWebDriver.java:600)
	at com.kms.katalon.selenium.driver.CChromeDriver.execute(CChromeDriver.java:20)
	at org.openqa.selenium.remote.RemoteWebElement.execute(RemoteWebElement.java:279)
	at org.openqa.selenium.remote.RemoteWebElement.click(RemoteWebElement.java:83)
	at com.kms.katalon.core.webui.keyword.builtin.ClickKeyword$_click_closure1.doCall(ClickKeyword.groovy:79)
	at com.kms.katalon.core.webui.keyword.builtin.ClickKeyword$_click_closure1.call(ClickKeyword.groovy)
	at com.kms.katalon.core.webui.keyword.internal.WebUIKeywordMain.runKeyword(WebUIKeywordMain.groovy:20)
	at com.kms.katalon.core.webui.keyword.builtin.ClickKeyword.click(ClickKeyword.groovy:86)
	at com.kms.katalon.core.webui.keyword.builtin.ClickKeyword.execute(ClickKeyword.groovy:67)
	at com.kms.katalon.core.keyword.internal.KeywordExecutor.executeKeywordForPlatform(KeywordExecutor.groovy:56)
	at com.kms.katalon.core.webui.keyword.WebUiBuiltInKeywords.click(WebUiBuiltInKeywords.groovy:616)
	at com.kms.katalon.core.webui.keyword.WebUiBuiltInKeywords$click$3.call(Unknown Source)
	at Script1560853047017.run(Script1560853047017.groovy:44)
	... 13 more]]></system-err>
      </testcase>
      <system-out><![CDATA[2019-06-19 10:09:03 - [TEST_SUITE][FAILED] - Multiple Address Checkout: Test Cases/Multi Add To Cart FAILED.
Reason:
com.kms.katalon.core.exception.StepFailedException: Unable to select option by value '46' of object 'Object Repository/Page_Ship to Multiple Addresses - Magento Commerce/select_Miss Himangi Tankha Singapore Singapore  567890 SingaporeMiss Himangi Tankha Test Singapore  567890 Singapore'  using regular expression (Root cause: com.kms.katalon.core.exception.StepFailedException: Unable to select option by value '46' of object 'Object Repository/Page_Ship to Multiple Addresses - Magento Commerce/select_Miss Himangi Tankha Singapore Singapore  567890 SingaporeMiss Himangi Tankha Test Singapore  567890 Singapore'  using regular expression
	at com.kms.katalon.core.webui.keyword.internal.WebUIKeywordMain.stepFailed(WebUIKeywordMain.groovy:64)
	at com.kms.katalon.core.webui.keyword.internal.WebUIKeywordMain.runKeyword(WebUIKeywordMain.groovy:26)
	at com.kms.katalon.core.webui.keyword.builtin.SelectOptionByValueKeyword.selectOptionByValue(SelectOptionByValueKeyword.groovy:99)
	at com.kms.katalon.core.webui.keyword.builtin.SelectOptionByValueKeyword.execute(SelectOptionByValueKeyword.groovy:71)
	at com.kms.katalon.core.keyword.internal.KeywordExecutor.executeKeywordForPlatform(KeywordExecutor.groovy:56)
	at com.kms.katalon.core.webui.keyword.WebUiBuiltInKeywords.selectOptionByValue(WebUiBuiltInKeywords.groovy:1121)
	at com.kms.katalon.core.webui.keyword.WebUiBuiltInKeywords$selectOptionByValue$9.call(Unknown Source)
	at Multi Add To Cart.run(Multi Add To Cart:78)
	at com.kms.katalon.core.main.ScriptEngine.run(ScriptEngine.java:194)
	at com.kms.katalon.core.main.ScriptEngine.runScriptAsRawText(ScriptEngine.java:119)
	at com.kms.katalon.core.main.TestCaseExecutor.runScript(TestCaseExecutor.java:331)
	at com.kms.katalon.core.main.TestCaseExecutor.doExecute(TestCaseExecutor.java:322)
	at com.kms.katalon.core.main.TestCaseExecutor.processExecutionPhase(TestCaseExecutor.java:301)
	at com.kms.katalon.core.main.TestCaseExecutor.accessMainPhase(TestCaseExecutor.java:293)
	at com.kms.katalon.core.main.TestCaseExecutor.execute(TestCaseExecutor.java:227)
	at com.kms.katalon.core.main.TestSuiteExecutor.accessTestCaseMainPhase(TestSuiteExecutor.java:129)
	at com.kms.katalon.core.main.TestSuiteExecutor.accessTestSuiteMainPhase(TestSuiteExecutor.java:112)
	at com.kms.katalon.core.main.TestSuiteExecutor.execute(TestSuiteExecutor.java:81)
	at com.kms.katalon.core.main.TestCaseMain.startTestSuite(TestCaseMain.java:157)
	at com.kms.katalon.core.main.TestCaseMain$startTestSuite$0.call(Unknown Source)
	at TempTestSuite1560919141787.run(TempTestSuite1560919141787.groovy:35)
Caused by: com.kms.katalon.core.webui.exception.WebElementNotFoundException: Web element with id: 'Object Repository/Page_Ship to Multiple Addresses - Magento Commerce/select_Miss Himangi Tankha Singapore Singapore  567890 SingaporeMiss Himangi Tankha Test Singapore  567890 Singapore' located by 'By.xpath: //select[@id='ship_1_772_address']' not found
	at com.kms.katalon.core.webui.common.WebUiCommonHelper.findWebElement(WebUiCommonHelper.java:1053)
	at com.kms.katalon.core.webui.keyword.internal.WebUIAbstractKeyword.findWebElement(WebUIAbstractKeyword.groovy:27)
	at com.kms.katalon.core.webui.keyword.internal.WebUIAbstractKeyword.findWebElement(WebUIAbstractKeyword.groovy:26)
	at com.kms.katalon.core.webui.keyword.builtin.SelectOptionByValueKeyword$_selectOptionByValue_closure1.doCall(SelectOptionByValueKeyword.groovy:86)
	at com.kms.katalon.core.webui.keyword.builtin.SelectOptionByValueKeyword$_selectOptionByValue_closure1.call(SelectOptionByValueKeyword.groovy)
	at com.kms.katalon.core.webui.keyword.internal.WebUIKeywordMain.runKeyword(WebUIKeywordMain.groovy:20)
	at com.kms.katalon.core.webui.keyword.builtin.SelectOptionByValueKeyword.selectOptionByValue(SelectOptionByValueKeyword.groovy:99)
	at com.kms.katalon.core.webui.keyword.builtin.SelectOptionByValueKeyword.execute(SelectOptionByValueKeyword.groovy:71)
	at com.kms.katalon.core.keyword.internal.KeywordExecutor.executeKeywordForPlatform(KeywordExecutor.groovy:56)
	at com.kms.katalon.core.webui.keyword.WebUiBuiltInKeywords.selectOptionByValue(WebUiBuiltInKeywords.groovy:1121)
	at com.kms.katalon.core.webui.keyword.WebUiBuiltInKeywords$selectOptionByValue$9.call(Unknown Source)
	at Script1560161272678.run(Script1560161272678.groovy:78)
	... 13 more
)
	at com.kms.katalon.core.keyword.internal.KeywordMain.stepFailed(KeywordMain.groovy:37)
	at com.kms.katalon.core.webui.keyword.internal.WebUIKeywordMain.stepFailed(WebUIKeywordMain.groovy:64)
	at com.kms.katalon.core.webui.keyword.internal.WebUIKeywordMain.runKeyword(WebUIKeywordMain.groovy:26)
	at com.kms.katalon.core.webui.keyword.builtin.SelectOptionByValueKeyword.selectOptionByValue(SelectOptionByValueKeyword.groovy:99)
	at com.kms.katalon.core.webui.keyword.builtin.SelectOptionByValueKeyword.execute(SelectOptionByValueKeyword.groovy:71)
	at com.kms.katalon.core.keyword.internal.KeywordExecutor.executeKeywordForPlatform(KeywordExecutor.groovy:56)
	at com.kms.katalon.core.webui.keyword.WebUiBuiltInKeywords.selectOptionByValue(WebUiBuiltInKeywords.groovy:1121)
	at com.kms.katalon.core.webui.keyword.WebUiBuiltInKeywords$selectOptionByValue$9.call(Unknown Source)
	at Multi Add To Cart.run(Multi Add To Cart:78)
	at com.kms.katalon.core.main.ScriptEngine.run(ScriptEngine.java:194)
	at com.kms.katalon.core.main.ScriptEngine.runScriptAsRawText(ScriptEngine.java:119)
	at com.kms.katalon.core.main.TestCaseExecutor.runScript(TestCaseExecutor.java:331)
	at com.kms.katalon.core.main.TestCaseExecutor.doExecute(TestCaseExecutor.java:322)
	at com.kms.katalon.core.main.TestCaseExecutor.processExecutionPhase(TestCaseExecutor.java:301)
	at com.kms.katalon.core.main.TestCaseExecutor.accessMainPhase(TestCaseExecutor.java:293)
	at com.kms.katalon.core.main.TestCaseExecutor.execute(TestCaseExecutor.java:227)
	at com.kms.katalon.core.main.TestSuiteExecutor.accessTestCaseMainPhase(TestSuiteExecutor.java:129)
	at com.kms.katalon.core.main.TestSuiteExecutor.accessTestSuiteMainPhase(TestSuiteExecutor.java:112)
	at com.kms.katalon.core.main.TestSuiteExecutor.execute(TestSuiteExecutor.java:81)
	at com.kms.katalon.core.main.TestCaseMain.startTestSuite(TestCaseMain.java:157)
	at com.kms.katalon.core.main.TestCaseMain$startTestSuite$0.call(Unknown Source)
	at TempTestSuite1560919141787.run(TempTestSuite1560919141787.groovy:35)
Caused by: com.kms.katalon.core.exception.StepFailedException: Unable to select option by value '46' of object 'Object Repository/Page_Ship to Multiple Addresses - Magento Commerce/select_Miss Himangi Tankha Singapore Singapore  567890 SingaporeMiss Himangi Tankha Test Singapore  567890 Singapore'  using regular expression
	... 21 more
Caused by: com.kms.katalon.core.webui.exception.WebElementNotFoundException: Web element with id: 'Object Repository/Page_Ship to Multiple Addresses - Magento Commerce/select_Miss Himangi Tankha Singapore Singapore  567890 SingaporeMiss Himangi Tankha Test Singapore  567890 Singapore' located by 'By.xpath: //select[@id='ship_1_772_address']' not found
	at com.kms.katalon.core.webui.common.WebUiCommonHelper.findWebElement(WebUiCommonHelper.java:1053)
	at com.kms.katalon.core.webui.keyword.internal.WebUIAbstractKeyword.findWebElement(WebUIAbstractKeyword.groovy:27)
	at com.kms.katalon.core.webui.keyword.internal.WebUIAbstractKeyword.findWebElement(WebUIAbstractKeyword.groovy:26)
	at com.kms.katalon.core.webui.keyword.builtin.SelectOptionByValueKeyword$_selectOptionByValue_closure1.doCall(SelectOptionByValueKeyword.groovy:86)
	at com.kms.katalon.core.webui.keyword.builtin.SelectOptionByValueKeyword$_selectOptionByValue_closure1.call(SelectOptionByValueKeyword.groovy)
	at com.kms.katalon.core.webui.keyword.internal.WebUIKeywordMain.runKeyword(WebUIKeywordMain.groovy:20)
	at com.kms.katalon.core.webui.keyword.builtin.SelectOptionByValueKeyword.selectOptionByValue(SelectOptionByValueKeyword.groovy:99)
	at com.kms.katalon.core.webui.keyword.builtin.SelectOptionByValueKeyword.execute(SelectOptionByValueKeyword.groovy:71)
	at com.kms.katalon.core.keyword.internal.KeywordExecutor.executeKeywordForPlatform(KeywordExecutor.groovy:56)
	at com.kms.katalon.core.webui.keyword.WebUiBuiltInKeywords.selectOptionByValue(WebUiBuiltInKeywords.groovy:1121)
	at com.kms.katalon.core.webui.keyword.WebUiBuiltInKeywords$selectOptionByValue$9.call(Unknown Source)
	at Script1560161272678.run(Script1560161272678.groovy:78)
	... 13 more]]></system-out>
      <system-err><![CDATA[2019-06-19 10:09:03 - [TEST_SUITE][FAILED] - Multiple Address Checkout: Test Cases/Multi Add To Cart FAILED.
Reason:
com.kms.katalon.core.exception.StepFailedException: Unable to select option by value '46' of object 'Object Repository/Page_Ship to Multiple Addresses - Magento Commerce/select_Miss Himangi Tankha Singapore Singapore  567890 SingaporeMiss Himangi Tankha Test Singapore  567890 Singapore'  using regular expression (Root cause: com.kms.katalon.core.exception.StepFailedException: Unable to select option by value '46' of object 'Object Repository/Page_Ship to Multiple Addresses - Magento Commerce/select_Miss Himangi Tankha Singapore Singapore  567890 SingaporeMiss Himangi Tankha Test Singapore  567890 Singapore'  using regular expression
	at com.kms.katalon.core.webui.keyword.internal.WebUIKeywordMain.stepFailed(WebUIKeywordMain.groovy:64)
	at com.kms.katalon.core.webui.keyword.internal.WebUIKeywordMain.runKeyword(WebUIKeywordMain.groovy:26)
	at com.kms.katalon.core.webui.keyword.builtin.SelectOptionByValueKeyword.selectOptionByValue(SelectOptionByValueKeyword.groovy:99)
	at com.kms.katalon.core.webui.keyword.builtin.SelectOptionByValueKeyword.execute(SelectOptionByValueKeyword.groovy:71)
	at com.kms.katalon.core.keyword.internal.KeywordExecutor.executeKeywordForPlatform(KeywordExecutor.groovy:56)
	at com.kms.katalon.core.webui.keyword.WebUiBuiltInKeywords.selectOptionByValue(WebUiBuiltInKeywords.groovy:1121)
	at com.kms.katalon.core.webui.keyword.WebUiBuiltInKeywords$selectOptionByValue$9.call(Unknown Source)
	at Multi Add To Cart.run(Multi Add To Cart:78)
	at com.kms.katalon.core.main.ScriptEngine.run(ScriptEngine.java:194)
	at com.kms.katalon.core.main.ScriptEngine.runScriptAsRawText(ScriptEngine.java:119)
	at com.kms.katalon.core.main.TestCaseExecutor.runScript(TestCaseExecutor.java:331)
	at com.kms.katalon.core.main.TestCaseExecutor.doExecute(TestCaseExecutor.java:322)
	at com.kms.katalon.core.main.TestCaseExecutor.processExecutionPhase(TestCaseExecutor.java:301)
	at com.kms.katalon.core.main.TestCaseExecutor.accessMainPhase(TestCaseExecutor.java:293)
	at com.kms.katalon.core.main.TestCaseExecutor.execute(TestCaseExecutor.java:227)
	at com.kms.katalon.core.main.TestSuiteExecutor.accessTestCaseMainPhase(TestSuiteExecutor.java:129)
	at com.kms.katalon.core.main.TestSuiteExecutor.accessTestSuiteMainPhase(TestSuiteExecutor.java:112)
	at com.kms.katalon.core.main.TestSuiteExecutor.execute(TestSuiteExecutor.java:81)
	at com.kms.katalon.core.main.TestCaseMain.startTestSuite(TestCaseMain.java:157)
	at com.kms.katalon.core.main.TestCaseMain$startTestSuite$0.call(Unknown Source)
	at TempTestSuite1560919141787.run(TempTestSuite1560919141787.groovy:35)
Caused by: com.kms.katalon.core.webui.exception.WebElementNotFoundException: Web element with id: 'Object Repository/Page_Ship to Multiple Addresses - Magento Commerce/select_Miss Himangi Tankha Singapore Singapore  567890 SingaporeMiss Himangi Tankha Test Singapore  567890 Singapore' located by 'By.xpath: //select[@id='ship_1_772_address']' not found
	at com.kms.katalon.core.webui.common.WebUiCommonHelper.findWebElement(WebUiCommonHelper.java:1053)
	at com.kms.katalon.core.webui.keyword.internal.WebUIAbstractKeyword.findWebElement(WebUIAbstractKeyword.groovy:27)
	at com.kms.katalon.core.webui.keyword.internal.WebUIAbstractKeyword.findWebElement(WebUIAbstractKeyword.groovy:26)
	at com.kms.katalon.core.webui.keyword.builtin.SelectOptionByValueKeyword$_selectOptionByValue_closure1.doCall(SelectOptionByValueKeyword.groovy:86)
	at com.kms.katalon.core.webui.keyword.builtin.SelectOptionByValueKeyword$_selectOptionByValue_closure1.call(SelectOptionByValueKeyword.groovy)
	at com.kms.katalon.core.webui.keyword.internal.WebUIKeywordMain.runKeyword(WebUIKeywordMain.groovy:20)
	at com.kms.katalon.core.webui.keyword.builtin.SelectOptionByValueKeyword.selectOptionByValue(SelectOptionByValueKeyword.groovy:99)
	at com.kms.katalon.core.webui.keyword.builtin.SelectOptionByValueKeyword.execute(SelectOptionByValueKeyword.groovy:71)
	at com.kms.katalon.core.keyword.internal.KeywordExecutor.executeKeywordForPlatform(KeywordExecutor.groovy:56)
	at com.kms.katalon.core.webui.keyword.WebUiBuiltInKeywords.selectOptionByValue(WebUiBuiltInKeywords.groovy:1121)
	at com.kms.katalon.core.webui.keyword.WebUiBuiltInKeywords$selectOptionByValue$9.call(Unknown Source)
	at Script1560161272678.run(Script1560161272678.groovy:78)
	... 13 more
)
	at com.kms.katalon.core.keyword.internal.KeywordMain.stepFailed(KeywordMain.groovy:37)
	at com.kms.katalon.core.webui.keyword.internal.WebUIKeywordMain.stepFailed(WebUIKeywordMain.groovy:64)
	at com.kms.katalon.core.webui.keyword.internal.WebUIKeywordMain.runKeyword(WebUIKeywordMain.groovy:26)
	at com.kms.katalon.core.webui.keyword.builtin.SelectOptionByValueKeyword.selectOptionByValue(SelectOptionByValueKeyword.groovy:99)
	at com.kms.katalon.core.webui.keyword.builtin.SelectOptionByValueKeyword.execute(SelectOptionByValueKeyword.groovy:71)
	at com.kms.katalon.core.keyword.internal.KeywordExecutor.executeKeywordForPlatform(KeywordExecutor.groovy:56)
	at com.kms.katalon.core.webui.keyword.WebUiBuiltInKeywords.selectOptionByValue(WebUiBuiltInKeywords.groovy:1121)
	at com.kms.katalon.core.webui.keyword.WebUiBuiltInKeywords$selectOptionByValue$9.call(Unknown Source)
	at Multi Add To Cart.run(Multi Add To Cart:78)
	at com.kms.katalon.core.main.ScriptEngine.run(ScriptEngine.java:194)
	at com.kms.katalon.core.main.ScriptEngine.runScriptAsRawText(ScriptEngine.java:119)
	at com.kms.katalon.core.main.TestCaseExecutor.runScript(TestCaseExecutor.java:331)
	at com.kms.katalon.core.main.TestCaseExecutor.doExecute(TestCaseExecutor.java:322)
	at com.kms.katalon.core.main.TestCaseExecutor.processExecutionPhase(TestCaseExecutor.java:301)
	at com.kms.katalon.core.main.TestCaseExecutor.accessMainPhase(TestCaseExecutor.java:293)
	at com.kms.katalon.core.main.TestCaseExecutor.execute(TestCaseExecutor.java:227)
	at com.kms.katalon.core.main.TestSuiteExecutor.accessTestCaseMainPhase(TestSuiteExecutor.java:129)
	at com.kms.katalon.core.main.TestSuiteExecutor.accessTestSuiteMainPhase(TestSuiteExecutor.java:112)
	at com.kms.katalon.core.main.TestSuiteExecutor.execute(TestSuiteExecutor.java:81)
	at com.kms.katalon.core.main.TestCaseMain.startTestSuite(TestCaseMain.java:157)
	at com.kms.katalon.core.main.TestCaseMain$startTestSuite$0.call(Unknown Source)
	at TempTestSuite1560919141787.run(TempTestSuite1560919141787.groovy:35)
Caused by: com.kms.katalon.core.exception.StepFailedException: Unable to select option by value '46' of object 'Object Repository/Page_Ship to Multiple Addresses - Magento Commerce/select_Miss Himangi Tankha Singapore Singapore  567890 SingaporeMiss Himangi Tankha Test Singapore  567890 Singapore'  using regular expression
	... 21 more
Caused by: com.kms.katalon.core.webui.exception.WebElementNotFoundException: Web element with id: 'Object Repository/Page_Ship to Multiple Addresses - Magento Commerce/select_Miss Himangi Tankha Singapore Singapore  567890 SingaporeMiss Himangi Tankha Test Singapore  567890 Singapore' located by 'By.xpath: //select[@id='ship_1_772_address']' not found
	at com.kms.katalon.core.webui.common.WebUiCommonHelper.findWebElement(WebUiCommonHelper.java:1053)
	at com.kms.katalon.core.webui.keyword.internal.WebUIAbstractKeyword.findWebElement(WebUIAbstractKeyword.groovy:27)
	at com.kms.katalon.core.webui.keyword.internal.WebUIAbstractKeyword.findWebElement(WebUIAbstractKeyword.groovy:26)
	at com.kms.katalon.core.webui.keyword.builtin.SelectOptionByValueKeyword$_selectOptionByValue_closure1.doCall(SelectOptionByValueKeyword.groovy:86)
	at com.kms.katalon.core.webui.keyword.builtin.SelectOptionByValueKeyword$_selectOptionByValue_closure1.call(SelectOptionByValueKeyword.groovy)
	at com.kms.katalon.core.webui.keyword.internal.WebUIKeywordMain.runKeyword(WebUIKeywordMain.groovy:20)
	at com.kms.katalon.core.webui.keyword.builtin.SelectOptionByValueKeyword.selectOptionByValue(SelectOptionByValueKeyword.groovy:99)
	at com.kms.katalon.core.webui.keyword.builtin.SelectOptionByValueKeyword.execute(SelectOptionByValueKeyword.groovy:71)
	at com.kms.katalon.core.keyword.internal.KeywordExecutor.executeKeywordForPlatform(KeywordExecutor.groovy:56)
	at com.kms.katalon.core.webui.keyword.WebUiBuiltInKeywords.selectOptionByValue(WebUiBuiltInKeywords.groovy:1121)
	at com.kms.katalon.core.webui.keyword.WebUiBuiltInKeywords$selectOptionByValue$9.call(Unknown Source)
	at Script1560161272678.run(Script1560161272678.groovy:78)
	... 13 more]]></system-err>
   </testsuite>
</testsuites>
